åber åber this straße åber åber this strasse åber this	1
åber this this åber åber åber this åber this this	1
åber this this åber åber this this åber this this	1
åber this this åber this this finland åber this this	1
åber this this strasse åber åber this åber åber this	1
case counter deal is then the with the n-gram will	7
counter it is the will deal an n-gram with this	6
deal is example counter with it of will this an	6
finland finland finland finland finland finland straße finland finland finland	1
finland finland finland test finland finland finland finland finland finland	1
finland finland finland test finland finland finland test finland finland	1
finland finland straße finland finland finland straße finland finland finland	1
finland finland straße finland finland finland straße finland finland straße	1
finland straße strasse finland straße straße åber finland straße straße	1
finland straße straße finland finland finland straße finland finland straße	1
finland straße straße finland finland finland straße finland straße straße	1
finland straße straße finland finland straße strasse finland straße straße	1
finland thisissimplyalongword thisissimplyalongword this finland thisissimplyalongword thisissimplyalongword this thisissimplyalongword thisissimplyalongword	1
finland thisissimplyalongword thisissimplyalongword this thisissimplyalongword thisissimplyalongword thisisawordwithfortycharactersaaaaaaaaaa finland thisissimplyalongword thisissimplyalongword	1
is the counter if the case will that then n-gram	7
it example a deal this is sentence with an of	6
n-gram with this then counter will is the deal it	6
strasse åber this straße åber åber this straße åber åber	1
straße åber åber straße strasse åber this straße åber åber	1
straße åber åber straße straße strasse åber straße åber åber	1
straße åber åber straße straße straße åber straße strasse åber	1
straße strasse åber finland straße straße åber straße straße åber	1
straße straße åber finland straße straße åber finland straße strasse	1
test finland finland test finland finland finland test finland finland	1
test finland finland test test finland finland test finland finland	1
test finland finland test test test finland test finland finland	1
that then n-gram and is the counter if case the	7
the deal it case n-gram counter this then will with	6
the n-gram will that case then deal is the counter	7
then will with the the n-gram it case counter deal	7
this finland thisissimplyalongword this this this thisissimplyalongword this finland thisissimplyalongword	1
this finland thisissimplyalongword this this this thisissimplyalongword this this finland	1
this of sentence with is an with it example a	6
this this finland åber this this finland åber this this	1
this this finland åber this this thisissimplyalongword this this finland	1
this thisissimplyalongword thisissimplyalongword this finland finland thisissimplyalongword this thisissimplyalongword thisissimplyalongword	1
this thisissimplyalongword thisissimplyalongword this this finland thisissimplyalongword this finland thisissimplyalongword	1
thisisawordwithfortycharactersaaaaaaaaaa thisisawordwithfortycharactersaaaaaaaaaa thisisawordwiththirtyninecharactsaaaaaa thisissimplyalongword thisisawordwithfortycharactersaaaaaaaaaa thisisawordwithfortycharactersaaaaaaaaaa thisisawordwiththirtyninecharactsaaaaaa thisisawordwithfortycharactersaaaaaaaaaa thisisawordwithfortycharactersaaaaaaaaaa thisisawordwiththirtyninecharactsaaaaaa	1
thisisawordwithfortycharactersaaaaaaaaaa thisisawordwithfortycharactersaaaaaaaaaa thisisawordwiththirtyninecharactsaaaaaa thisissimplyalongword thisisawordwithfortycharactersaaaaaaaaaa thisisawordwithfortycharactersaaaaaaaaaa thisisawordwiththirtyninecharactsaaaaaa thisissimplyalongword thisisawordwithfortycharactersaaaaaaaaaa thisisawordwithfortycharactersaaaaaaaaaa	1
thisisawordwithfortycharactersaaaaaaaaaa thisisawordwiththirtyninecharactsaaaaaa thisisawordwiththirtyninecharactsaaaaaa thisisawordwithfortycharactersaaaaaaaaaa thisisawordwithfortycharactersaaaaaaaaaa thisisawordwithfortycharactersaaaaaaaaaa thisisawordwiththirtyninecharactsaaaaaa thisisawordwithfortycharactersaaaaaaaaaa thisisawordwithfortycharactersaaaaaaaaaa thisisawordwiththirtyninecharactsaaaaaa	1
thisisawordwithfortycharactersaaaaaaaaaa thisisawordwiththirtyninecharactsaaaaaa thisisawordwiththirtyninecharactsaaaaaa thisisawordwithfortycharactersaaaaaaaaaa thisisawordwithfortycharactersaaaaaaaaaa thisisawordwithfortycharactersaaaaaaaaaa thisisawordwiththirtyninecharactsaaaaaa thisisawordwithfortycharactersaaaaaaaaaa thisisawordwiththirtyninecharactsaaaaaa thisisawordwiththirtyninecharactsaaaaaa	1
thisisawordwithfortycharactersaaaaaaaaaa thisisawordwiththirtyninecharactsaaaaaa thisisawordwiththirtyninecharactsaaaaaa thisisawordwithfortycharactersaaaaaaaaaa thisisawordwithfortycharactersaaaaaaaaaa thisisawordwiththirtyninecharactsaaaaaa thisisawordwiththirtyninecharactsaaaaaa thisisawordwithfortycharactersaaaaaaaaaa thisisawordwiththirtyninecharactsaaaaaa thisisawordwiththirtyninecharactsaaaaaa	1
thisisawordwithfortycharactersaaaaaaaaaa thisisawordwiththirtyninecharactsaaaaaa thisisawordwiththirtyninecharactsaaaaaa thisisawordwithfortycharactersaaaaaaaaaa thisisawordwiththirtyninecharactsaaaaaa thisisawordwiththirtyninecharactsaaaaaa thisisawordwiththirtyninecharactsaaaaaa thisisawordwithfortycharactersaaaaaaaaaa thisisawordwiththirtyninecharactsaaaaaa thisisawordwiththirtyninecharactsaaaaaa	1
thisissimplyalongword thisisawordwithfortycharactersaaaaaaaaaa thisisawordwithfortycharactersaaaaaaaaaa thisissimplyalongword thisisawordwithfortycharactersaaaaaaaaaa thisisawordwithfortycharactersaaaaaaaaaa thisisawordwiththirtyninecharactsaaaaaa thisissimplyalongword thisisawordwithfortycharactersaaaaaaaaaa thisisawordwithfortycharactersaaaaaaaaaa	1
thisissimplyalongword thisisawordwithfortycharactersaaaaaaaaaa thisisawordwithfortycharactersaaaaaaaaaa thisissimplyalongword thisissimplyalongword thisisawordwithfortycharactersaaaaaaaaaa thisisawordwithfortycharactersaaaaaaaaaa thisissimplyalongword thisisawordwithfortycharactersaaaaaaaaaa thisisawordwithfortycharactersaaaaaaaaaa	1
thisissimplyalongword thisisawordwithfortycharactersaaaaaaaaaa thisisawordwithfortycharactersaaaaaaaaaa thisissimplyalongword thisissimplyalongword thisissimplyalongword thisisawordwithfortycharactersaaaaaaaaaa thisissimplyalongword thisisawordwithfortycharactersaaaaaaaaaa thisisawordwithfortycharactersaaaaaaaaaa	1
thisissimplyalongword thisisawordwithfortycharactersaaaaaaaaaa thisisawordwithfortycharactersaaaaaaaaaa thisissimplyalongword thisissimplyalongword thisissimplyalongword thisisawordwithfortycharactersaaaaaaaaaa thisissimplyalongword thisissimplyalongword thisisawordwithfortycharactersaaaaaaaaaa	1
thisissimplyalongword thisissimplyalongword thisisawordwithfortycharactersaaaaaaaaaa finland thisissimplyalongword thisissimplyalongword thisisawordwithfortycharactersaaaaaaaaaa finland thisissimplyalongword thisissimplyalongword	1
thisissimplyalongword thisissimplyalongword thisisawordwithfortycharactersaaaaaaaaaa finland thisissimplyalongword thisissimplyalongword thisisawordwithfortycharactersaaaaaaaaaa thisissimplyalongword thisissimplyalongword thisisawordwithfortycharactersaaaaaaaaaa	1
will this an n-gram deal with example counter it is	6
with an of will it this a deal is example	6
