åber åber åber this åber this straße strasse åber this	1
åber åber åber this this this strasse åber åber this	1
åber åber this this this this åber åber åber this	1
åber this this finland this this åber åber this this	1
åber this this this this this åber åber åber this	1
case the n-gram with counter will is the then deal	7
counter deal with an it this the n-gram will is	6
deal it this of is an counter will with example	6
finland finland finland finland finland finland test finland finland finland	1
finland finland finland finland finland finland test test finland finland	1
finland finland finland straße finland finland finland finland finland finland	1
finland finland finland straße finland finland finland finland finland straße	1
finland finland finland straße finland straße finland finland finland straße	1
finland finland finland straße straße straße finland finland finland straße	1
finland finland straße straße straße straße finland finland finland straße	1
finland straße straße åber straße straße finland finland straße strasse	1
finland straße straße strasse straße straße finland finland finland straße	1
finland thisissimplyalongword thisissimplyalongword thisisawordwithfortycharactersaaaaaaaaaa thisissimplyalongword thisissimplyalongword this finland thisissimplyalongword thisissimplyalongword	1
finland thisissimplyalongword thisissimplyalongword thisissimplyalongword thisissimplyalongword thisissimplyalongword this this finland thisissimplyalongword	1
is case then will the n-gram if that the counter	7
it is an sentence example of deal with this a	6
n-gram will deal is with it then the counter this	6
strasse åber åber this åber åber straße straße åber this	1
straße åber åber this åber åber straße straße strasse åber	1
straße strasse åber åber åber åber straße straße straße åber	1
straße straße strasse åber åber åber straße straße straße åber	1
straße straße straße åber strasse åber finland straße straße åber	1
straße straße straße åber straße strasse finland finland straße åber	1
test finland finland finland finland finland test test finland finland	1
test finland finland finland finland finland test test test finland	1
test test finland finland finland finland test test test finland	1
that the case counter then the and if is n-gram	7
the counter will this deal with case then n-gram it	6
the then the deal n-gram counter that is case will	7
then n-gram counter it will deal the case the with	7
this an example with of a with it is sentence	6
this finland finland thisissimplyalongword thisissimplyalongword thisissimplyalongword this this this thisissimplyalongword	1
this finland thisissimplyalongword thisissimplyalongword thisissimplyalongword thisissimplyalongword this this finland thisissimplyalongword	1
this this finland thisissimplyalongword finland thisissimplyalongword this this this thisissimplyalongword	1
this this this finland this this åber åber this finland	1
this this this thisissimplyalongword finland finland this this this thisissimplyalongword	1
this this this thisissimplyalongword this finland åber this this finland	1
thisisawordwithfortycharactersaaaaaaaaaa thisisawordwithfortycharactersaaaaaaaaaa thisisawordwithfortycharactersaaaaaaaaaa thisisawordwiththirtyninecharactsaaaaaa thisisawordwithfortycharactersaaaaaaaaaa thisisawordwithfortycharactersaaaaaaaaaa thisissimplyalongword thisissimplyalongword thisisawordwithfortycharactersaaaaaaaaaa thisisawordwiththirtyninecharactsaaaaaa	1
thisisawordwithfortycharactersaaaaaaaaaa thisisawordwithfortycharactersaaaaaaaaaa thisisawordwithfortycharactersaaaaaaaaaa thisisawordwiththirtyninecharactsaaaaaa thisisawordwithfortycharactersaaaaaaaaaa thisisawordwiththirtyninecharactsaaaaaa thisissimplyalongword thisisawordwithfortycharactersaaaaaaaaaa thisisawordwithfortycharactersaaaaaaaaaa thisisawordwiththirtyninecharactsaaaaaa	1
thisisawordwithfortycharactersaaaaaaaaaa thisisawordwithfortycharactersaaaaaaaaaa thisisawordwithfortycharactersaaaaaaaaaa thisisawordwiththirtyninecharactsaaaaaa thisisawordwiththirtyninecharactsaaaaaa thisisawordwiththirtyninecharactsaaaaaa thisisawordwithfortycharactersaaaaaaaaaa thisisawordwithfortycharactersaaaaaaaaaa thisisawordwithfortycharactersaaaaaaaaaa thisisawordwiththirtyninecharactsaaaaaa	1
thisisawordwithfortycharactersaaaaaaaaaa thisisawordwithfortycharactersaaaaaaaaaa thisisawordwiththirtyninecharactsaaaaaa thisisawordwiththirtyninecharactsaaaaaa thisisawordwiththirtyninecharactsaaaaaa thisisawordwiththirtyninecharactsaaaaaa thisisawordwithfortycharactersaaaaaaaaaa thisisawordwithfortycharactersaaaaaaaaaa thisisawordwithfortycharactersaaaaaaaaaa thisisawordwiththirtyninecharactsaaaaaa	1
thisisawordwithfortycharactersaaaaaaaaaa thisisawordwiththirtyninecharactsaaaaaa thisisawordwiththirtyninecharactsaaaaaa thisisawordwiththirtyninecharactsaaaaaa thisisawordwiththirtyninecharactsaaaaaa thisisawordwiththirtyninecharactsaaaaaa thisisawordwithfortycharactersaaaaaaaaaa thisisawordwithfortycharactersaaaaaaaaaa thisisawordwithfortycharactersaaaaaaaaaa thisisawordwiththirtyninecharactsaaaaaa	1
thisisawordwithfortycharactersaaaaaaaaaa thisisawordwiththirtyninecharactsaaaaaa thisisawordwiththirtyninecharactsaaaaaa thisisawordwiththirtyninecharactsaaaaaa thisisawordwiththirtyninecharactsaaaaaa thisisawordwiththirtyninecharactsaaaaaa thisisawordwithfortycharactersaaaaaaaaaa thisisawordwithfortycharactersaaaaaaaaaa thisisawordwiththirtyninecharactsaaaaaa thisisawordwiththirtyninecharactsaaaaaa	1
thisissimplyalongword thisisawordwithfortycharactersaaaaaaaaaa thisisawordwithfortycharactersaaaaaaaaaa thisisawordwithfortycharactersaaaaaaaaaa thisisawordwithfortycharactersaaaaaaaaaa thisisawordwithfortycharactersaaaaaaaaaa thisissimplyalongword thisissimplyalongword thisissimplyalongword thisisawordwithfortycharactersaaaaaaaaaa	1
thisissimplyalongword thisisawordwithfortycharactersaaaaaaaaaa thisisawordwithfortycharactersaaaaaaaaaa thisisawordwiththirtyninecharactsaaaaaa thisisawordwithfortycharactersaaaaaaaaaa thisisawordwithfortycharactersaaaaaaaaaa thisissimplyalongword thisissimplyalongword thisisawordwithfortycharactersaaaaaaaaaa thisisawordwithfortycharactersaaaaaaaaaa	1
thisissimplyalongword thisissimplyalongword thisisawordwithfortycharactersaaaaaaaaaa thisisawordwithfortycharactersaaaaaaaaaa thisisawordwithfortycharactersaaaaaaaaaa thisisawordwithfortycharactersaaaaaaaaaa thisissimplyalongword thisissimplyalongword thisissimplyalongword thisisawordwithfortycharactersaaaaaaaaaa	1
thisissimplyalongword thisissimplyalongword thisissimplyalongword thisisawordwithfortycharactersaaaaaaaaaa thisisawordwithfortycharactersaaaaaaaaaa thisisawordwithfortycharactersaaaaaaaaaa thisissimplyalongword thisissimplyalongword thisissimplyalongword thisisawordwithfortycharactersaaaaaaaaaa	1
thisissimplyalongword thisissimplyalongword thisissimplyalongword thisisawordwithfortycharactersaaaaaaaaaa thisissimplyalongword thisisawordwithfortycharactersaaaaaaaaaa finland thisissimplyalongword thisissimplyalongword thisisawordwithfortycharactersaaaaaaaaaa	1
thisissimplyalongword thisissimplyalongword thisissimplyalongword thisisawordwithfortycharactersaaaaaaaaaa thisissimplyalongword thisissimplyalongword finland finland thisissimplyalongword thisisawordwithfortycharactersaaaaaaaaaa	1
will with it example this is n-gram counter deal an	6
with this is a an example will deal it of	6
