åber åber åber this åber straße strasse åber this	1
åber åber åber this this strasse åber åber this	1
åber åber this this this åber åber åber this	1
åber åber this this this åber åber this this	1
åber this this this this åber åber this this	1
case then n-gram deal counter is the the will	7
counter will with is it the n-gram deal this	6
deal with this example is counter will it an	6
finland finland finland finland finland finland finland finland finland	1
finland finland finland finland finland test finland finland finland	1
finland finland finland finland finland test test finland finland	1
finland finland finland straße finland finland finland finland finland	1
finland finland finland straße finland finland finland finland straße	1
finland finland finland straße straße finland finland finland straße	1
finland finland straße straße straße finland finland finland straße	1
finland finland straße straße straße finland finland straße straße	1
finland finland thisissimplyalongword thisissimplyalongword thisissimplyalongword this this thisissimplyalongword thisissimplyalongword	1
finland straße straße strasse straße finland finland straße straße	1
finland thisissimplyalongword thisissimplyalongword thisissimplyalongword thisissimplyalongword this finland thisissimplyalongword thisissimplyalongword	1
is an of with a it this example sentence	6
is the then counter the if that case n-gram	7
it this an a example deal with is of	6
n-gram counter deal this with then the will it	6
strasse åber åber this åber straße straße åber åber	1
straße strasse åber åber åber straße straße åber åber	1
straße straße åber åber åber straße straße strasse åber	1
straße straße strasse åber åber straße straße straße åber	1
straße straße straße åber strasse finland straße straße åber	1
straße straße straße åber straße finland finland straße strasse	1
test finland finland finland finland test test finland finland	1
test test finland finland finland test test finland finland	1
test test finland finland finland test test test finland	1
that is case n-gram then and if the the	7
the case the will n-gram that is then counter	7
the n-gram will it deal case then counter with	7
then the counter with will the case n-gram deal	7
this finland thisissimplyalongword thisissimplyalongword thisissimplyalongword this this finland thisissimplyalongword	1
this is example sentence of with it an a	6
this this finland thisissimplyalongword finland this this this thisissimplyalongword	1
this this finland thisissimplyalongword thisissimplyalongword this this finland thisissimplyalongword	1
this this this finland this åber åber this this	1
this this this finland this åber this this finland	1
this this this thisissimplyalongword finland this this this finland	1
thisisawordwithfortycharactersaaaaaaaaaa thisisawordwithfortycharactersaaaaaaaaaa thisisawordwithfortycharactersaaaaaaaaaa thisisawordwiththirtyninecharactsaaaaaa thisisawordwithfortycharactersaaaaaaaaaa thisissimplyalongword thisisawordwithfortycharactersaaaaaaaaaa thisisawordwithfortycharactersaaaaaaaaaa thisisawordwiththirtyninecharactsaaaaaa	1
thisisawordwithfortycharactersaaaaaaaaaa thisisawordwithfortycharactersaaaaaaaaaa thisisawordwithfortycharactersaaaaaaaaaa thisisawordwiththirtyninecharactsaaaaaa thisisawordwithfortycharactersaaaaaaaaaa thisissimplyalongword thisissimplyalongword thisisawordwithfortycharactersaaaaaaaaaa thisisawordwithfortycharactersaaaaaaaaaa	1
thisisawordwithfortycharactersaaaaaaaaaa thisisawordwithfortycharactersaaaaaaaaaa thisisawordwithfortycharactersaaaaaaaaaa thisisawordwiththirtyninecharactsaaaaaa thisisawordwiththirtyninecharactsaaaaaa thisisawordwithfortycharactersaaaaaaaaaa thisisawordwithfortycharactersaaaaaaaaaa thisisawordwithfortycharactersaaaaaaaaaa thisisawordwiththirtyninecharactsaaaaaa	1
thisisawordwithfortycharactersaaaaaaaaaa thisisawordwithfortycharactersaaaaaaaaaa thisisawordwiththirtyninecharactsaaaaaa thisisawordwiththirtyninecharactsaaaaaa thisisawordwiththirtyninecharactsaaaaaa thisisawordwithfortycharactersaaaaaaaaaa thisisawordwithfortycharactersaaaaaaaaaa thisisawordwithfortycharactersaaaaaaaaaa thisisawordwiththirtyninecharactsaaaaaa	1
thisisawordwithfortycharactersaaaaaaaaaa thisisawordwithfortycharactersaaaaaaaaaa thisisawordwiththirtyninecharactsaaaaaa thisisawordwiththirtyninecharactsaaaaaa thisisawordwiththirtyninecharactsaaaaaa thisisawordwithfortycharactersaaaaaaaaaa thisisawordwithfortycharactersaaaaaaaaaa thisisawordwiththirtyninecharactsaaaaaa thisisawordwiththirtyninecharactsaaaaaa	1
thisisawordwithfortycharactersaaaaaaaaaa thisisawordwiththirtyninecharactsaaaaaa thisisawordwiththirtyninecharactsaaaaaa thisisawordwiththirtyninecharactsaaaaaa thisisawordwiththirtyninecharactsaaaaaa thisisawordwithfortycharactersaaaaaaaaaa thisisawordwithfortycharactersaaaaaaaaaa thisisawordwiththirtyninecharactsaaaaaa thisisawordwiththirtyninecharactsaaaaaa	1
thisisawordwiththirtyninecharactsaaaaaa thisisawordwiththirtyninecharactsaaaaaa thisisawordwiththirtyninecharactsaaaaaa thisisawordwiththirtyninecharactsaaaaaa thisisawordwiththirtyninecharactsaaaaaa thisisawordwithfortycharactersaaaaaaaaaa thisisawordwithfortycharactersaaaaaaaaaa thisisawordwiththirtyninecharactsaaaaaa thisisawordwiththirtyninecharactsaaaaaa	1
thisissimplyalongword thisisawordwithfortycharactersaaaaaaaaaa thisisawordwithfortycharactersaaaaaaaaaa thisisawordwithfortycharactersaaaaaaaaaa thisisawordwithfortycharactersaaaaaaaaaa thisissimplyalongword thisissimplyalongword thisisawordwithfortycharactersaaaaaaaaaa thisisawordwithfortycharactersaaaaaaaaaa	1
thisissimplyalongword thisissimplyalongword thisisawordwithfortycharactersaaaaaaaaaa thisisawordwithfortycharactersaaaaaaaaaa thisisawordwithfortycharactersaaaaaaaaaa thisissimplyalongword thisissimplyalongword thisisawordwithfortycharactersaaaaaaaaaa thisisawordwithfortycharactersaaaaaaaaaa	1
thisissimplyalongword thisissimplyalongword thisisawordwithfortycharactersaaaaaaaaaa thisisawordwithfortycharactersaaaaaaaaaa thisisawordwithfortycharactersaaaaaaaaaa thisissimplyalongword thisissimplyalongword thisissimplyalongword thisisawordwithfortycharactersaaaaaaaaaa	1
thisissimplyalongword thisissimplyalongword thisissimplyalongword thisisawordwithfortycharactersaaaaaaaaaa thisisawordwithfortycharactersaaaaaaaaaa thisissimplyalongword thisissimplyalongword thisissimplyalongword thisisawordwithfortycharactersaaaaaaaaaa	1
thisissimplyalongword thisissimplyalongword thisissimplyalongword thisisawordwithfortycharactersaaaaaaaaaa thisissimplyalongword finland finland thisissimplyalongword thisissimplyalongword	1
thisissimplyalongword thisissimplyalongword thisissimplyalongword thisisawordwithfortycharactersaaaaaaaaaa thisissimplyalongword finland thisissimplyalongword thisissimplyalongword thisisawordwithfortycharactersaaaaaaaaaa	1
will deal it an this n-gram counter with is	6
with it is of an will deal this example	6
