åber åber åber this this strasse åber åber this	1
åber åber this this this åber åber åber this	1
åber this this this finland åber this this this	1
åber this this this this åber åber åber this	1
åber this this this this åber åber this this	1
case n-gram counter deal with the then the will	7
counter with it is an n-gram will deal this	6
deal this is example of will with it an	6
finland finland finland finland finland finland finland finland finland	1
finland finland finland finland finland test finland finland finland	1
finland finland finland finland straße finland finland finland finland	1
finland finland finland straße straße finland finland finland finland	1
finland finland finland straße straße finland finland finland straße	1
finland finland straße straße straße finland finland finland straße	1
finland straße straße strasse åber finland straße straße straße	1
finland straße straße straße strasse finland finland straße straße	1
finland straße straße straße straße finland finland finland straße	1
finland thisissimplyalongword thisissimplyalongword thisissimplyalongword thisisawordwithfortycharactersaaaaaaaaaa finland thisissimplyalongword thisissimplyalongword thisissimplyalongword	1
finland thisissimplyalongword thisissimplyalongword thisissimplyalongword thisissimplyalongword this finland thisissimplyalongword thisissimplyalongword	1
if the case the n-gram and that is then	7
is then the counter will that the case n-gram	7
it an example a sentence with this is of	6
n-gram deal with this is the counter will it	6
strasse åber åber this this straße åber åber åber	1
straße åber åber åber åber straße straße strasse åber	1
straße åber åber åber this straße strasse åber åber	1
straße strasse åber åber åber straße straße straße åber	1
straße straße strasse åber åber straße straße straße åber	1
straße straße straße åber åber finland straße straße strasse	1
test finland finland finland finland test finland finland finland	1
test finland finland finland finland test test finland finland	1
test finland finland finland finland test test test finland	1
test test finland finland finland test test test finland	1
that case then n-gram counter if is the the	7
the the n-gram will deal is case then counter	7
the will deal it this then n-gram counter with	6
then counter will with it case the n-gram deal	7
this example of sentence with it is an a	6
this finland finland thisissimplyalongword thisissimplyalongword this this this thisissimplyalongword	1
this finland thisissimplyalongword thisissimplyalongword thisissimplyalongword this this finland thisissimplyalongword	1
this this finland thisissimplyalongword thisissimplyalongword this this this finland	1
this this this finland finland åber this this this	1
this this this finland thisissimplyalongword this this this finland	1
this thisissimplyalongword thisissimplyalongword thisissimplyalongword thisissimplyalongword this finland finland thisissimplyalongword	1
thisisawordwithfortycharactersaaaaaaaaaa thisisawordwithfortycharactersaaaaaaaaaa thisisawordwithfortycharactersaaaaaaaaaa thisisawordwiththirtyninecharactsaaaaaa thisisawordwiththirtyninecharactsaaaaaa thisisawordwithfortycharactersaaaaaaaaaa thisisawordwithfortycharactersaaaaaaaaaa thisisawordwithfortycharactersaaaaaaaaaa thisisawordwiththirtyninecharactsaaaaaa	1
thisisawordwithfortycharactersaaaaaaaaaa thisisawordwithfortycharactersaaaaaaaaaa thisisawordwithfortycharactersaaaaaaaaaa thisisawordwiththirtyninecharactsaaaaaa thisisawordwiththirtyninecharactsaaaaaa thisissimplyalongword thisisawordwithfortycharactersaaaaaaaaaa thisisawordwithfortycharactersaaaaaaaaaa thisisawordwithfortycharactersaaaaaaaaaa	1
thisisawordwithfortycharactersaaaaaaaaaa thisisawordwithfortycharactersaaaaaaaaaa thisisawordwiththirtyninecharactsaaaaaa thisisawordwiththirtyninecharactsaaaaaa thisisawordwiththirtyninecharactsaaaaaa thisisawordwithfortycharactersaaaaaaaaaa thisisawordwithfortycharactersaaaaaaaaaa thisisawordwithfortycharactersaaaaaaaaaa thisisawordwiththirtyninecharactsaaaaaa	1
thisisawordwithfortycharactersaaaaaaaaaa thisisawordwiththirtyninecharactsaaaaaa thisisawordwiththirtyninecharactsaaaaaa thisisawordwiththirtyninecharactsaaaaaa thisisawordwiththirtyninecharactsaaaaaa thisisawordwithfortycharactersaaaaaaaaaa thisisawordwithfortycharactersaaaaaaaaaa thisisawordwithfortycharactersaaaaaaaaaa thisisawordwiththirtyninecharactsaaaaaa	1
thisisawordwithfortycharactersaaaaaaaaaa thisisawordwiththirtyninecharactsaaaaaa thisisawordwiththirtyninecharactsaaaaaa thisisawordwiththirtyninecharactsaaaaaa thisisawordwiththirtyninecharactsaaaaaa thisisawordwithfortycharactersaaaaaaaaaa thisisawordwithfortycharactersaaaaaaaaaa thisisawordwiththirtyninecharactsaaaaaa thisisawordwiththirtyninecharactsaaaaaa	1
thisisawordwithfortycharactersaaaaaaaaaa thisisawordwiththirtyninecharactsaaaaaa thisisawordwiththirtyninecharactsaaaaaa thisisawordwiththirtyninecharactsaaaaaa thisisawordwiththirtyninecharactsaaaaaa thisisawordwithfortycharactersaaaaaaaaaa thisisawordwiththirtyninecharactsaaaaaa thisisawordwiththirtyninecharactsaaaaaa thisisawordwiththirtyninecharactsaaaaaa	1
thisissimplyalongword thisisawordwithfortycharactersaaaaaaaaaa thisisawordwithfortycharactersaaaaaaaaaa thisisawordwithfortycharactersaaaaaaaaaa thisisawordwithfortycharactersaaaaaaaaaa thisissimplyalongword thisissimplyalongword thisisawordwithfortycharactersaaaaaaaaaa thisisawordwithfortycharactersaaaaaaaaaa	1
thisissimplyalongword thisisawordwithfortycharactersaaaaaaaaaa thisisawordwithfortycharactersaaaaaaaaaa thisisawordwithfortycharactersaaaaaaaaaa thisisawordwithfortycharactersaaaaaaaaaa thisissimplyalongword thisissimplyalongword thisissimplyalongword thisisawordwithfortycharactersaaaaaaaaaa	1
thisissimplyalongword thisisawordwithfortycharactersaaaaaaaaaa thisisawordwithfortycharactersaaaaaaaaaa thisisawordwithfortycharactersaaaaaaaaaa thisisawordwiththirtyninecharactsaaaaaa thisissimplyalongword thisisawordwithfortycharactersaaaaaaaaaa thisisawordwithfortycharactersaaaaaaaaaa thisisawordwithfortycharactersaaaaaaaaaa	1
thisissimplyalongword thisissimplyalongword thisisawordwithfortycharactersaaaaaaaaaa thisisawordwithfortycharactersaaaaaaaaaa thisisawordwithfortycharactersaaaaaaaaaa thisissimplyalongword thisissimplyalongword thisissimplyalongword thisisawordwithfortycharactersaaaaaaaaaa	1
thisissimplyalongword thisissimplyalongword thisissimplyalongword thisisawordwithfortycharactersaaaaaaaaaa thisisawordwithfortycharactersaaaaaaaaaa finland thisissimplyalongword thisissimplyalongword thisissimplyalongword	1
thisissimplyalongword thisissimplyalongword thisissimplyalongword thisisawordwithfortycharactersaaaaaaaaaa thisisawordwithfortycharactersaaaaaaaaaa thisissimplyalongword thisissimplyalongword thisissimplyalongword thisisawordwithfortycharactersaaaaaaaaaa	1
will it this an example counter deal with is	6
with is an of a deal it this example	6
