åber this åber åber åber åber strasse this	1
åber this åber åber åber this åber this	1
åber this åber åber this this åber this	1
åber this åber this this this åber this	1
åber this this this this this åber this	1
case deal then the n-gram counter the will	7
counter is will deal with it n-gram this	6
deal example with it this is will an	6
finland finland finland finland finland finland finland finland	2
finland finland finland finland finland finland test finland	1
finland strasse straße straße straße straße finland straße	1
finland straße finland finland finland finland finland finland	1
finland straße finland finland finland finland finland straße	1
finland straße finland finland finland straße finland straße	1
finland straße finland finland straße straße finland straße	1
finland straße finland straße straße straße finland straße	1
finland thisissimplyalongword finland thisissimplyalongword thisissimplyalongword thisissimplyalongword this thisissimplyalongword	1
finland thisissimplyalongword thisissimplyalongword thisissimplyalongword thisissimplyalongword thisissimplyalongword finland thisissimplyalongword	1
if the that is the case and then	7
is counter the case then the that n-gram	7
is with an example of a this sentence	7
it a this is an example with of	6
n-gram this counter will deal with the it	6
strasse this åber åber åber åber straße åber	1
straße åber strasse åber åber åber straße åber	1
straße åber straße strasse åber åber straße åber	1
straße åber straße straße strasse åber straße åber	1
straße åber straße straße straße strasse straße åber	1
straße åber straße straße straße straße finland strasse	1
test finland finland finland finland finland test finland	1
test finland test finland finland finland test finland	1
test finland test test finland finland test finland	1
test finland test test test finland test finland	1
that n-gram is the case then if the	7
the it n-gram counter will deal then with	7
the will case then the n-gram is counter	7
then with the n-gram counter will case deal	7
this finland this this this this åber this	1
this finland this this this this this finland	1
this sentence is an example of it a	6
this thisissimplyalongword finland finland thisissimplyalongword thisissimplyalongword this thisissimplyalongword	1
this thisissimplyalongword this finland finland thisissimplyalongword this thisissimplyalongword	1
this thisissimplyalongword this this finland finland this thisissimplyalongword	1
this thisissimplyalongword this this this finland this finland	1
thisisawordwithfortycharactersaaaaaaaaaa thisisawordwiththirtyninecharactsaaaaaa thisisawordwithfortycharactersaaaaaaaaaa thisisawordwithfortycharactersaaaaaaaaaa thisisawordwithfortycharactersaaaaaaaaaa thisisawordwithfortycharactersaaaaaaaaaa thisisawordwithfortycharactersaaaaaaaaaa thisisawordwiththirtyninecharactsaaaaaa	1
thisisawordwithfortycharactersaaaaaaaaaa thisisawordwiththirtyninecharactsaaaaaa thisisawordwithfortycharactersaaaaaaaaaa thisisawordwithfortycharactersaaaaaaaaaa thisisawordwithfortycharactersaaaaaaaaaa thisisawordwithfortycharactersaaaaaaaaaa thisissimplyalongword thisisawordwithfortycharactersaaaaaaaaaa	1
thisisawordwithfortycharactersaaaaaaaaaa thisisawordwiththirtyninecharactsaaaaaa thisisawordwithfortycharactersaaaaaaaaaa thisisawordwithfortycharactersaaaaaaaaaa thisisawordwithfortycharactersaaaaaaaaaa thisisawordwiththirtyninecharactsaaaaaa thisisawordwithfortycharactersaaaaaaaaaa thisisawordwiththirtyninecharactsaaaaaa	1
thisisawordwithfortycharactersaaaaaaaaaa thisisawordwiththirtyninecharactsaaaaaa thisisawordwithfortycharactersaaaaaaaaaa thisisawordwithfortycharactersaaaaaaaaaa thisisawordwiththirtyninecharactsaaaaaa thisisawordwiththirtyninecharactsaaaaaa thisisawordwithfortycharactersaaaaaaaaaa thisisawordwiththirtyninecharactsaaaaaa	1
thisisawordwithfortycharactersaaaaaaaaaa thisisawordwiththirtyninecharactsaaaaaa thisisawordwithfortycharactersaaaaaaaaaa thisisawordwiththirtyninecharactsaaaaaa thisisawordwiththirtyninecharactsaaaaaa thisisawordwiththirtyninecharactsaaaaaa thisisawordwithfortycharactersaaaaaaaaaa thisisawordwiththirtyninecharactsaaaaaa	1
thisisawordwithfortycharactersaaaaaaaaaa thisisawordwiththirtyninecharactsaaaaaa thisisawordwiththirtyninecharactsaaaaaa thisisawordwiththirtyninecharactsaaaaaa thisisawordwiththirtyninecharactsaaaaaa thisisawordwiththirtyninecharactsaaaaaa thisisawordwithfortycharactersaaaaaaaaaa thisisawordwiththirtyninecharactsaaaaaa	1
thisisawordwiththirtyninecharactsaaaaaa thisisawordwiththirtyninecharactsaaaaaa thisisawordwiththirtyninecharactsaaaaaa thisisawordwiththirtyninecharactsaaaaaa thisisawordwiththirtyninecharactsaaaaaa thisisawordwiththirtyninecharactsaaaaaa thisisawordwithfortycharactersaaaaaaaaaa thisisawordwiththirtyninecharactsaaaaaa	1
thisissimplyalongword thisisawordwithfortycharactersaaaaaaaaaa thisisawordwithfortycharactersaaaaaaaaaa thisisawordwithfortycharactersaaaaaaaaaa thisisawordwithfortycharactersaaaaaaaaaa thisisawordwithfortycharactersaaaaaaaaaa thisissimplyalongword thisisawordwithfortycharactersaaaaaaaaaa	1
thisissimplyalongword thisisawordwithfortycharactersaaaaaaaaaa thisissimplyalongword thisisawordwithfortycharactersaaaaaaaaaa thisisawordwithfortycharactersaaaaaaaaaa thisisawordwithfortycharactersaaaaaaaaaa thisissimplyalongword thisisawordwithfortycharactersaaaaaaaaaa	1
thisissimplyalongword thisisawordwithfortycharactersaaaaaaaaaa thisissimplyalongword thisissimplyalongword thisisawordwithfortycharactersaaaaaaaaaa thisisawordwithfortycharactersaaaaaaaaaa thisissimplyalongword thisisawordwithfortycharactersaaaaaaaaaa	1
thisissimplyalongword thisisawordwithfortycharactersaaaaaaaaaa thisissimplyalongword thisissimplyalongword thisissimplyalongword thisisawordwithfortycharactersaaaaaaaaaa thisissimplyalongword thisisawordwithfortycharactersaaaaaaaaaa	1
thisissimplyalongword thisisawordwithfortycharactersaaaaaaaaaa thisissimplyalongword thisissimplyalongword thisissimplyalongword thisissimplyalongword finland thisissimplyalongword	1
thisissimplyalongword thisisawordwithfortycharactersaaaaaaaaaa thisissimplyalongword thisissimplyalongword thisissimplyalongword thisissimplyalongword thisissimplyalongword thisisawordwithfortycharactersaaaaaaaaaa	1
will an deal with it this counter is	6
with of it this is an deal example	6
