an example of a is	7
åber åber åber åber åber	1
åber åber åber åber strasse	1
åber åber åber this åber	1
åber åber this this åber	1
åber this this this åber	1
case then the n-gram the	7
counter will deal with n-gram	7
deal with it this will	6
example of a sentence an	7
finland finland finland finland finland	5
finland finland finland finland test	1
finland finland finland straße finland	1
finland finland straße straße finland	1
finland finland thisissimplyalongword thisissimplyalongword this	1
finland straße straße straße finland	1
finland thisissimplyalongword thisissimplyalongword thisissimplyalongword finland	1
if that is the and	7
is an example of this	7
is the case then that	7
it this is an with	6
n-gram counter will deal the	7
of a sentence with example	7
strasse åber åber åber straße	1
straße strasse åber åber straße	1
straße straße strasse åber straße	1
straße straße straße strasse straße	1
straße straße straße straße finland	1
straße straße straße straße straße	1
test finland finland finland test	1
test test finland finland test	1
test test test finland test	1
test test test test test	1
that is the case if	7
the case then the is	7
the n-gram counter will then	7
then the n-gram counter case	7
this finland finland thisissimplyalongword this	1
this is an example it	6
this this finland finland this	1
this this this finland this	1
this this this this åber	1
this this this this this	2
thisisawordwithfortycharactersaaaaaaaaaa thisisawordwithfortycharactersaaaaaaaaaa thisisawordwithfortycharactersaaaaaaaaaa thisisawordwithfortycharactersaaaaaaaaaa thisisawordwithfortycharactersaaaaaaaaaa	2
thisisawordwithfortycharactersaaaaaaaaaa thisisawordwithfortycharactersaaaaaaaaaa thisisawordwithfortycharactersaaaaaaaaaa thisisawordwithfortycharactersaaaaaaaaaa thisissimplyalongword	1
thisisawordwithfortycharactersaaaaaaaaaa thisisawordwithfortycharactersaaaaaaaaaa thisisawordwithfortycharactersaaaaaaaaaa thisisawordwiththirtyninecharactsaaaaaa thisisawordwithfortycharactersaaaaaaaaaa	1
thisisawordwithfortycharactersaaaaaaaaaa thisisawordwithfortycharactersaaaaaaaaaa thisisawordwiththirtyninecharactsaaaaaa thisisawordwiththirtyninecharactsaaaaaa thisisawordwithfortycharactersaaaaaaaaaa	1
thisisawordwithfortycharactersaaaaaaaaaa thisisawordwiththirtyninecharactsaaaaaa thisisawordwiththirtyninecharactsaaaaaa thisisawordwiththirtyninecharactsaaaaaa thisisawordwithfortycharactersaaaaaaaaaa	1
thisisawordwiththirtyninecharactsaaaaaa thisisawordwiththirtyninecharactsaaaaaa thisisawordwiththirtyninecharactsaaaaaa thisisawordwiththirtyninecharactsaaaaaa thisisawordwithfortycharactersaaaaaaaaaa	1
thisisawordwiththirtyninecharactsaaaaaa thisisawordwiththirtyninecharactsaaaaaa thisisawordwiththirtyninecharactsaaaaaa thisisawordwiththirtyninecharactsaaaaaa thisisawordwiththirtyninecharactsaaaaaa	3
thisissimplyalongword thisisawordwithfortycharactersaaaaaaaaaa thisisawordwithfortycharactersaaaaaaaaaa thisisawordwithfortycharactersaaaaaaaaaa thisissimplyalongword	1
thisissimplyalongword thisissimplyalongword thisisawordwithfortycharactersaaaaaaaaaa thisisawordwithfortycharactersaaaaaaaaaa thisissimplyalongword	1
thisissimplyalongword thisissimplyalongword thisissimplyalongword thisisawordwithfortycharactersaaaaaaaaaa thisissimplyalongword	1
thisissimplyalongword thisissimplyalongword thisissimplyalongword thisissimplyalongword finland	1
thisissimplyalongword thisissimplyalongword thisissimplyalongword thisissimplyalongword thisissimplyalongword	2
will deal with it counter	7
with it this is deal	6
