a an example of	7
an it this is	6
åber åber åber åber	2
åber strasse åber åber	1
åber straße strasse åber	1
åber straße straße strasse	1
case that is the	7
counter then the n-gram	7
deal n-gram counter will	7
example this is an	7
finland finland finland finland	6
finland test finland finland	1
finland test test finland	1
finland test test test	1
finland this this finland	1
finland this this this	1
is and if that	7
is with it this	6
it will deal with	7
n-gram case then the	7
of is an example	7
sentence example of a	7
strasse straße straße straße	1
straße finland finland finland	1
straße finland finland straße	1
straße finland straße straße	1
straße straße straße straße	2
test test test test	2
the if that is	7
the the case then	7
then is the case	7
this åber åber åber	1
this åber åber this	1
this åber this this	1
this deal with it	6
this this this this	3
thisisawordwithfortycharactersaaaaaaaaaa thisisawordwithfortycharactersaaaaaaaaaa thisisawordwithfortycharactersaaaaaaaaaa thisisawordwithfortycharactersaaaaaaaaaa	3
thisisawordwithfortycharactersaaaaaaaaaa thisissimplyalongword thisisawordwithfortycharactersaaaaaaaaaa thisisawordwithfortycharactersaaaaaaaaaa	1
thisisawordwithfortycharactersaaaaaaaaaa thisissimplyalongword thisissimplyalongword thisisawordwithfortycharactersaaaaaaaaaa	1
thisisawordwithfortycharactersaaaaaaaaaa thisissimplyalongword thisissimplyalongword thisissimplyalongword	1
thisisawordwiththirtyninecharactsaaaaaa thisisawordwithfortycharactersaaaaaaaaaa thisisawordwithfortycharactersaaaaaaaaaa thisisawordwithfortycharactersaaaaaaaaaa	1
thisisawordwiththirtyninecharactsaaaaaa thisisawordwithfortycharactersaaaaaaaaaa thisisawordwithfortycharactersaaaaaaaaaa thisisawordwiththirtyninecharactsaaaaaa	1
thisisawordwiththirtyninecharactsaaaaaa thisisawordwithfortycharactersaaaaaaaaaa thisisawordwiththirtyninecharactsaaaaaa thisisawordwiththirtyninecharactsaaaaaa	1
thisisawordwiththirtyninecharactsaaaaaa thisisawordwiththirtyninecharactsaaaaaa thisisawordwiththirtyninecharactsaaaaaa thisisawordwiththirtyninecharactsaaaaaa	4
thisissimplyalongword finland finland thisissimplyalongword	1
thisissimplyalongword finland thisissimplyalongword thisissimplyalongword	1
thisissimplyalongword this finland finland	1
thisissimplyalongword thisissimplyalongword thisissimplyalongword thisissimplyalongword	3
will the n-gram counter	7
with counter will deal	7
with of a sentence	7
