cc|and|and in|for|for pp|its|its nn|breathing|breathing nns|property|properties nn|durability|durability	1
dt|an|an vvn|picture|pictured rb|here|here jj|attractive|attractive np|mulberry|mulberry in|in|in	1
dt|a|a np|mulberry|mulberry vvg|tick|ticking vvn|turn|turned nn|wood|wood in|on|on	1
dt|a|a vbz|be|is vvn|upholster|upholstered nn|needle|needle vvn|tease|teased vvg|use|using	1
dt|the|the vbz|be|is vvn|enclose|enclosed jjs|fine|finest nn|quality|quality in|in|in	1
in|as|as pp|it|it rb|as|as pp|it|it vbz|be|is jj|comfortable|comfortable	1
in|for|for nn|cotton|cotton nn|calico|calico pp|its|its nn|durability|durability vvn|use|used	1
in|in|in nn|spring|spring vbz|be|is dt|the|the jjs|fine|finest vvn|enclose|enclosed	1
in|on|on jj|attractive|attractive np|mulberry|mulberry dt|a|a vvn|turn|turned vvg|tick|ticking	1
jjs|fine|finest vvn|enclose|enclosed in|in|in nn|quality|quality nn|cotton|cotton dt|the|the	1
jj|attractive|attractive rb|here|here in|in|in np|mulberry|mulberry vvg|tick|ticking dt|an|an	1
jj|comfortable|comfortable vvg|make|making pp|it|it in|as|as pp|it|it rb|as|as	1
jj|extra|extra nn|pad|pad to|to|to nn|support|support vvg|make|making vv|provide|provide	1
nn|calico|calico jjs|fine|finest nn|quality|quality vvn|use|used in|for|for nn|cotton|cotton	1
nn|cotton|cotton dt|the|the jjs|fine|finest nn|calico|calico vvn|use|used nn|quality|quality	1
nn|durability|durability vvn|use|used in|for|for cc|and|and nn|breathing|breathing pp|its|its	1
nn|hair|hair dt|a|a nn|needle|needle nn|pad|pad to|to|to vvn|tease|teased	1
nn|needle|needle vvn|upholster|upholstered vvg|use|using vvn|tease|teased nn|hair|hair dt|a|a	1
nn|pad|pad nn|needle|needle vvn|tease|teased to|to|to vv|provide|provide nn|hair|hair	1
nn|quality|quality in|in|in dt|the|the nn|cotton|cotton nn|calico|calico jjs|fine|finest	1
nn|spring|spring dt|each|each jj|individual|individual vbz|be|is vvn|enclose|enclosed vvn|pocket|pocketed	1
nn|support|support to|to|to vv|provide|provide vvg|make|making pp|it|it jj|extra|extra	1
nn|wood|wood in|on|on dt|a|a nn|leg|leg np|the|the vvn|turn|turned	1
np|mulberry|mulberry in|in|in dt|an|an vvg|tick|ticking in|on|on jj|attractive|attractive	1
pp|its|its nn|calico|calico vvn|use|used nn|durability|durability cc|and|and in|for|for	1
pp|it|it jj|extra|extra nn|support|support rb|as|as jj|comfortable|comfortable vvg|make|making	1
pp|it|it rb|as|as jj|comfortable|comfortable vbz|be|is jj|affordable|affordable in|as|as	1
rb|as|as nn|support|support vvg|make|making jj|comfortable|comfortable in|as|as pp|it|it	1
to|to|to vvn|tease|teased nn|hair|hair vv|provide|provide jj|extra|extra nn|pad|pad	1
vbz|be|is jj|individual|individual vvn|pocket|pocketed vvn|enclose|enclosed in|in|in nn|spring|spring	1
vbz|be|is np|the|the np|baronet|baronet vvn|upholster|upholstered vvg|use|using np|supreme|supreme	1
vvg|make|making vv|provide|provide jj|extra|extra pp|it|it rb|as|as nn|support|support	1
vvg|tick|ticking dt|an|an jj|attractive|attractive in|on|on dt|a|a np|mulberry|mulberry	1
vvg|use|using np|supreme|supreme vbz|be|is dt|a|a nn|needle|needle vvn|upholster|upholstered	1
vvn|enclose|enclosed vvn|pocket|pocketed nn|spring|spring in|in|in dt|the|the vbz|be|is	1
vvn|tease|teased vvg|use|using dt|a|a nn|hair|hair nn|pad|pad nn|needle|needle	1
vvn|turn|turned vvg|tick|ticking in|on|on nn|wood|wood nn|leg|leg dt|a|a	1
vvn|upholster|upholstered np|baronet|baronet np|supreme|supreme vvg|use|using dt|a|a vbz|be|is	1
vvn|use|used nn|quality|quality nn|cotton|cotton in|for|for pp|its|its nn|calico|calico	1
vv|provide|provide nn|hair|hair nn|pad|pad jj|extra|extra nn|support|support to|to|to	1
