cc|and|and	nn|breathing|breathing	$	pp|its|its	nn|durability|durability	nns|property|properties	1
dt|an|an	jj|attractive|attractive	vvg|tick|ticking	rb|here|here	in|in|in	np|mulberry|mulberry	1
dt|a|a	nn|needle|needle	nn|hair|hair	vvn|upholster|upholstered	vvg|use|using	vvn|tease|teased	1
dt|a|a	vvn|turn|turned	nn|leg|leg	vvg|tick|ticking	in|on|on	nn|wood|wood	1
dt|each|each	jj|individual|individual	nn|spring|spring	$	$	vvn|pocket|pocketed	1
dt|the|the	jjs|fine|finest	nn|cotton|cotton	vvn|enclose|enclosed	in|in|in	nn|quality|quality	1
in|as|as	pp|it|it	jj|affordable|affordable	rb|as|as	jj|comfortable|comfortable	vbz|be|is	1
in|for|for	pp|its|its	cc|and|and	nn|calico|calico	vvn|use|used	nn|durability|durability	1
in|in|in	dt|an|an	np|mulberry|mulberry	vvn|picture|pictured	rb|here|here	jj|attractive|attractive	1
in|in|in	dt|the|the	nn|quality|quality	vbz|be|is	vvn|enclose|enclosed	jjs|fine|finest	1
in|on|on	dt|a|a	nn|wood|wood	np|mulberry|mulberry	vvg|tick|ticking	vvn|turn|turned	1
jjs|fine|finest	nn|quality|quality	nn|calico|calico	in|in|in	dt|the|the	nn|cotton|cotton	1
jj|affordable|affordable	$	$	pp|it|it	vbz|be|is	$	1
jj|attractive|attractive	np|mulberry|mulberry	in|on|on	in|in|in	dt|an|an	vvg|tick|ticking	1
jj|comfortable|comfortable	in|as|as	vbz|be|is	pp|it|it	rb|as|as	pp|it|it	1
jj|extra|extra	nn|support|support	pp|it|it	to|to|to	vv|provide|provide	vvg|make|making	1
jj|individual|individual	vvn|pocket|pocketed	vbz|be|is	$	dt|each|each	nn|spring|spring	1
nns|property|properties	$	$	cc|and|and	nn|breathing|breathing	$	1
nn|breathing|breathing	nns|property|properties	$	nn|durability|durability	cc|and|and	$	1
nn|calico|calico	vvn|use|used	pp|its|its	nn|quality|quality	nn|cotton|cotton	in|for|for	1
nn|cotton|cotton	nn|calico|calico	in|for|for	jjs|fine|finest	nn|quality|quality	vvn|use|used	1
nn|durability|durability	cc|and|and	nns|property|properties	in|for|for	pp|its|its	nn|breathing|breathing	1
nn|hair|hair	nn|pad|pad	vv|provide|provide	nn|needle|needle	vvn|tease|teased	to|to|to	1
nn|leg|leg	np|the|the	$	vvn|turn|turned	nn|wood|wood	$	1
nn|needle|needle	vvn|tease|teased	nn|pad|pad	vvg|use|using	dt|a|a	nn|hair|hair	1
nn|pad|pad	to|to|to	jj|extra|extra	vvn|tease|teased	nn|hair|hair	vv|provide|provide	1
nn|quality|quality	nn|cotton|cotton	vvn|use|used	dt|the|the	jjs|fine|finest	nn|calico|calico	1
nn|spring|spring	vbz|be|is	in|in|in	jj|individual|individual	vvn|pocket|pocketed	vvn|enclose|enclosed	1
nn|support|support	vvg|make|making	rb|as|as	vv|provide|provide	jj|extra|extra	pp|it|it	1
nn|wood|wood	nn|leg|leg	$	dt|a|a	vvn|turn|turned	np|the|the	1
np|baronet|baronet	np|supreme|supreme	vvn|upholster|upholstered	$	np|the|the	vbz|be|is	1
np|mulberry|mulberry	vvg|tick|ticking	dt|a|a	dt|an|an	jj|attractive|attractive	in|on|on	1
np|supreme|supreme	vbz|be|is	vvg|use|using	np|the|the	np|baronet|baronet	vvn|upholster|upholstered	1
np|the|the	$	$	nn|wood|wood	nn|leg|leg	$	1
np|the|the	np|baronet|baronet	vbz|be|is	$	$	np|supreme|supreme	1
pp|its|its	nn|durability|durability	nn|breathing|breathing	vvn|use|used	in|for|for	cc|and|and	1
pp|it|it	rb|as|as	in|as|as	nn|support|support	vvg|make|making	jj|comfortable|comfortable	1
pp|it|it	vbz|be|is	$	jj|comfortable|comfortable	in|as|as	jj|affordable|affordable	1
rb|as|as	jj|comfortable|comfortable	pp|it|it	vvg|make|making	pp|it|it	in|as|as	1
rb|here|here	in|in|in	jj|attractive|attractive	$	vvn|picture|pictured	dt|an|an	1
to|to|to	vv|provide|provide	nn|support|support	nn|hair|hair	nn|pad|pad	jj|extra|extra	1
vbz|be|is	jj|affordable|affordable	$	in|as|as	pp|it|it	$	1
vbz|be|is	vvn|enclose|enclosed	dt|the|the	vvn|pocket|pocketed	nn|spring|spring	in|in|in	1
vbz|be|is	vvn|upholster|upholstered	dt|a|a	np|baronet|baronet	np|supreme|supreme	vvg|use|using	1
vvg|make|making	pp|it|it	jj|comfortable|comfortable	jj|extra|extra	nn|support|support	rb|as|as	1
vvg|tick|ticking	in|on|on	vvn|turn|turned	jj|attractive|attractive	np|mulberry|mulberry	dt|a|a	1
vvg|use|using	dt|a|a	vvn|tease|teased	vbz|be|is	vvn|upholster|upholstered	nn|needle|needle	1
vvn|enclose|enclosed	in|in|in	jjs|fine|finest	nn|spring|spring	vbz|be|is	dt|the|the	1
vvn|picture|pictured	rb|here|here	dt|an|an	$	$	in|in|in	1
vvn|pocket|pocketed	nn|spring|spring	vvn|enclose|enclosed	dt|each|each	jj|individual|individual	vbz|be|is	1
vvn|tease|teased	nn|hair|hair	to|to|to	dt|a|a	nn|needle|needle	nn|pad|pad	1
vvn|turn|turned	nn|wood|wood	np|the|the	in|on|on	dt|a|a	nn|leg|leg	1
vvn|upholster|upholstered	vvg|use|using	nn|needle|needle	np|supreme|supreme	vbz|be|is	dt|a|a	1
vvn|use|used	in|for|for	nn|durability|durability	nn|cotton|cotton	nn|calico|calico	pp|its|its	1
vv|provide|provide	jj|extra|extra	vvg|make|making	nn|pad|pad	to|to|to	nn|support|support	1
