dt|an|an vvg|tick|ticking in|on|on in|in|in jj|attractive|attractive np|mulberry|mulberry	1
dt|a|a nn|hair|hair nn|pad|pad vvg|use|using nn|needle|needle vvn|tease|teased	1
dt|a|a nn|leg|leg np|the|the in|on|on vvn|turn|turned nn|wood|wood	1
dt|the|the nn|cotton|cotton nn|calico|calico in|in|in jjs|fine|finest nn|quality|quality	1
in|for|for cc|and|and nn|breathing|breathing vvn|use|used pp|its|its nn|durability|durability	1
in|in|in nn|quality|quality nn|cotton|cotton vvn|enclose|enclosed dt|the|the jjs|fine|finest	1
in|in|in np|mulberry|mulberry vvg|tick|ticking rb|here|here dt|an|an jj|attractive|attractive	1
in|on|on nn|wood|wood nn|leg|leg vvg|tick|ticking dt|a|a vvn|turn|turned	1
jjs|fine|finest nn|calico|calico vvn|use|used dt|the|the nn|quality|quality nn|cotton|cotton	1
jj|attractive|attractive in|on|on dt|a|a dt|an|an np|mulberry|mulberry vvg|tick|ticking	1
jj|comfortable|comfortable vbz|be|is jj|affordable|affordable rb|as|as in|as|as pp|it|it	1
jj|extra|extra pp|it|it rb|as|as vv|provide|provide nn|support|support vvg|make|making	1
jj|individual|individual vbz|be|is vvn|enclose|enclosed dt|each|each vvn|pocket|pocketed nn|spring|spring	1
nn|calico|calico pp|its|its nn|durability|durability nn|cotton|cotton vvn|use|used in|for|for	1
nn|cotton|cotton in|for|for pp|its|its nn|quality|quality nn|calico|calico vvn|use|used	1
nn|hair|hair vv|provide|provide jj|extra|extra vvn|tease|teased nn|pad|pad to|to|to	1
nn|needle|needle nn|pad|pad to|to|to dt|a|a vvn|tease|teased nn|hair|hair	1
nn|pad|pad jj|extra|extra nn|support|support nn|hair|hair to|to|to vv|provide|provide	1
nn|quality|quality vvn|use|used in|for|for jjs|fine|finest nn|cotton|cotton nn|calico|calico	1
nn|spring|spring in|in|in dt|the|the vvn|pocket|pocketed vbz|be|is vvn|enclose|enclosed	1
nn|support|support rb|as|as jj|comfortable|comfortable jj|extra|extra vvg|make|making pp|it|it	1
np|baronet|baronet vvn|upholster|upholstered vvg|use|using np|the|the np|supreme|supreme vbz|be|is	1
np|mulberry|mulberry dt|a|a vvn|turn|turned jj|attractive|attractive vvg|tick|ticking in|on|on	1
np|supreme|supreme vvg|use|using dt|a|a np|baronet|baronet vbz|be|is vvn|upholster|upholstered	1
pp|its|its nn|breathing|breathing nns|property|properties in|for|for nn|durability|durability cc|and|and	1
pp|it|it in|as|as pp|it|it vvg|make|making rb|as|as jj|comfortable|comfortable	1
rb|as|as pp|it|it vbz|be|is pp|it|it jj|comfortable|comfortable in|as|as	1
rb|here|here jj|attractive|attractive np|mulberry|mulberry vvn|picture|pictured in|in|in dt|an|an	1
to|to|to nn|support|support vvg|make|making nn|pad|pad vv|provide|provide jj|extra|extra	1
vbz|be|is dt|a|a nn|needle|needle np|supreme|supreme vvn|upholster|upholstered vvg|use|using	1
vbz|be|is dt|the|the jjs|fine|finest nn|spring|spring vvn|enclose|enclosed in|in|in	1
vvg|make|making jj|comfortable|comfortable in|as|as nn|support|support pp|it|it rb|as|as	1
vvg|tick|ticking vvn|turn|turned nn|wood|wood np|mulberry|mulberry in|on|on dt|a|a	1
vvg|use|using vvn|tease|teased nn|hair|hair vvn|upholster|upholstered dt|a|a nn|needle|needle	1
vvn|enclose|enclosed jjs|fine|finest nn|quality|quality vbz|be|is in|in|in dt|the|the	1
vvn|pocket|pocketed vvn|enclose|enclosed in|in|in jj|individual|individual nn|spring|spring vbz|be|is	1
vvn|tease|teased to|to|to vv|provide|provide nn|needle|needle nn|hair|hair nn|pad|pad	1
vvn|upholster|upholstered nn|needle|needle vvn|tease|teased vbz|be|is vvg|use|using dt|a|a	1
vvn|use|used nn|durability|durability cc|and|and nn|calico|calico in|for|for pp|its|its	1
vv|provide|provide vvg|make|making pp|it|it to|to|to jj|extra|extra nn|support|support	1
