cc|and|and nns|property|properties nn|durability|durability nn|breathing|breathing	1
dt|an|an np|mulberry|mulberry in|in|in jj|attractive|attractive	1
dt|a|a nn|wood|wood in|on|on vvn|turn|turned	1
dt|a|a vvn|tease|teased vvg|use|using nn|needle|needle	1
dt|the|the nn|quality|quality in|in|in jjs|fine|finest	1
in|as|as vbz|be|is jj|comfortable|comfortable pp|it|it	1
in|for|for nn|durability|durability vvn|use|used pp|its|its	1
in|in|in jjs|fine|finest vvn|enclose|enclosed dt|the|the	1
in|in|in jj|attractive|attractive rb|here|here dt|an|an	1
in|on|on vvn|turn|turned vvg|tick|ticking dt|a|a	1
jjs|fine|finest nn|cotton|cotton dt|the|the nn|quality|quality	1
jj|attractive|attractive vvg|tick|ticking dt|an|an np|mulberry|mulberry	1
jj|comfortable|comfortable pp|it|it rb|as|as in|as|as	1
jj|extra|extra vvg|make|making vv|provide|provide nn|support|support	1
jj|individual|individual nn|spring|spring dt|each|each vvn|pocket|pocketed	1
nn|calico|calico in|for|for nn|cotton|cotton vvn|use|used	1
nn|cotton|cotton vvn|use|used nn|quality|quality nn|calico|calico	1
nn|durability|durability nn|breathing|breathing pp|its|its cc|and|and	1
nn|hair|hair to|to|to vvn|tease|teased nn|pad|pad	1
nn|needle|needle nn|hair|hair dt|a|a vvn|tease|teased	1
nn|pad|pad vv|provide|provide nn|hair|hair to|to|to	1
nn|quality|quality nn|calico|calico jjs|fine|finest nn|cotton|cotton	1
nn|spring|spring vvn|enclose|enclosed vvn|pocket|pocketed vbz|be|is	1
nn|support|support pp|it|it jj|extra|extra vvg|make|making	1
nn|wood|wood np|the|the vvn|turn|turned nn|leg|leg	1
np|baronet|baronet vbz|be|is np|the|the np|supreme|supreme	1
np|mulberry|mulberry in|on|on jj|attractive|attractive vvg|tick|ticking	1
np|supreme|supreme vvn|upholster|upholstered np|baronet|baronet vbz|be|is	1
pp|its|its cc|and|and in|for|for nn|durability|durability	1
pp|it|it jj|affordable|affordable in|as|as vbz|be|is	1
pp|it|it jj|comfortable|comfortable vvg|make|making rb|as|as	1
rb|as|as in|as|as pp|it|it jj|comfortable|comfortable	1
rb|here|here dt|an|an vvn|picture|pictured in|in|in	1
to|to|to jj|extra|extra nn|pad|pad vv|provide|provide	1
vbz|be|is in|in|in nn|spring|spring vvn|enclose|enclosed	1
vbz|be|is vvg|use|using np|supreme|supreme vvn|upholster|upholstered	1
vvg|make|making rb|as|as nn|support|support pp|it|it	1
vvg|tick|ticking dt|a|a np|mulberry|mulberry in|on|on	1
vvg|use|using nn|needle|needle vvn|upholster|upholstered dt|a|a	1
vvn|enclose|enclosed dt|the|the vbz|be|is in|in|in	1
vvn|pocket|pocketed vbz|be|is jj|individual|individual nn|spring|spring	1
vvn|tease|teased nn|pad|pad nn|needle|needle nn|hair|hair	1
vvn|turn|turned nn|leg|leg dt|a|a nn|wood|wood	1
vvn|upholster|upholstered dt|a|a vbz|be|is vvg|use|using	1
vvn|use|used pp|its|its nn|calico|calico in|for|for	1
vv|provide|provide nn|support|support to|to|to jj|extra|extra	1
