cc|and|and vvn|use|used in|for|for pp|its|its nn|breathing|breathing nn|durability|durability	1
dt|a|a jj|attractive|attractive np|mulberry|mulberry vvg|tick|ticking vvn|turn|turned in|on|on	1
dt|a|a np|supreme|supreme vbz|be|is vvn|upholster|upholstered nn|needle|needle vvg|use|using	1
dt|the|the nn|spring|spring vbz|be|is vvn|enclose|enclosed jjs|fine|finest in|in|in	1
in|as|as vvg|make|making pp|it|it rb|as|as pp|it|it jj|comfortable|comfortable	1
in|for|for nn|quality|quality nn|cotton|cotton nn|calico|calico pp|its|its vvn|use|used	1
in|in|in vvn|pocket|pocketed nn|spring|spring vbz|be|is dt|the|the vvn|enclose|enclosed	1
in|on|on dt|an|an jj|attractive|attractive np|mulberry|mulberry dt|a|a vvg|tick|ticking	1
jjs|fine|finest vbz|be|is vvn|enclose|enclosed in|in|in nn|quality|quality dt|the|the	1
jj|attractive|attractive vvn|picture|pictured rb|here|here in|in|in np|mulberry|mulberry dt|an|an	1
jj|comfortable|comfortable nn|support|support vvg|make|making pp|it|it in|as|as rb|as|as	1
jj|extra|extra nn|hair|hair nn|pad|pad to|to|to nn|support|support vv|provide|provide	1
nn|breathing|breathing in|for|for pp|its|its nn|durability|durability nns|property|properties cc|and|and	1
nn|calico|calico dt|the|the jjs|fine|finest nn|quality|quality vvn|use|used nn|cotton|cotton	1
nn|cotton|cotton in|in|in dt|the|the jjs|fine|finest nn|calico|calico nn|quality|quality	1
nn|durability|durability nn|calico|calico vvn|use|used in|for|for cc|and|and pp|its|its	1
nn|hair|hair vvg|use|using dt|a|a nn|needle|needle nn|pad|pad vvn|tease|teased	1
nn|leg|leg in|on|on dt|a|a vvn|turn|turned np|the|the nn|wood|wood	1
nn|needle|needle vbz|be|is vvn|upholster|upholstered vvg|use|using vvn|tease|teased dt|a|a	1
nn|pad|pad dt|a|a nn|needle|needle vvn|tease|teased to|to|to nn|hair|hair	1
nn|quality|quality vvn|enclose|enclosed in|in|in dt|the|the nn|cotton|cotton jjs|fine|finest	1
nn|support|support nn|pad|pad to|to|to vv|provide|provide vvg|make|making jj|extra|extra	1
nn|wood|wood vvg|tick|ticking in|on|on dt|a|a nn|leg|leg vvn|turn|turned	1
np|mulberry|mulberry rb|here|here in|in|in dt|an|an vvg|tick|ticking jj|attractive|attractive	1
pp|its|its nn|cotton|cotton nn|calico|calico vvn|use|used nn|durability|durability in|for|for	1
pp|it|it pp|it|it rb|as|as jj|comfortable|comfortable vbz|be|is in|as|as	1
pp|it|it vv|provide|provide jj|extra|extra nn|support|support rb|as|as vvg|make|making	1
rb|as|as jj|extra|extra nn|support|support vvg|make|making jj|comfortable|comfortable pp|it|it	1
to|to|to nn|needle|needle vvn|tease|teased nn|hair|hair vv|provide|provide nn|pad|pad	1
vbz|be|is dt|each|each jj|individual|individual vvn|pocket|pocketed vvn|enclose|enclosed nn|spring|spring	1
vbz|be|is rb|as|as jj|comfortable|comfortable in|as|as jj|affordable|affordable pp|it|it	1
vvg|make|making to|to|to vv|provide|provide jj|extra|extra pp|it|it nn|support|support	1
vvg|tick|ticking in|in|in dt|an|an jj|attractive|attractive in|on|on np|mulberry|mulberry	1
vvg|use|using np|baronet|baronet np|supreme|supreme vbz|be|is dt|a|a vvn|upholster|upholstered	1
vvn|enclose|enclosed jj|individual|individual vvn|pocket|pocketed nn|spring|spring in|in|in vbz|be|is	1
vvn|tease|teased vvn|upholster|upholstered vvg|use|using dt|a|a nn|hair|hair nn|needle|needle	1
vvn|turn|turned np|mulberry|mulberry vvg|tick|ticking in|on|on nn|wood|wood dt|a|a	1
vvn|upholster|upholstered np|the|the np|baronet|baronet np|supreme|supreme vvg|use|using vbz|be|is	1
vvn|use|used jjs|fine|finest nn|quality|quality nn|cotton|cotton in|for|for nn|calico|calico	1
vv|provide|provide vvn|tease|teased nn|hair|hair nn|pad|pad jj|extra|extra to|to|to	1
