cc|and|and nns|property|properties $ pp|its|its nn|durability|durability nn|breathing|breathing	1
dt|an|an np|mulberry|mulberry vvg|tick|ticking rb|here|here in|in|in jj|attractive|attractive	1
dt|a|a nn|wood|wood nn|leg|leg vvg|tick|ticking in|on|on vvn|turn|turned	1
dt|a|a vvn|tease|teased nn|hair|hair vvn|upholster|upholstered vvg|use|using nn|needle|needle	1
dt|each|each vvn|pocket|pocketed nn|spring|spring $ $ jj|individual|individual	1
dt|the|the nn|quality|quality nn|cotton|cotton vvn|enclose|enclosed in|in|in jjs|fine|finest	1
in|as|as vbz|be|is jj|affordable|affordable rb|as|as jj|comfortable|comfortable pp|it|it	1
in|for|for nn|durability|durability cc|and|and nn|calico|calico vvn|use|used pp|its|its	1
in|in|in jjs|fine|finest nn|quality|quality vbz|be|is vvn|enclose|enclosed dt|the|the	1
in|in|in jj|attractive|attractive np|mulberry|mulberry vvn|picture|pictured rb|here|here dt|an|an	1
in|on|on vvn|turn|turned nn|wood|wood np|mulberry|mulberry vvg|tick|ticking dt|a|a	1
jjs|fine|finest nn|cotton|cotton nn|calico|calico in|in|in dt|the|the nn|quality|quality	1
jj|affordable|affordable $ $ pp|it|it vbz|be|is $	1
jj|attractive|attractive vvg|tick|ticking in|on|on in|in|in dt|an|an np|mulberry|mulberry	1
jj|comfortable|comfortable pp|it|it vbz|be|is pp|it|it rb|as|as in|as|as	1
jj|extra|extra vvg|make|making pp|it|it to|to|to vv|provide|provide nn|support|support	1
jj|individual|individual nn|spring|spring vbz|be|is $ dt|each|each vvn|pocket|pocketed	1
nns|property|properties $ $ cc|and|and nn|breathing|breathing $	1
nn|breathing|breathing $ $ nn|durability|durability cc|and|and nns|property|properties	1
nn|calico|calico in|for|for pp|its|its nn|quality|quality nn|cotton|cotton vvn|use|used	1
nn|cotton|cotton vvn|use|used in|for|for jjs|fine|finest nn|quality|quality nn|calico|calico	1
nn|durability|durability nn|breathing|breathing nns|property|properties in|for|for pp|its|its cc|and|and	1
nn|hair|hair to|to|to vv|provide|provide nn|needle|needle vvn|tease|teased nn|pad|pad	1
nn|leg|leg $ $ vvn|turn|turned nn|wood|wood np|the|the	1
nn|needle|needle nn|hair|hair nn|pad|pad vvg|use|using dt|a|a vvn|tease|teased	1
nn|pad|pad vv|provide|provide jj|extra|extra vvn|tease|teased nn|hair|hair to|to|to	1
nn|quality|quality nn|calico|calico vvn|use|used dt|the|the jjs|fine|finest nn|cotton|cotton	1
nn|spring|spring vvn|enclose|enclosed in|in|in jj|individual|individual vvn|pocket|pocketed vbz|be|is	1
nn|support|support pp|it|it rb|as|as vv|provide|provide jj|extra|extra vvg|make|making	1
nn|wood|wood np|the|the $ dt|a|a vvn|turn|turned nn|leg|leg	1
np|baronet|baronet vbz|be|is vvn|upholster|upholstered $ np|the|the np|supreme|supreme	1
np|mulberry|mulberry in|on|on dt|a|a dt|an|an jj|attractive|attractive vvg|tick|ticking	1
np|supreme|supreme vvn|upholster|upholstered vvg|use|using np|the|the np|baronet|baronet vbz|be|is	1
np|the|the $ $ nn|wood|wood nn|leg|leg $	1
np|the|the np|supreme|supreme vbz|be|is $ $ np|baronet|baronet	1
pp|its|its cc|and|and nn|breathing|breathing vvn|use|used in|for|for nn|durability|durability	1
pp|it|it jj|affordable|affordable $ jj|comfortable|comfortable in|as|as vbz|be|is	1
pp|it|it jj|comfortable|comfortable in|as|as nn|support|support vvg|make|making rb|as|as	1
rb|as|as in|as|as pp|it|it vvg|make|making pp|it|it jj|comfortable|comfortable	1
rb|here|here dt|an|an jj|attractive|attractive $ vvn|picture|pictured in|in|in	1
to|to|to jj|extra|extra nn|support|support nn|hair|hair nn|pad|pad vv|provide|provide	1
vbz|be|is $ $ in|as|as pp|it|it jj|affordable|affordable	1
vbz|be|is in|in|in dt|the|the vvn|pocket|pocketed nn|spring|spring vvn|enclose|enclosed	1
vbz|be|is vvg|use|using dt|a|a np|baronet|baronet np|supreme|supreme vvn|upholster|upholstered	1
vvg|make|making rb|as|as jj|comfortable|comfortable jj|extra|extra nn|support|support pp|it|it	1
vvg|tick|ticking dt|a|a vvn|turn|turned jj|attractive|attractive np|mulberry|mulberry in|on|on	1
vvg|use|using nn|needle|needle vvn|tease|teased vbz|be|is vvn|upholster|upholstered dt|a|a	1
vvn|enclose|enclosed dt|the|the jjs|fine|finest nn|spring|spring vbz|be|is in|in|in	1
vvn|picture|pictured in|in|in dt|an|an $ $ rb|here|here	1
vvn|pocket|pocketed vbz|be|is vvn|enclose|enclosed dt|each|each jj|individual|individual nn|spring|spring	1
vvn|tease|teased nn|pad|pad to|to|to dt|a|a nn|needle|needle nn|hair|hair	1
vvn|turn|turned nn|leg|leg np|the|the in|on|on dt|a|a nn|wood|wood	1
vvn|upholster|upholstered dt|a|a nn|needle|needle np|supreme|supreme vbz|be|is vvg|use|using	1
vvn|use|used pp|its|its nn|durability|durability nn|cotton|cotton nn|calico|calico in|for|for	1
vv|provide|provide nn|support|support vvg|make|making nn|pad|pad to|to|to jj|extra|extra	1
