cc|and|and nns|property|properties pp|its|its $ nn|durability|durability nn|breathing|breathing	1
dt|an|an np|mulberry|mulberry rb|here|here vvg|tick|ticking in|in|in jj|attractive|attractive	1
dt|a|a nn|wood|wood vvg|tick|ticking nn|leg|leg in|on|on vvn|turn|turned	1
dt|a|a vvn|tease|teased vvn|upholster|upholstered nn|hair|hair vvg|use|using nn|needle|needle	1
dt|each|each vvn|pocket|pocketed $ nn|spring|spring $ jj|individual|individual	1
dt|the|the nn|quality|quality vvn|enclose|enclosed nn|cotton|cotton in|in|in jjs|fine|finest	1
in|as|as vbz|be|is rb|as|as jj|affordable|affordable jj|comfortable|comfortable pp|it|it	1
in|for|for nn|durability|durability nn|calico|calico cc|and|and vvn|use|used pp|its|its	1
in|in|in jjs|fine|finest vbz|be|is nn|quality|quality vvn|enclose|enclosed dt|the|the	1
in|in|in jj|attractive|attractive vvn|picture|pictured np|mulberry|mulberry rb|here|here dt|an|an	1
in|on|on vvn|turn|turned np|mulberry|mulberry nn|wood|wood vvg|tick|ticking dt|a|a	1
jjs|fine|finest nn|cotton|cotton in|in|in nn|calico|calico dt|the|the nn|quality|quality	1
jj|affordable|affordable $ pp|it|it $ vbz|be|is $	1
jj|attractive|attractive vvg|tick|ticking in|in|in in|on|on dt|an|an np|mulberry|mulberry	1
jj|comfortable|comfortable pp|it|it pp|it|it vbz|be|is rb|as|as in|as|as	1
jj|extra|extra vvg|make|making to|to|to pp|it|it vv|provide|provide nn|support|support	1
jj|individual|individual nn|spring|spring $ vbz|be|is dt|each|each vvn|pocket|pocketed	1
nns|property|properties $ cc|and|and $ nn|breathing|breathing $	1
nn|breathing|breathing $ nn|durability|durability $ cc|and|and nns|property|properties	1
nn|calico|calico in|for|for nn|quality|quality pp|its|its nn|cotton|cotton vvn|use|used	1
nn|cotton|cotton vvn|use|used jjs|fine|finest in|for|for nn|quality|quality nn|calico|calico	1
nn|durability|durability nn|breathing|breathing in|for|for nns|property|properties pp|its|its cc|and|and	1
nn|hair|hair to|to|to nn|needle|needle vv|provide|provide vvn|tease|teased nn|pad|pad	1
nn|leg|leg $ vvn|turn|turned $ nn|wood|wood np|the|the	1
nn|needle|needle nn|hair|hair vvg|use|using nn|pad|pad dt|a|a vvn|tease|teased	1
nn|pad|pad vv|provide|provide vvn|tease|teased jj|extra|extra nn|hair|hair to|to|to	1
nn|quality|quality nn|calico|calico dt|the|the vvn|use|used jjs|fine|finest nn|cotton|cotton	1
nn|spring|spring vvn|enclose|enclosed jj|individual|individual in|in|in vvn|pocket|pocketed vbz|be|is	1
nn|support|support pp|it|it vv|provide|provide rb|as|as jj|extra|extra vvg|make|making	1
nn|wood|wood np|the|the dt|a|a $ vvn|turn|turned nn|leg|leg	1
np|baronet|baronet vbz|be|is $ vvn|upholster|upholstered np|the|the np|supreme|supreme	1
np|mulberry|mulberry in|on|on dt|an|an dt|a|a jj|attractive|attractive vvg|tick|ticking	1
np|supreme|supreme vvn|upholster|upholstered np|the|the vvg|use|using np|baronet|baronet vbz|be|is	1
np|the|the $ nn|wood|wood $ nn|leg|leg $	1
np|the|the np|supreme|supreme $ vbz|be|is $ np|baronet|baronet	1
pp|its|its cc|and|and vvn|use|used nn|breathing|breathing in|for|for nn|durability|durability	1
pp|it|it jj|affordable|affordable jj|comfortable|comfortable $ in|as|as vbz|be|is	1
pp|it|it jj|comfortable|comfortable nn|support|support in|as|as vvg|make|making rb|as|as	1
rb|as|as in|as|as vvg|make|making pp|it|it pp|it|it jj|comfortable|comfortable	1
rb|here|here dt|an|an $ jj|attractive|attractive vvn|picture|pictured in|in|in	1
to|to|to jj|extra|extra nn|hair|hair nn|support|support nn|pad|pad vv|provide|provide	1
vbz|be|is $ in|as|as $ pp|it|it jj|affordable|affordable	1
vbz|be|is in|in|in vvn|pocket|pocketed dt|the|the nn|spring|spring vvn|enclose|enclosed	1
vbz|be|is vvg|use|using np|baronet|baronet dt|a|a np|supreme|supreme vvn|upholster|upholstered	1
vvg|make|making rb|as|as jj|extra|extra jj|comfortable|comfortable nn|support|support pp|it|it	1
vvg|tick|ticking dt|a|a jj|attractive|attractive vvn|turn|turned np|mulberry|mulberry in|on|on	1
vvg|use|using nn|needle|needle vbz|be|is vvn|tease|teased vvn|upholster|upholstered dt|a|a	1
vvn|enclose|enclosed dt|the|the nn|spring|spring jjs|fine|finest vbz|be|is in|in|in	1
vvn|picture|pictured in|in|in $ dt|an|an $ rb|here|here	1
vvn|pocket|pocketed vbz|be|is dt|each|each vvn|enclose|enclosed jj|individual|individual nn|spring|spring	1
vvn|tease|teased nn|pad|pad dt|a|a to|to|to nn|needle|needle nn|hair|hair	1
vvn|turn|turned nn|leg|leg in|on|on np|the|the dt|a|a nn|wood|wood	1
vvn|upholster|upholstered dt|a|a np|supreme|supreme nn|needle|needle vbz|be|is vvg|use|using	1
vvn|use|used pp|its|its nn|cotton|cotton nn|durability|durability nn|calico|calico in|for|for	1
vv|provide|provide nn|support|support nn|pad|pad vvg|make|making to|to|to jj|extra|extra	1
