cc|and|and nn|breathing|breathing nns|property|properties $ pp|its|its nn|durability|durability	1
dt|an|an jj|attractive|attractive np|mulberry|mulberry vvg|tick|ticking rb|here|here in|in|in	1
dt|a|a nn|needle|needle vvn|tease|teased nn|hair|hair vvn|upholster|upholstered vvg|use|using	1
dt|a|a vvn|turn|turned nn|wood|wood nn|leg|leg vvg|tick|ticking in|on|on	1
dt|each|each jj|individual|individual vvn|pocket|pocketed nn|spring|spring $ $	1
dt|the|the jjs|fine|finest nn|quality|quality nn|cotton|cotton vvn|enclose|enclosed in|in|in	1
in|as|as pp|it|it vbz|be|is jj|affordable|affordable rb|as|as jj|comfortable|comfortable	1
in|for|for pp|its|its nn|durability|durability cc|and|and nn|calico|calico vvn|use|used	1
in|in|in dt|an|an jj|attractive|attractive np|mulberry|mulberry vvn|picture|pictured rb|here|here	1
in|in|in dt|the|the jjs|fine|finest nn|quality|quality vbz|be|is vvn|enclose|enclosed	1
in|on|on dt|a|a vvn|turn|turned nn|wood|wood np|mulberry|mulberry vvg|tick|ticking	1
jjs|fine|finest nn|quality|quality nn|cotton|cotton nn|calico|calico in|in|in dt|the|the	1
jj|affordable|affordable $ $ $ pp|it|it vbz|be|is	1
jj|attractive|attractive np|mulberry|mulberry vvg|tick|ticking in|on|on in|in|in dt|an|an	1
jj|comfortable|comfortable in|as|as pp|it|it vbz|be|is pp|it|it rb|as|as	1
jj|extra|extra nn|support|support vvg|make|making pp|it|it to|to|to vv|provide|provide	1
jj|individual|individual vvn|pocket|pocketed nn|spring|spring vbz|be|is $ dt|each|each	1
nns|property|properties $ $ $ cc|and|and nn|breathing|breathing	1
nn|breathing|breathing nns|property|properties $ $ nn|durability|durability cc|and|and	1
nn|calico|calico vvn|use|used in|for|for pp|its|its nn|quality|quality nn|cotton|cotton	1
nn|cotton|cotton nn|calico|calico vvn|use|used in|for|for jjs|fine|finest nn|quality|quality	1
nn|durability|durability cc|and|and nn|breathing|breathing nns|property|properties in|for|for pp|its|its	1
nn|hair|hair nn|pad|pad to|to|to vv|provide|provide nn|needle|needle vvn|tease|teased	1
nn|leg|leg np|the|the $ $ vvn|turn|turned nn|wood|wood	1
nn|needle|needle vvn|tease|teased nn|hair|hair nn|pad|pad vvg|use|using dt|a|a	1
nn|pad|pad to|to|to vv|provide|provide jj|extra|extra vvn|tease|teased nn|hair|hair	1
nn|quality|quality nn|cotton|cotton nn|calico|calico vvn|use|used dt|the|the jjs|fine|finest	1
nn|spring|spring vbz|be|is vvn|enclose|enclosed in|in|in jj|individual|individual vvn|pocket|pocketed	1
nn|support|support vvg|make|making pp|it|it rb|as|as vv|provide|provide jj|extra|extra	1
nn|wood|wood nn|leg|leg np|the|the $ dt|a|a vvn|turn|turned	1
np|baronet|baronet np|supreme|supreme vbz|be|is vvn|upholster|upholstered $ np|the|the	1
np|mulberry|mulberry vvg|tick|ticking in|on|on dt|a|a dt|an|an jj|attractive|attractive	1
np|supreme|supreme vbz|be|is vvn|upholster|upholstered vvg|use|using np|the|the np|baronet|baronet	1
np|the|the $ $ $ nn|wood|wood nn|leg|leg	1
np|the|the np|baronet|baronet np|supreme|supreme vbz|be|is $ $	1
pp|its|its nn|durability|durability cc|and|and nn|breathing|breathing vvn|use|used in|for|for	1
pp|it|it rb|as|as jj|comfortable|comfortable in|as|as nn|support|support vvg|make|making	1
pp|it|it vbz|be|is jj|affordable|affordable $ jj|comfortable|comfortable in|as|as	1
rb|as|as jj|comfortable|comfortable in|as|as pp|it|it vvg|make|making pp|it|it	1
rb|here|here in|in|in dt|an|an jj|attractive|attractive $ vvn|picture|pictured	1
to|to|to vv|provide|provide jj|extra|extra nn|support|support nn|hair|hair nn|pad|pad	1
vbz|be|is jj|affordable|affordable $ $ in|as|as pp|it|it	1
vbz|be|is vvn|enclose|enclosed in|in|in dt|the|the vvn|pocket|pocketed nn|spring|spring	1
vbz|be|is vvn|upholster|upholstered vvg|use|using dt|a|a np|baronet|baronet np|supreme|supreme	1
vvg|make|making pp|it|it rb|as|as jj|comfortable|comfortable jj|extra|extra nn|support|support	1
vvg|tick|ticking in|on|on dt|a|a vvn|turn|turned jj|attractive|attractive np|mulberry|mulberry	1
vvg|use|using dt|a|a nn|needle|needle vvn|tease|teased vbz|be|is vvn|upholster|upholstered	1
vvn|enclose|enclosed in|in|in dt|the|the jjs|fine|finest nn|spring|spring vbz|be|is	1
vvn|picture|pictured rb|here|here in|in|in dt|an|an $ $	1
vvn|pocket|pocketed nn|spring|spring vbz|be|is vvn|enclose|enclosed dt|each|each jj|individual|individual	1
vvn|tease|teased nn|hair|hair nn|pad|pad to|to|to dt|a|a nn|needle|needle	1
vvn|turn|turned nn|wood|wood nn|leg|leg np|the|the in|on|on dt|a|a	1
vvn|upholster|upholstered vvg|use|using dt|a|a nn|needle|needle np|supreme|supreme vbz|be|is	1
vvn|use|used in|for|for pp|its|its nn|durability|durability nn|cotton|cotton nn|calico|calico	1
vv|provide|provide jj|extra|extra nn|support|support vvg|make|making nn|pad|pad to|to|to	1
