a sentence with $	7
an example of a	7
and if that is	7
åber åber åber åber	2
åber åber åber this	1
åber åber this this	1
åber this this this	1
case then the n-gram	7
counter will deal with	7
deal with it $	1
deal with it this	6
example of a sentence	7
finland finland finland finland	6
finland finland finland straße	1
finland finland straße straße	1
finland finland thisissimplyalongword thisissimplyalongword	1
finland straße straße straße	1
finland thisissimplyalongword thisissimplyalongword thisissimplyalongword	1
if that is the	7
is an example of	7
is the case then	7
it $ $ $	1
it this is an	6
n-gram counter will deal	7
of a sentence with	7
sentence with $ $	7
strasse åber åber åber	1
straße strasse åber åber	1
straße straße strasse åber	1
straße straße straße strasse	1
straße straße straße straße	2
test finland finland finland	1
test test finland finland	1
test test test finland	1
test test test test	2
that is the case	7
the case then the	7
the n-gram counter will	7
then the n-gram counter	7
this finland finland thisissimplyalongword	1
this is an example	7
this this finland finland	1
this this this finland	1
this this this this	3
thisisawordwithfortycharactersaaaaaaaaaa thisisawordwithfortycharactersaaaaaaaaaa thisisawordwithfortycharactersaaaaaaaaaa thisisawordwithfortycharactersaaaaaaaaaa	3
thisisawordwithfortycharactersaaaaaaaaaa thisisawordwithfortycharactersaaaaaaaaaa thisisawordwithfortycharactersaaaaaaaaaa thisisawordwiththirtyninecharactsaaaaaa	1
thisisawordwithfortycharactersaaaaaaaaaa thisisawordwithfortycharactersaaaaaaaaaa thisisawordwiththirtyninecharactsaaaaaa thisisawordwiththirtyninecharactsaaaaaa	1
thisisawordwithfortycharactersaaaaaaaaaa thisisawordwiththirtyninecharactsaaaaaa thisisawordwiththirtyninecharactsaaaaaa thisisawordwiththirtyninecharactsaaaaaa	1
thisisawordwiththirtyninecharactsaaaaaa $ $ $	1
thisisawordwiththirtyninecharactsaaaaaa thisisawordwiththirtyninecharactsaaaaaa $ $	1
thisisawordwiththirtyninecharactsaaaaaa thisisawordwiththirtyninecharactsaaaaaa thisisawordwiththirtyninecharactsaaaaaa $	1
thisisawordwiththirtyninecharactsaaaaaa thisisawordwiththirtyninecharactsaaaaaa thisisawordwiththirtyninecharactsaaaaaa thisisawordwiththirtyninecharactsaaaaaa	4
thisissimplyalongword thisisawordwithfortycharactersaaaaaaaaaa thisisawordwithfortycharactersaaaaaaaaaa thisisawordwithfortycharactersaaaaaaaaaa	1
thisissimplyalongword thisissimplyalongword thisisawordwithfortycharactersaaaaaaaaaa thisisawordwithfortycharactersaaaaaaaaaa	1
thisissimplyalongword thisissimplyalongword thisissimplyalongword thisisawordwithfortycharactersaaaaaaaaaa	1
thisissimplyalongword thisissimplyalongword thisissimplyalongword thisissimplyalongword	3
will deal with it	7
with $ $ $	7
with it $ $	1
with it this is	6
