Word	RawFreq	FreqPerMillion
a	7	33980.583
an	7	33980.583
and	7	33980.583
case	7	33980.583
counter	7	33980.583
deal	7	33980.583
example	7	33980.583
finland	11	53398.058
if	7	33980.583
is	14	67961.165
it	7	33980.583
n-gram	7	33980.583
of	7	33980.583
sentence	7	33980.583
straße	5	24271.845
test	5	24271.845
that	7	33980.583
the	14	67961.165
then	7	33980.583
this	13	63106.796
thisisawordwithfortycharactersaaaaaaaaaa	6	29126.214
thisisawordwiththirtyninecharactsaaaaaa	7	33980.583
thisissimplyalongword	6	29126.214
will	7	33980.583
with	14	67961.165
åber	5	24271.845
