a sentence example of	7
an example this is	7
and if $ $	7
åber åber åber åber	2
åber åber strasse åber	1
åber åber straße strasse	1
åber this åber åber	1
case then is the	7
counter will the n-gram	7
deal with counter will	7
example of is an	7
finland finland finland finland	6
finland finland test finland	1
finland finland test test	1
finland finland this this	1
finland straße finland finland	1
finland thisissimplyalongword this finland	1
if that $ and	7
is an $ this	1
is an it this	6
is the if that	7
it $ deal with	1
it this deal with	6
n-gram counter then the	7
of a an example	7
sentence with of a	7
strasse åber straße straße	1
straße strasse straße straße	1
straße straße finland finland	1
straße straße finland straße	1
straße straße straße straße	2
test finland test test	1
test test $ $	1
test test $ test	1
test test test test	2
that is and if	7
the case that is	7
the n-gram case then	7
then the the case	7
this finland this this	1
this is $ $	1
this is with it	6
this this åber åber	1
this this åber this	1
this this this this	3
thisisawordwithfortycharactersaaaaaaaaaa thisisawordwithfortycharactersaaaaaaaaaa thisisawordwithfortycharactersaaaaaaaaaa thisisawordwithfortycharactersaaaaaaaaaa	3
thisisawordwithfortycharactersaaaaaaaaaa thisisawordwithfortycharactersaaaaaaaaaa thisissimplyalongword thisisawordwithfortycharactersaaaaaaaaaa	1
thisisawordwithfortycharactersaaaaaaaaaa thisisawordwithfortycharactersaaaaaaaaaa thisissimplyalongword thisissimplyalongword	1
thisisawordwithfortycharactersaaaaaaaaaa thisisawordwiththirtyninecharactsaaaaaa thisisawordwithfortycharactersaaaaaaaaaa thisisawordwithfortycharactersaaaaaaaaaa	1
thisisawordwiththirtyninecharactsaaaaaa $ thisisawordwiththirtyninecharactsaaaaaa thisisawordwiththirtyninecharactsaaaaaa	1
thisisawordwiththirtyninecharactsaaaaaa thisisawordwiththirtyninecharactsaaaaaa thisisawordwithfortycharactersaaaaaaaaaa thisisawordwithfortycharactersaaaaaaaaaa	1
thisisawordwiththirtyninecharactsaaaaaa thisisawordwiththirtyninecharactsaaaaaa thisisawordwithfortycharactersaaaaaaaaaa thisisawordwiththirtyninecharactsaaaaaa	1
thisisawordwiththirtyninecharactsaaaaaa thisisawordwiththirtyninecharactsaaaaaa thisisawordwiththirtyninecharactsaaaaaa thisisawordwiththirtyninecharactsaaaaaa	4
thisissimplyalongword thisisawordwithfortycharactersaaaaaaaaaa thisissimplyalongword thisissimplyalongword	1
thisissimplyalongword thisissimplyalongword finland finland	1
thisissimplyalongword thisissimplyalongword finland thisissimplyalongword	1
thisissimplyalongword thisissimplyalongword thisissimplyalongword thisissimplyalongword	3
will deal n-gram counter	7
with $ a sentence	7
with it will deal	7
