Word	RawFreq	FreqPerMillion
a sentence with	7	33980.583
an example of	7	33980.583
and if that	7	33980.583
case then the	7	33980.583
counter will deal	7	33980.583
deal with it	7	33980.583
example of a	7	33980.583
finland finland finland	7	33980.583
if that is	7	33980.583
is an example	7	33980.583
is the case	7	33980.583
it this is	6	29126.214
n-gram counter will	7	33980.583
of a sentence	7	33980.583
that is the	7	33980.583
the case then	7	33980.583
the n-gram counter	7	33980.583
then the n-gram	7	33980.583
this is an	7	33980.583
this this this	4	19417.476
thisisawordwithfortycharactersaaaaaaaaaa thisisawordwithfortycharactersaaaaaaaaaa thisisawordwithfortycharactersaaaaaaaaaa	4	19417.476
thisisawordwiththirtyninecharactsaaaaaa thisisawordwiththirtyninecharactsaaaaaa thisisawordwiththirtyninecharactsaaaaaa	5	24271.845
thisissimplyalongword thisissimplyalongword thisissimplyalongword	4	19417.476
will deal with	7	33980.583
with it this	6	29126.214
