a sentence an example of	7
an example $ this is	1
an example it this is	6
and if $ $ $	7
åber åber åber åber åber	1
åber åber strasse åber åber	1
åber åber straße strasse åber	1
åber åber straße straße strasse	1
åber this åber åber åber	1
case then that is the	7
counter will then the n-gram	7
deal with n-gram counter will	7
example of this is an	7
finland finland finland finland finland	5
finland finland test finland finland	1
finland finland test test finland	1
finland finland test test test	1
finland finland this this this	1
finland straße finland finland finland	1
finland thisissimplyalongword this this finland	1
if that $ $ and	7
is an $ $ this	1
is an with it this	6
is the and if that	7
it $ will deal with	1
it this will deal with	6
n-gram counter case then the	7
of a is an example	7
sentence with example of a	7
strasse åber straße straße straße	1
straße strasse straße straße straße	1
straße straße finland finland finland	1
straße straße finland finland straße	1
straße straße finland straße straße	1
straße straße straße straße straße	1
test finland test test test	1
test test $ $ $	1
test test $ $ test	1
test test $ test test	1
test test test test test	1
that is $ and if	7
the case if that is	7
the n-gram the case then	7
then the is the case	7
this finland this this this	1
this is $ $ $	1
this is deal with it	6
this this åber åber åber	1
this this åber åber this	1
this this åber this this	1
this this this this this	2
thisisawordwithfortycharactersaaaaaaaaaa thisisawordwithfortycharactersaaaaaaaaaa thisisawordwithfortycharactersaaaaaaaaaa thisisawordwithfortycharactersaaaaaaaaaa thisisawordwithfortycharactersaaaaaaaaaa	2
thisisawordwithfortycharactersaaaaaaaaaa thisisawordwithfortycharactersaaaaaaaaaa thisissimplyalongword thisisawordwithfortycharactersaaaaaaaaaa thisisawordwithfortycharactersaaaaaaaaaa	1
thisisawordwithfortycharactersaaaaaaaaaa thisisawordwithfortycharactersaaaaaaaaaa thisissimplyalongword thisissimplyalongword thisisawordwithfortycharactersaaaaaaaaaa	1
thisisawordwithfortycharactersaaaaaaaaaa thisisawordwithfortycharactersaaaaaaaaaa thisissimplyalongword thisissimplyalongword thisissimplyalongword	1
thisisawordwithfortycharactersaaaaaaaaaa thisisawordwiththirtyninecharactsaaaaaa thisisawordwithfortycharactersaaaaaaaaaa thisisawordwithfortycharactersaaaaaaaaaa thisisawordwithfortycharactersaaaaaaaaaa	1
thisisawordwiththirtyninecharactsaaaaaa $ thisisawordwiththirtyninecharactsaaaaaa thisisawordwiththirtyninecharactsaaaaaa thisisawordwiththirtyninecharactsaaaaaa	1
thisisawordwiththirtyninecharactsaaaaaa thisisawordwiththirtyninecharactsaaaaaa thisisawordwithfortycharactersaaaaaaaaaa thisisawordwithfortycharactersaaaaaaaaaa thisisawordwithfortycharactersaaaaaaaaaa	1
thisisawordwiththirtyninecharactsaaaaaa thisisawordwiththirtyninecharactsaaaaaa thisisawordwithfortycharactersaaaaaaaaaa thisisawordwithfortycharactersaaaaaaaaaa thisisawordwiththirtyninecharactsaaaaaa	1
thisisawordwiththirtyninecharactsaaaaaa thisisawordwiththirtyninecharactsaaaaaa thisisawordwithfortycharactersaaaaaaaaaa thisisawordwiththirtyninecharactsaaaaaa thisisawordwiththirtyninecharactsaaaaaa	1
thisisawordwiththirtyninecharactsaaaaaa thisisawordwiththirtyninecharactsaaaaaa thisisawordwiththirtyninecharactsaaaaaa thisisawordwiththirtyninecharactsaaaaaa thisisawordwiththirtyninecharactsaaaaaa	3
thisissimplyalongword thisisawordwithfortycharactersaaaaaaaaaa thisissimplyalongword thisissimplyalongword thisissimplyalongword	1
thisissimplyalongword thisissimplyalongword finland finland thisissimplyalongword	1
thisissimplyalongword thisissimplyalongword finland thisissimplyalongword thisissimplyalongword	1
thisissimplyalongword thisissimplyalongword this finland finland	1
thisissimplyalongword thisissimplyalongword thisissimplyalongword thisissimplyalongword thisissimplyalongword	2
will deal the n-gram counter	7
with $ of a sentence	7
with it counter will deal	7
