a example of	7
an this is	7
and $ $	7
åber åber åber	3
åber strasse åber	1
åber straße strasse	1
case is the	7
counter the n-gram	7
deal counter will	7
example is an	7
finland finland finland	7
finland test finland	1
finland test test	1
finland this finland	1
finland this this	1
if $ and	7
is $ this	1
is if that	7
is it this	6
it deal with	7
n-gram then the	7
of an example	7
sentence of a	7
strasse straße straße	1
straße finland finland	1
straße finland straße	1
straße straße straße	3
test $ $	1
test $ test	1
test test test	3
that and if	7
the case then	7
the that is	7
then the case	7
this $ $	1
this åber åber	1
this åber this	1
this this this	4
this with it	6
thisisawordwithfortycharactersaaaaaaaaaa thisisawordwithfortycharactersaaaaaaaaaa thisisawordwithfortycharactersaaaaaaaaaa	4
thisisawordwithfortycharactersaaaaaaaaaa thisissimplyalongword thisisawordwithfortycharactersaaaaaaaaaa	1
thisisawordwithfortycharactersaaaaaaaaaa thisissimplyalongword thisissimplyalongword	1
thisisawordwiththirtyninecharactsaaaaaa thisisawordwithfortycharactersaaaaaaaaaa thisisawordwithfortycharactersaaaaaaaaaa	1
thisisawordwiththirtyninecharactsaaaaaa thisisawordwithfortycharactersaaaaaaaaaa thisisawordwiththirtyninecharactsaaaaaa	1
thisisawordwiththirtyninecharactsaaaaaa thisisawordwiththirtyninecharactsaaaaaa thisisawordwiththirtyninecharactsaaaaaa	5
thisissimplyalongword finland finland	1
thisissimplyalongword finland thisissimplyalongword	1
thisissimplyalongword thisissimplyalongword thisissimplyalongword	4
will n-gram counter	7
with a sentence	7
with will deal	7
