a sentence of	7
an example is	7
åber åber åber	3
åber åber strasse	1
åber this åber	1
case then the	7
counter will n-gram	7
deal with will	7
example of an	7
finland finland finland	7
finland finland test	1
finland finland this	1
finland straße finland	1
finland thisissimplyalongword finland	1
if that and	7
is an this	7
is the that	7
it this with	6
n-gram counter the	7
of a example	7
sentence with a	7
strasse åber straße	1
straße strasse straße	1
straße straße finland	1
straße straße straße	3
test finland test	1
test test test	3
that is if	7
the case is	7
the n-gram then	7
then the case	7
this finland this	1
this is it	6
this this åber	1
this this this	4
thisisawordwithfortycharactersaaaaaaaaaa thisisawordwithfortycharactersaaaaaaaaaa thisisawordwithfortycharactersaaaaaaaaaa	4
thisisawordwithfortycharactersaaaaaaaaaa thisisawordwithfortycharactersaaaaaaaaaa thisissimplyalongword	1
thisisawordwithfortycharactersaaaaaaaaaa thisisawordwiththirtyninecharactsaaaaaa thisisawordwithfortycharactersaaaaaaaaaa	1
thisisawordwiththirtyninecharactsaaaaaa thisisawordwiththirtyninecharactsaaaaaa thisisawordwithfortycharactersaaaaaaaaaa	1
thisisawordwiththirtyninecharactsaaaaaa thisisawordwiththirtyninecharactsaaaaaa thisisawordwiththirtyninecharactsaaaaaa	5
thisissimplyalongword thisisawordwithfortycharactersaaaaaaaaaa thisissimplyalongword	1
thisissimplyalongword thisissimplyalongword finland	1
thisissimplyalongword thisissimplyalongword thisissimplyalongword	4
will deal counter	7
with it deal	7
