Word	RawFreq	FreqPerMillion
a sentence	7	33980.583
an example	7	33980.583
and if	7	33980.583
case then	7	33980.583
counter will	7	33980.583
deal with	7	33980.583
example of	7	33980.583
finland finland	9	43689.32
if that	7	33980.583
is an	7	33980.583
is the	7	33980.583
it this	6	29126.214
n-gram counter	7	33980.583
of a	7	33980.583
sentence with	7	33980.583
straße straße	4	19417.476
test test	4	19417.476
that is	7	33980.583
the case	7	33980.583
the n-gram	7	33980.583
then the	7	33980.583
this is	7	33980.583
this this	5	24271.845
thisisawordwithfortycharactersaaaaaaaaaa thisisawordwithfortycharactersaaaaaaaaaa	5	24271.845
thisisawordwiththirtyninecharactsaaaaaa thisisawordwiththirtyninecharactsaaaaaa	6	29126.214
thisissimplyalongword thisissimplyalongword	5	24271.845
will deal	7	33980.583
with it	7	33980.583
åber åber	4	19417.476
