a with $ of sentence	7
an of a is example	7
and that is $ if	7
åber åber åber åber åber	1
åber åber åber strasse åber	1
åber åber this åber åber	1
åber this this åber åber	1
åber this this åber this	1
case the n-gram the then	7
counter deal with n-gram will	7
deal it $ will with	1
deal it this will with	6
example a sentence an of	7
finland finland finland finland finland	5
finland finland finland test finland	1
finland finland straße finland finland	1
finland straße straße finland finland	1
finland straße straße finland straße	1
finland thisissimplyalongword thisissimplyalongword finland thisissimplyalongword	1
finland thisissimplyalongword thisissimplyalongword this finland	1
if is the and that	7
is case then that the	7
is example of this an	7
it $ $ with $	1
it is an with this	6
n-gram will deal the counter	7
of sentence with example a	7
sentence $ $ a with	7
strasse åber åber straße åber	1
straße åber åber straße strasse	1
straße strasse åber straße straße	1
straße straße strasse straße straße	1
straße straße straße finland straße	1
straße straße straße straße straße	1
test finland finland test finland	1
test finland finland test test	1
test test finland test test	1
test test test $ test	1
test test test test test	1
that the case if is	7
the counter will then n-gram	7
the then the is case	7
then n-gram counter case the	7
this an example $ is	1
this an example it is	6
this finland finland this this	1
this finland thisissimplyalongword this finland	1
this this finland this this	1
this this this åber this	1
this this this this this	2
thisisawordwithfortycharactersaaaaaaaaaa thisisawordwithfortycharactersaaaaaaaaaa thisisawordwithfortycharactersaaaaaaaaaa thisisawordwithfortycharactersaaaaaaaaaa thisisawordwithfortycharactersaaaaaaaaaa	2
thisisawordwithfortycharactersaaaaaaaaaa thisisawordwithfortycharactersaaaaaaaaaa thisisawordwithfortycharactersaaaaaaaaaa thisissimplyalongword thisisawordwithfortycharactersaaaaaaaaaa	1
thisisawordwithfortycharactersaaaaaaaaaa thisisawordwithfortycharactersaaaaaaaaaa thisisawordwiththirtyninecharactsaaaaaa thisisawordwithfortycharactersaaaaaaaaaa thisisawordwithfortycharactersaaaaaaaaaa	1
thisisawordwithfortycharactersaaaaaaaaaa thisisawordwiththirtyninecharactsaaaaaa thisisawordwiththirtyninecharactsaaaaaa thisisawordwithfortycharactersaaaaaaaaaa thisisawordwithfortycharactersaaaaaaaaaa	1
thisisawordwithfortycharactersaaaaaaaaaa thisisawordwiththirtyninecharactsaaaaaa thisisawordwiththirtyninecharactsaaaaaa thisisawordwithfortycharactersaaaaaaaaaa thisisawordwiththirtyninecharactsaaaaaa	1
thisisawordwiththirtyninecharactsaaaaaa $ $ thisisawordwiththirtyninecharactsaaaaaa $	1
thisisawordwiththirtyninecharactsaaaaaa $ $ thisisawordwiththirtyninecharactsaaaaaa thisisawordwiththirtyninecharactsaaaaaa	1
thisisawordwiththirtyninecharactsaaaaaa thisisawordwiththirtyninecharactsaaaaaa $ thisisawordwiththirtyninecharactsaaaaaa thisisawordwiththirtyninecharactsaaaaaa	1
thisisawordwiththirtyninecharactsaaaaaa thisisawordwiththirtyninecharactsaaaaaa thisisawordwiththirtyninecharactsaaaaaa thisisawordwithfortycharactersaaaaaaaaaa thisisawordwiththirtyninecharactsaaaaaa	1
thisisawordwiththirtyninecharactsaaaaaa thisisawordwiththirtyninecharactsaaaaaa thisisawordwiththirtyninecharactsaaaaaa thisisawordwiththirtyninecharactsaaaaaa thisisawordwiththirtyninecharactsaaaaaa	3
thisissimplyalongword thisisawordwithfortycharactersaaaaaaaaaa thisisawordwithfortycharactersaaaaaaaaaa thisissimplyalongword thisisawordwithfortycharactersaaaaaaaaaa	1
thisissimplyalongword thisisawordwithfortycharactersaaaaaaaaaa thisisawordwithfortycharactersaaaaaaaaaa thisissimplyalongword thisissimplyalongword	1
thisissimplyalongword thisissimplyalongword thisisawordwithfortycharactersaaaaaaaaaa thisissimplyalongword thisissimplyalongword	1
thisissimplyalongword thisissimplyalongword thisissimplyalongword finland thisissimplyalongword	1
thisissimplyalongword thisissimplyalongword thisissimplyalongword thisissimplyalongword thisissimplyalongword	2
will with it counter deal	7
with $ $ deal it	1
with $ $ sentence $	7
with this is deal it	6
