a an example sentence with of	7
an $ this example of is	1
an it this example of is	6
and $ $ if that $	7
åber åber åber åber this åber	1
åber åber åber this this åber	1
åber strasse åber åber åber åber	1
åber straße strasse åber åber åber	1
åber straße straße åber åber strasse	1
case that is then the the	7
counter then the will deal n-gram	7
deal n-gram counter with it will	7
example this is of a an	7
finland finland finland finland finland finland	4
finland finland finland finland straße finland	1
finland finland finland straße straße finland	1
finland test finland finland finland finland	1
finland test test finland finland finland	1
finland test test finland finland test	1
finland this this finland thisissimplyalongword this	1
finland this this thisissimplyalongword thisissimplyalongword finland	1
if $ $ that is and	7
is $ $ an example this	1
is and if the case that	7
is with it an example this	6
it will deal $ $ with	1
it will deal this is with	6
n-gram case then counter will the	7
of is an a sentence example	7
sentence example of with $ a	7
strasse straße straße åber åber straße	1
straße finland finland straße straße finland	1
straße finland finland straße straße straße	1
straße finland straße straße straße straße	1
straße straße straße strasse åber straße	1
straße straße straße straße strasse straße	1
test $ $ test test $	1
test $ $ test test test	1
test $ test test test test	1
test test test finland finland test	1
test test test test finland test	1
that $ and is the if	7
the if that case then is	7
the the case n-gram counter then	7
then is the the n-gram case	7
this $ $ is an $	1
this åber åber this this åber	1
this åber åber this this this	1
this åber this this this this	1
this deal with is an it	6
this this this finland finland this	1
this this this this finland this	1
this this this this this this	1
thisisawordwithfortycharactersaaaaaaaaaa thisisawordwithfortycharactersaaaaaaaaaa thisisawordwithfortycharactersaaaaaaaaaa thisisawordwithfortycharactersaaaaaaaaaa thisisawordwithfortycharactersaaaaaaaaaa thisisawordwithfortycharactersaaaaaaaaaa	1
thisisawordwithfortycharactersaaaaaaaaaa thisisawordwithfortycharactersaaaaaaaaaa thisisawordwithfortycharactersaaaaaaaaaa thisisawordwithfortycharactersaaaaaaaaaa thisisawordwiththirtyninecharactsaaaaaa thisisawordwithfortycharactersaaaaaaaaaa	1
thisisawordwithfortycharactersaaaaaaaaaa thisisawordwithfortycharactersaaaaaaaaaa thisisawordwithfortycharactersaaaaaaaaaa thisisawordwiththirtyninecharactsaaaaaa thisisawordwiththirtyninecharactsaaaaaa thisisawordwithfortycharactersaaaaaaaaaa	1
thisisawordwithfortycharactersaaaaaaaaaa thisissimplyalongword thisisawordwithfortycharactersaaaaaaaaaa thisisawordwithfortycharactersaaaaaaaaaa thisisawordwithfortycharactersaaaaaaaaaa thisisawordwithfortycharactersaaaaaaaaaa	1
thisisawordwithfortycharactersaaaaaaaaaa thisissimplyalongword thisissimplyalongword thisisawordwithfortycharactersaaaaaaaaaa thisisawordwithfortycharactersaaaaaaaaaa thisisawordwithfortycharactersaaaaaaaaaa	1
thisisawordwithfortycharactersaaaaaaaaaa thisissimplyalongword thisissimplyalongword thisisawordwithfortycharactersaaaaaaaaaa thisisawordwithfortycharactersaaaaaaaaaa thisissimplyalongword	1
thisisawordwiththirtyninecharactsaaaaaa thisisawordwithfortycharactersaaaaaaaaaa thisisawordwithfortycharactersaaaaaaaaaa thisisawordwiththirtyninecharactsaaaaaa thisisawordwiththirtyninecharactsaaaaaa thisisawordwithfortycharactersaaaaaaaaaa	1
thisisawordwiththirtyninecharactsaaaaaa thisisawordwithfortycharactersaaaaaaaaaa thisisawordwithfortycharactersaaaaaaaaaa thisisawordwiththirtyninecharactsaaaaaa thisisawordwiththirtyninecharactsaaaaaa thisisawordwiththirtyninecharactsaaaaaa	1
thisisawordwiththirtyninecharactsaaaaaa thisisawordwithfortycharactersaaaaaaaaaa thisisawordwiththirtyninecharactsaaaaaa thisisawordwiththirtyninecharactsaaaaaa thisisawordwiththirtyninecharactsaaaaaa thisisawordwiththirtyninecharactsaaaaaa	1
thisisawordwiththirtyninecharactsaaaaaa thisisawordwiththirtyninecharactsaaaaaa thisisawordwiththirtyninecharactsaaaaaa $ $ thisisawordwiththirtyninecharactsaaaaaa	1
thisisawordwiththirtyninecharactsaaaaaa thisisawordwiththirtyninecharactsaaaaaa thisisawordwiththirtyninecharactsaaaaaa thisisawordwiththirtyninecharactsaaaaaa $ thisisawordwiththirtyninecharactsaaaaaa	1
thisisawordwiththirtyninecharactsaaaaaa thisisawordwiththirtyninecharactsaaaaaa thisisawordwiththirtyninecharactsaaaaaa thisisawordwiththirtyninecharactsaaaaaa thisisawordwiththirtyninecharactsaaaaaa thisisawordwiththirtyninecharactsaaaaaa	2
thisissimplyalongword finland finland thisissimplyalongword thisissimplyalongword thisissimplyalongword	1
thisissimplyalongword finland thisissimplyalongword thisissimplyalongword thisissimplyalongword thisissimplyalongword	1
thisissimplyalongword this finland thisissimplyalongword thisissimplyalongword finland	1
thisissimplyalongword thisissimplyalongword thisissimplyalongword thisisawordwithfortycharactersaaaaaaaaaa thisisawordwithfortycharactersaaaaaaaaaa thisissimplyalongword	1
thisissimplyalongword thisissimplyalongword thisissimplyalongword thisissimplyalongword thisisawordwithfortycharactersaaaaaaaaaa thisissimplyalongword	1
thisissimplyalongword thisissimplyalongword thisissimplyalongword thisissimplyalongword thisissimplyalongword thisissimplyalongword	1
will the n-gram deal with counter	7
with counter will it $ deal	1
with counter will it this deal	6
with of a $ $ sentence	7
