a sentence with	7
an example of	7
and if that	7
åber åber åber	3
åber åber this	1
åber this this	1
case then the	7
counter will deal	7
deal with it	7
example of a	7
finland finland finland	7
finland finland straße	1
finland finland thisissimplyalongword	1
finland straße straße	1
finland thisissimplyalongword thisissimplyalongword	1
if that is	7
is an example	7
is the case	7
it $ $	1
it this is	6
n-gram counter will	7
of a sentence	7
sentence with $	7
strasse åber åber	1
straße strasse åber	1
straße straße strasse	1
straße straße straße	3
test finland finland	1
test test finland	1
test test test	3
that is the	7
the case then	7
the n-gram counter	7
then the n-gram	7
this finland finland	1
this is an	7
this this finland	1
this this this	4
thisisawordwithfortycharactersaaaaaaaaaa thisisawordwithfortycharactersaaaaaaaaaa thisisawordwithfortycharactersaaaaaaaaaa	4
thisisawordwithfortycharactersaaaaaaaaaa thisisawordwithfortycharactersaaaaaaaaaa thisisawordwiththirtyninecharactsaaaaaa	1
thisisawordwithfortycharactersaaaaaaaaaa thisisawordwiththirtyninecharactsaaaaaa thisisawordwiththirtyninecharactsaaaaaa	1
thisisawordwiththirtyninecharactsaaaaaa $ $	1
thisisawordwiththirtyninecharactsaaaaaa thisisawordwiththirtyninecharactsaaaaaa $	1
thisisawordwiththirtyninecharactsaaaaaa thisisawordwiththirtyninecharactsaaaaaa thisisawordwiththirtyninecharactsaaaaaa	5
thisissimplyalongword thisisawordwithfortycharactersaaaaaaaaaa thisisawordwithfortycharactersaaaaaaaaaa	1
thisissimplyalongword thisissimplyalongword thisisawordwithfortycharactersaaaaaaaaaa	1
thisissimplyalongword thisissimplyalongword thisissimplyalongword	4
will deal with	7
with $ $	7
with it $	1
with it this	6
