a $ sentence with of $	7
an sentence example of is a	7
and the if that $ is	7
åber åber åber åber strasse åber	1
åber this åber åber åber åber	1
åber this åber åber åber this	1
åber this åber this åber this	1
åber this this this åber this	1
case counter then the the n-gram	7
counter it will deal n-gram with	7
deal $ with it will $	1
deal is with it will this	6
example with of a an sentence	7
finland finland finland finland finland finland	4
finland finland finland finland test finland	1
finland straße finland finland finland finland	1
finland straße finland finland finland straße	1
finland straße finland straße finland straße	1
finland straße straße straße finland straße	1
finland thisissimplyalongword finland thisissimplyalongword this thisissimplyalongword	1
finland thisissimplyalongword thisissimplyalongword thisissimplyalongword finland thisissimplyalongword	1
if case that is and the	7
is a an example this of	7
is the the case that then	7
it $ $ $ with $	1
it example this is with an	6
n-gram with counter will the deal	7
of $ a sentence example with	7
sentence $ with $ a $	7
strasse åber åber åber straße åber	1
straße åber strasse åber straße åber	1
straße åber straße strasse straße åber	1
straße åber straße straße straße strasse	1
straße strasse straße straße straße straße	1
straße straße straße straße finland straße	1
test finland finland finland test finland	1
test finland test finland test finland	1
test finland test test test finland	1
test finland test test test test	1
test test test test $ test	1
that then is the if case	7
the deal n-gram counter then will	7
the n-gram case then is the	7
then will the n-gram case counter	7
this finland this this this finland	1
this finland this this this this	1
this of is an $ example	1
this of is an it example	6
this this this this åber this	1
this this this this this this	1
this thisissimplyalongword finland finland this thisissimplyalongword	1
this thisissimplyalongword this finland this finland	1
thisisawordwithfortycharactersaaaaaaaaaa thisisawordwithfortycharactersaaaaaaaaaa thisisawordwithfortycharactersaaaaaaaaaa thisisawordwithfortycharactersaaaaaaaaaa thisisawordwithfortycharactersaaaaaaaaaa thisisawordwithfortycharactersaaaaaaaaaa	1
thisisawordwithfortycharactersaaaaaaaaaa thisisawordwithfortycharactersaaaaaaaaaa thisisawordwithfortycharactersaaaaaaaaaa thisisawordwithfortycharactersaaaaaaaaaa thisissimplyalongword thisisawordwithfortycharactersaaaaaaaaaa	1
thisisawordwithfortycharactersaaaaaaaaaa thisisawordwiththirtyninecharactsaaaaaa thisisawordwithfortycharactersaaaaaaaaaa thisisawordwithfortycharactersaaaaaaaaaa thisisawordwithfortycharactersaaaaaaaaaa thisisawordwithfortycharactersaaaaaaaaaa	1
thisisawordwithfortycharactersaaaaaaaaaa thisisawordwiththirtyninecharactsaaaaaa thisisawordwithfortycharactersaaaaaaaaaa thisisawordwithfortycharactersaaaaaaaaaa thisisawordwithfortycharactersaaaaaaaaaa thisisawordwiththirtyninecharactsaaaaaa	1
thisisawordwithfortycharactersaaaaaaaaaa thisisawordwiththirtyninecharactsaaaaaa thisisawordwithfortycharactersaaaaaaaaaa thisisawordwiththirtyninecharactsaaaaaa thisisawordwithfortycharactersaaaaaaaaaa thisisawordwiththirtyninecharactsaaaaaa	1
thisisawordwithfortycharactersaaaaaaaaaa thisisawordwiththirtyninecharactsaaaaaa thisisawordwiththirtyninecharactsaaaaaa thisisawordwiththirtyninecharactsaaaaaa thisisawordwithfortycharactersaaaaaaaaaa thisisawordwiththirtyninecharactsaaaaaa	1
thisisawordwiththirtyninecharactsaaaaaa $ $ $ thisisawordwiththirtyninecharactsaaaaaa $	1
thisisawordwiththirtyninecharactsaaaaaa $ thisisawordwiththirtyninecharactsaaaaaa $ thisisawordwiththirtyninecharactsaaaaaa $	1
thisisawordwiththirtyninecharactsaaaaaa $ thisisawordwiththirtyninecharactsaaaaaa thisisawordwiththirtyninecharactsaaaaaa thisisawordwiththirtyninecharactsaaaaaa $	1
thisisawordwiththirtyninecharactsaaaaaa $ thisisawordwiththirtyninecharactsaaaaaa thisisawordwiththirtyninecharactsaaaaaa thisisawordwiththirtyninecharactsaaaaaa thisisawordwiththirtyninecharactsaaaaaa	1
thisisawordwiththirtyninecharactsaaaaaa thisisawordwiththirtyninecharactsaaaaaa thisisawordwiththirtyninecharactsaaaaaa thisisawordwiththirtyninecharactsaaaaaa thisisawordwithfortycharactersaaaaaaaaaa thisisawordwiththirtyninecharactsaaaaaa	1
thisisawordwiththirtyninecharactsaaaaaa thisisawordwiththirtyninecharactsaaaaaa thisisawordwiththirtyninecharactsaaaaaa thisisawordwiththirtyninecharactsaaaaaa thisisawordwiththirtyninecharactsaaaaaa thisisawordwiththirtyninecharactsaaaaaa	2
thisissimplyalongword thisisawordwithfortycharactersaaaaaaaaaa thisisawordwithfortycharactersaaaaaaaaaa thisisawordwithfortycharactersaaaaaaaaaa thisissimplyalongword thisisawordwithfortycharactersaaaaaaaaaa	1
thisissimplyalongword thisisawordwithfortycharactersaaaaaaaaaa thisissimplyalongword thisisawordwithfortycharactersaaaaaaaaaa thisissimplyalongword thisisawordwithfortycharactersaaaaaaaaaa	1
thisissimplyalongword thisisawordwithfortycharactersaaaaaaaaaa thisissimplyalongword thisissimplyalongword thisissimplyalongword thisisawordwithfortycharactersaaaaaaaaaa	1
thisissimplyalongword thisisawordwithfortycharactersaaaaaaaaaa thisissimplyalongword thisissimplyalongword thisissimplyalongword thisissimplyalongword	1
thisissimplyalongword thisissimplyalongword thisissimplyalongword thisissimplyalongword finland thisissimplyalongword	1
thisissimplyalongword thisissimplyalongword thisissimplyalongword thisissimplyalongword thisissimplyalongword thisissimplyalongword	1
will $ deal with counter it	1
will this deal with counter it	6
with $ $ $ sentence $	7
with $ it $ deal $	1
with an it this deal is	6
