a with example of sentence	7
an of this is example	7
åber åber åber åber åber	1
åber åber strasse åber åber	1
åber åber straße strasse åber	1
åber this åber åber åber	1
åber this åber åber this	1
case the is the then	7
counter deal the n-gram will	7
deal it counter will with	7
example a is an of	7
finland finland finland finland finland	5
finland finland test finland finland	1
finland finland test test finland	1
finland straße finland finland finland	1
finland straße finland finland straße	1
finland thisissimplyalongword this finland thisissimplyalongword	1
finland thisissimplyalongword this this finland	1
is case if that the	7
is example it this an	6
it is deal with this	6
n-gram will then the counter	7
of sentence an example a	7
strasse åber straße straße åber	1
straße åber straße straße strasse	1
straße strasse straße straße straße	1
straße straße finland finland straße	1
straße straße finland straße straße	1
straße straße straße straße straße	1
test finland test test finland	1
test finland test test test	1
test test test test test	1
that the and if is	7
the counter case then n-gram	7
the then that is case	7
then n-gram the case the	7
this an with it is	6
this finland this this finland	1
this finland this this this	1
this this åber åber this	1
this this åber this this	1
this this this this this	2
thisisawordwithfortycharactersaaaaaaaaaa thisisawordwithfortycharactersaaaaaaaaaa thisisawordwithfortycharactersaaaaaaaaaa thisisawordwithfortycharactersaaaaaaaaaa thisisawordwithfortycharactersaaaaaaaaaa	2
thisisawordwithfortycharactersaaaaaaaaaa thisisawordwithfortycharactersaaaaaaaaaa thisissimplyalongword thisisawordwithfortycharactersaaaaaaaaaa thisisawordwithfortycharactersaaaaaaaaaa	1
thisisawordwithfortycharactersaaaaaaaaaa thisisawordwithfortycharactersaaaaaaaaaa thisissimplyalongword thisissimplyalongword thisisawordwithfortycharactersaaaaaaaaaa	1
thisisawordwithfortycharactersaaaaaaaaaa thisisawordwiththirtyninecharactsaaaaaa thisisawordwithfortycharactersaaaaaaaaaa thisisawordwithfortycharactersaaaaaaaaaa thisisawordwithfortycharactersaaaaaaaaaa	1
thisisawordwithfortycharactersaaaaaaaaaa thisisawordwiththirtyninecharactsaaaaaa thisisawordwithfortycharactersaaaaaaaaaa thisisawordwithfortycharactersaaaaaaaaaa thisisawordwiththirtyninecharactsaaaaaa	1
thisisawordwiththirtyninecharactsaaaaaa thisisawordwiththirtyninecharactsaaaaaa thisisawordwithfortycharactersaaaaaaaaaa thisisawordwithfortycharactersaaaaaaaaaa thisisawordwiththirtyninecharactsaaaaaa	1
thisisawordwiththirtyninecharactsaaaaaa thisisawordwiththirtyninecharactsaaaaaa thisisawordwithfortycharactersaaaaaaaaaa thisisawordwiththirtyninecharactsaaaaaa thisisawordwiththirtyninecharactsaaaaaa	1
thisisawordwiththirtyninecharactsaaaaaa thisisawordwiththirtyninecharactsaaaaaa thisisawordwiththirtyninecharactsaaaaaa thisisawordwiththirtyninecharactsaaaaaa thisisawordwiththirtyninecharactsaaaaaa	3
thisissimplyalongword thisisawordwithfortycharactersaaaaaaaaaa thisissimplyalongword thisissimplyalongword thisisawordwithfortycharactersaaaaaaaaaa	1
thisissimplyalongword thisisawordwithfortycharactersaaaaaaaaaa thisissimplyalongword thisissimplyalongword thisissimplyalongword	1
thisissimplyalongword thisissimplyalongword finland finland thisissimplyalongword	1
thisissimplyalongword thisissimplyalongword finland thisissimplyalongword thisissimplyalongword	1
thisissimplyalongword thisissimplyalongword thisissimplyalongword thisissimplyalongword thisissimplyalongword	2
will with n-gram counter deal	7
with this will deal it	6
