åber åber åber åber åber this this straße strasse	1
åber åber åber åber this this this strasse åber	1
åber åber åber this this this this åber åber	1
åber åber this this this this this åber åber	1
åber this this this this this this åber åber	1
case then the n-gram counter will deal is the	7
counter will deal with it this is the n-gram	6
deal with it this is an example counter will	6
finland finland finland finland finland finland finland finland finland	1
finland finland finland finland finland finland finland test finland	1
finland finland finland finland finland finland finland test test	1
finland finland finland finland finland finland straße finland finland	1
finland finland finland finland finland straße straße finland finland	1
finland finland finland finland straße straße straße finland finland	1
finland finland finland straße straße straße straße finland finland	1
finland finland straße straße straße straße straße finland finland	1
finland finland thisissimplyalongword thisissimplyalongword thisissimplyalongword thisissimplyalongword thisissimplyalongword this this	1
finland straße straße straße straße straße strasse finland finland	1
finland thisissimplyalongword thisissimplyalongword thisissimplyalongword thisissimplyalongword thisissimplyalongword thisissimplyalongword this finland	1
is an example of a sentence with it this	6
is the case then the n-gram counter if that	7
it this is an example of a deal with	6
n-gram counter will deal with it this then the	6
strasse åber åber åber åber åber this straße straße	1
straße strasse åber åber åber åber åber straße straße	1
straße straße strasse åber åber åber åber straße straße	1
straße straße straße strasse åber åber åber straße straße	1
straße straße straße straße strasse åber åber finland straße	1
straße straße straße straße straße strasse åber finland finland	1
test finland finland finland finland finland finland test test	1
test test finland finland finland finland finland test test	1
test test test finland finland finland finland test test	1
that is the case then the n-gram and if	7
the case then the n-gram counter will that is	7
the n-gram counter will deal with it case then	7
then the n-gram counter will deal with the case	7
this finland finland thisissimplyalongword thisissimplyalongword thisissimplyalongword thisissimplyalongword this this	1
this is an example of a sentence with it	6
this this finland finland thisissimplyalongword thisissimplyalongword thisissimplyalongword this this	1
this this this finland finland thisissimplyalongword thisissimplyalongword this this	1
this this this this finland finland thisissimplyalongword this this	1
this this this this this finland finland åber this	1
this this this this this this finland åber åber	1
thisisawordwithfortycharactersaaaaaaaaaa thisisawordwithfortycharactersaaaaaaaaaa thisisawordwithfortycharactersaaaaaaaaaa thisisawordwithfortycharactersaaaaaaaaaa thisisawordwithfortycharactersaaaaaaaaaa thisisawordwithfortycharactersaaaaaaaaaa thisisawordwiththirtyninecharactsaaaaaa thisissimplyalongword thisissimplyalongword	1
thisisawordwithfortycharactersaaaaaaaaaa thisisawordwithfortycharactersaaaaaaaaaa thisisawordwithfortycharactersaaaaaaaaaa thisisawordwithfortycharactersaaaaaaaaaa thisisawordwithfortycharactersaaaaaaaaaa thisisawordwiththirtyninecharactsaaaaaa thisisawordwiththirtyninecharactsaaaaaa thisissimplyalongword thisisawordwithfortycharactersaaaaaaaaaa	1
thisisawordwithfortycharactersaaaaaaaaaa thisisawordwithfortycharactersaaaaaaaaaa thisisawordwithfortycharactersaaaaaaaaaa thisisawordwithfortycharactersaaaaaaaaaa thisisawordwiththirtyninecharactsaaaaaa thisisawordwiththirtyninecharactsaaaaaa thisisawordwiththirtyninecharactsaaaaaa thisisawordwithfortycharactersaaaaaaaaaa thisisawordwithfortycharactersaaaaaaaaaa	1
thisisawordwithfortycharactersaaaaaaaaaa thisisawordwithfortycharactersaaaaaaaaaa thisisawordwithfortycharactersaaaaaaaaaa thisisawordwiththirtyninecharactsaaaaaa thisisawordwiththirtyninecharactsaaaaaa thisisawordwiththirtyninecharactsaaaaaa thisisawordwiththirtyninecharactsaaaaaa thisisawordwithfortycharactersaaaaaaaaaa thisisawordwithfortycharactersaaaaaaaaaa	1
thisisawordwithfortycharactersaaaaaaaaaa thisisawordwithfortycharactersaaaaaaaaaa thisisawordwiththirtyninecharactsaaaaaa thisisawordwiththirtyninecharactsaaaaaa thisisawordwiththirtyninecharactsaaaaaa thisisawordwiththirtyninecharactsaaaaaa thisisawordwiththirtyninecharactsaaaaaa thisisawordwithfortycharactersaaaaaaaaaa thisisawordwithfortycharactersaaaaaaaaaa	1
thisisawordwithfortycharactersaaaaaaaaaa thisisawordwiththirtyninecharactsaaaaaa thisisawordwiththirtyninecharactsaaaaaa thisisawordwiththirtyninecharactsaaaaaa thisisawordwiththirtyninecharactsaaaaaa thisisawordwiththirtyninecharactsaaaaaa thisisawordwiththirtyninecharactsaaaaaa thisisawordwithfortycharactersaaaaaaaaaa thisisawordwithfortycharactersaaaaaaaaaa	1
thisisawordwiththirtyninecharactsaaaaaa thisisawordwiththirtyninecharactsaaaaaa thisisawordwiththirtyninecharactsaaaaaa thisisawordwiththirtyninecharactsaaaaaa thisisawordwiththirtyninecharactsaaaaaa thisisawordwiththirtyninecharactsaaaaaa thisisawordwiththirtyninecharactsaaaaaa thisisawordwithfortycharactersaaaaaaaaaa thisisawordwithfortycharactersaaaaaaaaaa	1
thisissimplyalongword thisisawordwithfortycharactersaaaaaaaaaa thisisawordwithfortycharactersaaaaaaaaaa thisisawordwithfortycharactersaaaaaaaaaa thisisawordwithfortycharactersaaaaaaaaaa thisisawordwithfortycharactersaaaaaaaaaa thisisawordwithfortycharactersaaaaaaaaaa thisissimplyalongword thisissimplyalongword	1
thisissimplyalongword thisissimplyalongword thisisawordwithfortycharactersaaaaaaaaaa thisisawordwithfortycharactersaaaaaaaaaa thisisawordwithfortycharactersaaaaaaaaaa thisisawordwithfortycharactersaaaaaaaaaa thisisawordwithfortycharactersaaaaaaaaaa thisissimplyalongword thisissimplyalongword	1
thisissimplyalongword thisissimplyalongword thisissimplyalongword thisisawordwithfortycharactersaaaaaaaaaa thisisawordwithfortycharactersaaaaaaaaaa thisisawordwithfortycharactersaaaaaaaaaa thisisawordwithfortycharactersaaaaaaaaaa thisissimplyalongword thisissimplyalongword	1
thisissimplyalongword thisissimplyalongword thisissimplyalongword thisissimplyalongword thisisawordwithfortycharactersaaaaaaaaaa thisisawordwithfortycharactersaaaaaaaaaa thisisawordwithfortycharactersaaaaaaaaaa thisissimplyalongword thisissimplyalongword	1
thisissimplyalongword thisissimplyalongword thisissimplyalongword thisissimplyalongword thisissimplyalongword thisisawordwithfortycharactersaaaaaaaaaa thisisawordwithfortycharactersaaaaaaaaaa finland thisissimplyalongword	1
thisissimplyalongword thisissimplyalongword thisissimplyalongword thisissimplyalongword thisissimplyalongword thisissimplyalongword thisisawordwithfortycharactersaaaaaaaaaa finland finland	1
will deal with it this is an n-gram counter	6
with it this is an example of will deal	6
