åber finland finland this this this this åber this this	1
åber this finland åber this this this åber this this	1
åber this this åber åber åber åber strasse this this	1
åber this this åber åber åber this åber this this	1
åber this this åber åber this this åber this this	1
case with it then the n-gram counter the will deal	7
counter an example will deal with it n-gram this is	6
deal of a with it this is will an example	6
finland åber åber straße straße straße straße finland straße strasse	1
finland finland finland finland finland finland finland test finland finland	1
finland finland straße finland finland finland finland finland finland finland	1
finland strasse åber finland straße straße straße finland straße straße	1
finland straße strasse finland finland straße straße finland straße straße	1
finland straße straße finland finland finland finland finland finland finland	1
finland straße straße finland finland finland finland finland finland straße	1
finland straße straße finland finland finland finland finland straße straße	1
finland straße straße finland finland finland straße finland straße straße	1
finland thisisawordwithfortycharactersaaaaaaaaaa thisisawordwithfortycharactersaaaaaaaaaa thisissimplyalongword thisissimplyalongword thisissimplyalongword thisissimplyalongword finland thisissimplyalongword thisissimplyalongword	1
finland thisissimplyalongword thisisawordwithfortycharactersaaaaaaaaaa finland thisissimplyalongword thisissimplyalongword thisissimplyalongword this thisissimplyalongword thisissimplyalongword	1
if n-gram counter that is the case and then the	7
is will deal the case then the that n-gram counter	7
it sentence with this is an example with of a	6
n-gram is an counter will deal with the it this	6
strasse this this åber åber åber åber straße åber this	1
straße åber åber straße straße strasse åber straße åber åber	1
straße åber åber straße straße straße strasse straße åber åber	1
straße åber åber straße straße straße straße finland strasse åber	1
straße åber this straße strasse åber åber straße åber åber	1
straße this this strasse åber åber åber straße åber åber	1
test finland finland finland finland finland finland test finland finland	1
test finland finland test finland finland finland test finland finland	1
test finland finland test test finland finland test finland finland	1
test finland finland test test test finland test finland finland	1
that counter will is the case then if the n-gram	7
the deal with case then the n-gram is counter will	7
the this is n-gram counter will deal then with it	6
then it this the n-gram counter will case deal with	6
this finland thisissimplyalongword this this this this åber this finland	1
this thisissimplyalongword thisissimplyalongword finland finland thisissimplyalongword thisissimplyalongword this thisissimplyalongword thisissimplyalongword	1
this thisissimplyalongword thisissimplyalongword this finland finland thisissimplyalongword this thisissimplyalongword thisissimplyalongword	1
this thisissimplyalongword thisissimplyalongword this this finland finland this thisissimplyalongword thisissimplyalongword	1
this thisissimplyalongword thisissimplyalongword this this this finland this finland thisissimplyalongword	1
this thisissimplyalongword thisissimplyalongword this this this this this finland finland	1
thisisawordwithfortycharactersaaaaaaaaaa thisisawordwiththirtyninecharactsaaaaaa thisisawordwiththirtyninecharactsaaaaaa thisisawordwithfortycharactersaaaaaaaaaa thisisawordwithfortycharactersaaaaaaaaaa thisisawordwithfortycharactersaaaaaaaaaa thisisawordwithfortycharactersaaaaaaaaaa thisisawordwithfortycharactersaaaaaaaaaa thisisawordwiththirtyninecharactsaaaaaa thisisawordwiththirtyninecharactsaaaaaa	1
thisisawordwithfortycharactersaaaaaaaaaa thisisawordwiththirtyninecharactsaaaaaa thisisawordwiththirtyninecharactsaaaaaa thisisawordwithfortycharactersaaaaaaaaaa thisisawordwithfortycharactersaaaaaaaaaa thisisawordwithfortycharactersaaaaaaaaaa thisisawordwithfortycharactersaaaaaaaaaa thisissimplyalongword thisisawordwithfortycharactersaaaaaaaaaa thisisawordwiththirtyninecharactsaaaaaa	1
thisisawordwithfortycharactersaaaaaaaaaa thisisawordwiththirtyninecharactsaaaaaa thisisawordwiththirtyninecharactsaaaaaa thisisawordwithfortycharactersaaaaaaaaaa thisisawordwithfortycharactersaaaaaaaaaa thisisawordwithfortycharactersaaaaaaaaaa thisisawordwiththirtyninecharactsaaaaaa thisisawordwithfortycharactersaaaaaaaaaa thisisawordwiththirtyninecharactsaaaaaa thisisawordwiththirtyninecharactsaaaaaa	1
thisisawordwithfortycharactersaaaaaaaaaa thisisawordwiththirtyninecharactsaaaaaa thisisawordwiththirtyninecharactsaaaaaa thisisawordwithfortycharactersaaaaaaaaaa thisisawordwithfortycharactersaaaaaaaaaa thisisawordwiththirtyninecharactsaaaaaa thisisawordwiththirtyninecharactsaaaaaa thisisawordwithfortycharactersaaaaaaaaaa thisisawordwiththirtyninecharactsaaaaaa thisisawordwiththirtyninecharactsaaaaaa	1
thisisawordwithfortycharactersaaaaaaaaaa thisisawordwiththirtyninecharactsaaaaaa thisisawordwiththirtyninecharactsaaaaaa thisisawordwithfortycharactersaaaaaaaaaa thisisawordwiththirtyninecharactsaaaaaa thisisawordwiththirtyninecharactsaaaaaa thisisawordwiththirtyninecharactsaaaaaa thisisawordwithfortycharactersaaaaaaaaaa thisisawordwiththirtyninecharactsaaaaaa thisisawordwiththirtyninecharactsaaaaaa	1
thisissimplyalongword thisisawordwithfortycharactersaaaaaaaaaa thisisawordwithfortycharactersaaaaaaaaaa thisissimplyalongword thisissimplyalongword thisisawordwithfortycharactersaaaaaaaaaa thisisawordwithfortycharactersaaaaaaaaaa thisissimplyalongword thisisawordwithfortycharactersaaaaaaaaaa thisisawordwithfortycharactersaaaaaaaaaa	1
thisissimplyalongword thisisawordwithfortycharactersaaaaaaaaaa thisisawordwithfortycharactersaaaaaaaaaa thisissimplyalongword thisissimplyalongword thisissimplyalongword thisisawordwithfortycharactersaaaaaaaaaa thisissimplyalongword thisisawordwithfortycharactersaaaaaaaaaa thisisawordwithfortycharactersaaaaaaaaaa	1
thisissimplyalongword thisisawordwithfortycharactersaaaaaaaaaa thisisawordwithfortycharactersaaaaaaaaaa thisissimplyalongword thisissimplyalongword thisissimplyalongword thisissimplyalongword finland thisissimplyalongword thisisawordwithfortycharactersaaaaaaaaaa	1
thisissimplyalongword thisisawordwithfortycharactersaaaaaaaaaa thisisawordwithfortycharactersaaaaaaaaaa thisissimplyalongword thisissimplyalongword thisissimplyalongword thisissimplyalongword thisissimplyalongword thisisawordwithfortycharactersaaaaaaaaaa thisisawordwithfortycharactersaaaaaaaaaa	1
thisissimplyalongword thisisawordwithfortycharactersaaaaaaaaaa thisisawordwiththirtyninecharactsaaaaaa thisissimplyalongword thisisawordwithfortycharactersaaaaaaaaaa thisisawordwithfortycharactersaaaaaaaaaa thisisawordwithfortycharactersaaaaaaaaaa thisissimplyalongword thisisawordwithfortycharactersaaaaaaaaaa thisisawordwithfortycharactersaaaaaaaaaa	1
thisissimplyalongword thisisawordwiththirtyninecharactsaaaaaa thisisawordwiththirtyninecharactsaaaaaa thisisawordwithfortycharactersaaaaaaaaaa thisisawordwithfortycharactersaaaaaaaaaa thisisawordwithfortycharactersaaaaaaaaaa thisisawordwithfortycharactersaaaaaaaaaa thisissimplyalongword thisisawordwithfortycharactersaaaaaaaaaa thisisawordwithfortycharactersaaaaaaaaaa	1
will example of deal with it this counter is an	6
with a sentence it this is an deal example of	6
