åber åber this this åber åber strasse åber this this	1
åber this finland finland this this åber this this this	1
åber this this finland åber this åber this this this	1
åber this this this åber åber åber åber this this	1
åber this this this åber åber åber this this this	1
case counter with it then the the n-gram will deal	7
counter it an example will deal n-gram with this is	6
deal is of a with it will this an example	6
finland finland finland finland finland finland test finland finland finland	1
finland finland finland straße finland finland finland finland finland finland	1
finland finland straße straße finland finland finland finland finland finland	1
finland finland straße straße finland finland finland finland finland straße	1
finland finland straße straße finland finland finland finland straße straße	1
finland straße åber åber straße straße finland straße straße strasse	1
finland straße strasse åber finland straße finland straße straße straße	1
finland straße straße strasse finland finland finland straße straße straße	1
finland straße straße straße finland finland finland finland straße straße	1
finland thisissimplyalongword thisisawordwithfortycharactersaaaaaaaaaa thisisawordwithfortycharactersaaaaaaaaaa thisissimplyalongword thisissimplyalongword finland thisissimplyalongword thisissimplyalongword thisissimplyalongword	1
finland thisissimplyalongword thisissimplyalongword thisisawordwithfortycharactersaaaaaaaaaa finland thisissimplyalongword this thisissimplyalongword thisissimplyalongword thisissimplyalongword	1
if case n-gram counter that is and the then the	7
is the will deal the case that then n-gram counter	7
it example sentence with this is with an of a	6
n-gram with is an counter will the deal it this	6
strasse åber this this åber åber straße åber åber this	1
straße åber åber åber straße straße straße strasse åber åber	1
straße åber åber this straße strasse straße åber åber åber	1
straße åber this this strasse åber straße åber åber åber	1
straße strasse åber åber straße straße straße straße åber åber	1
straße straße åber åber straße straße finland straße strasse åber	1
test finland finland finland finland finland test finland finland finland	1
test finland finland finland test finland test finland finland finland	1
test finland finland finland test test test finland finland finland	1
test finland finland finland test test test test finland finland	1
that then counter will is the if case the n-gram	7
the deal this is n-gram counter then will with it	6
the n-gram deal with case then is the counter will	7
then will it this the n-gram case counter deal with	6
this finland thisissimplyalongword thisissimplyalongword this this this finland thisissimplyalongword thisissimplyalongword	1
this finland thisissimplyalongword thisissimplyalongword this this this this finland thisissimplyalongword	1
this this finland thisissimplyalongword this this åber this this finland	1
this this thisissimplyalongword thisissimplyalongword this this this this finland finland	1
this thisissimplyalongword thisissimplyalongword thisissimplyalongword finland finland this thisissimplyalongword thisissimplyalongword thisissimplyalongword	1
this thisissimplyalongword thisissimplyalongword thisissimplyalongword this finland this finland thisissimplyalongword thisissimplyalongword	1
thisisawordwithfortycharactersaaaaaaaaaa thisisawordwithfortycharactersaaaaaaaaaa thisisawordwiththirtyninecharactsaaaaaa thisisawordwiththirtyninecharactsaaaaaa thisisawordwithfortycharactersaaaaaaaaaa thisisawordwithfortycharactersaaaaaaaaaa thisisawordwithfortycharactersaaaaaaaaaa thisisawordwithfortycharactersaaaaaaaaaa thisisawordwiththirtyninecharactsaaaaaa thisisawordwiththirtyninecharactsaaaaaa	1
thisisawordwithfortycharactersaaaaaaaaaa thisisawordwithfortycharactersaaaaaaaaaa thisisawordwiththirtyninecharactsaaaaaa thisisawordwiththirtyninecharactsaaaaaa thisisawordwithfortycharactersaaaaaaaaaa thisisawordwithfortycharactersaaaaaaaaaa thisissimplyalongword thisisawordwithfortycharactersaaaaaaaaaa thisisawordwithfortycharactersaaaaaaaaaa thisisawordwiththirtyninecharactsaaaaaa	1
thisisawordwithfortycharactersaaaaaaaaaa thisisawordwiththirtyninecharactsaaaaaa thisisawordwiththirtyninecharactsaaaaaa thisisawordwiththirtyninecharactsaaaaaa thisisawordwithfortycharactersaaaaaaaaaa thisisawordwithfortycharactersaaaaaaaaaa thisisawordwithfortycharactersaaaaaaaaaa thisisawordwithfortycharactersaaaaaaaaaa thisisawordwiththirtyninecharactsaaaaaa thisisawordwiththirtyninecharactsaaaaaa	1
thisisawordwithfortycharactersaaaaaaaaaa thisisawordwiththirtyninecharactsaaaaaa thisisawordwiththirtyninecharactsaaaaaa thisisawordwiththirtyninecharactsaaaaaa thisisawordwithfortycharactersaaaaaaaaaa thisisawordwithfortycharactersaaaaaaaaaa thisisawordwithfortycharactersaaaaaaaaaa thisisawordwiththirtyninecharactsaaaaaa thisisawordwiththirtyninecharactsaaaaaa thisisawordwiththirtyninecharactsaaaaaa	1
thisisawordwithfortycharactersaaaaaaaaaa thisisawordwiththirtyninecharactsaaaaaa thisisawordwiththirtyninecharactsaaaaaa thisisawordwiththirtyninecharactsaaaaaa thisisawordwithfortycharactersaaaaaaaaaa thisisawordwiththirtyninecharactsaaaaaa thisisawordwithfortycharactersaaaaaaaaaa thisisawordwiththirtyninecharactsaaaaaa thisisawordwiththirtyninecharactsaaaaaa thisisawordwiththirtyninecharactsaaaaaa	1
thisissimplyalongword thisisawordwithfortycharactersaaaaaaaaaa thisisawordwithfortycharactersaaaaaaaaaa thisisawordwithfortycharactersaaaaaaaaaa thisissimplyalongword thisissimplyalongword thisissimplyalongword thisisawordwithfortycharactersaaaaaaaaaa thisisawordwithfortycharactersaaaaaaaaaa thisisawordwithfortycharactersaaaaaaaaaa	1
thisissimplyalongword thisisawordwithfortycharactersaaaaaaaaaa thisisawordwithfortycharactersaaaaaaaaaa thisisawordwithfortycharactersaaaaaaaaaa thisissimplyalongword thisissimplyalongword thisissimplyalongword thisissimplyalongword thisisawordwithfortycharactersaaaaaaaaaa thisisawordwithfortycharactersaaaaaaaaaa	1
thisissimplyalongword thisisawordwithfortycharactersaaaaaaaaaa thisisawordwithfortycharactersaaaaaaaaaa thisisawordwiththirtyninecharactsaaaaaa thisissimplyalongword thisisawordwithfortycharactersaaaaaaaaaa thisissimplyalongword thisisawordwithfortycharactersaaaaaaaaaa thisisawordwithfortycharactersaaaaaaaaaa thisisawordwithfortycharactersaaaaaaaaaa	1
thisissimplyalongword thisisawordwithfortycharactersaaaaaaaaaa thisisawordwiththirtyninecharactsaaaaaa thisisawordwiththirtyninecharactsaaaaaa thisisawordwithfortycharactersaaaaaaaaaa thisisawordwithfortycharactersaaaaaaaaaa thisissimplyalongword thisisawordwithfortycharactersaaaaaaaaaa thisisawordwithfortycharactersaaaaaaaaaa thisisawordwithfortycharactersaaaaaaaaaa	1
thisissimplyalongword thisissimplyalongword thisisawordwithfortycharactersaaaaaaaaaa thisisawordwithfortycharactersaaaaaaaaaa thisissimplyalongword thisissimplyalongword finland thisissimplyalongword thisissimplyalongword thisisawordwithfortycharactersaaaaaaaaaa	1
thisissimplyalongword thisissimplyalongword thisisawordwithfortycharactersaaaaaaaaaa thisisawordwithfortycharactersaaaaaaaaaa thisissimplyalongword thisissimplyalongword thisissimplyalongword thisissimplyalongword thisisawordwithfortycharactersaaaaaaaaaa thisisawordwithfortycharactersaaaaaaaaaa	1
will this example of deal with counter it is an	6
with an a sentence it this deal is example of	6
