a sentence with of	7
an example of is	7
and if that $	7
åber åber åber åber	2
åber åber åber strasse	1
åber åber this åber	1
åber this this åber	1
case then the the	7
counter will deal n-gram	7
deal with it will	7
example of a an	7
finland finland finland finland	6
finland finland finland test	1
finland finland straße finland	1
finland finland thisissimplyalongword this	1
finland straße straße finland	1
finland thisissimplyalongword thisissimplyalongword finland	1
if that is and	7
is an example this	7
is the case that	7
it $ $ with	1
it this is with	6
n-gram counter will the	7
of a sentence example	7
sentence with $ a	7
strasse åber åber straße	1
straße strasse åber straße	1
straße straße strasse straße	1
straße straße straße finland	1
straße straße straße straße	2
test finland finland test	1
test test finland test	1
test test test $	1
test test test test	2
that is the if	7
the case then is	7
the n-gram counter then	7
then the n-gram case	7
this finland finland this	1
this is an $	1
this is an it	6
this this finland this	1
this this this åber	1
this this this this	3
thisisawordwithfortycharactersaaaaaaaaaa thisisawordwithfortycharactersaaaaaaaaaa thisisawordwithfortycharactersaaaaaaaaaa thisisawordwithfortycharactersaaaaaaaaaa	3
thisisawordwithfortycharactersaaaaaaaaaa thisisawordwithfortycharactersaaaaaaaaaa thisisawordwithfortycharactersaaaaaaaaaa thisissimplyalongword	1
thisisawordwithfortycharactersaaaaaaaaaa thisisawordwithfortycharactersaaaaaaaaaa thisisawordwiththirtyninecharactsaaaaaa thisisawordwithfortycharactersaaaaaaaaaa	1
thisisawordwithfortycharactersaaaaaaaaaa thisisawordwiththirtyninecharactsaaaaaa thisisawordwiththirtyninecharactsaaaaaa thisisawordwithfortycharactersaaaaaaaaaa	1
thisisawordwiththirtyninecharactsaaaaaa $ $ thisisawordwiththirtyninecharactsaaaaaa	1
thisisawordwiththirtyninecharactsaaaaaa thisisawordwiththirtyninecharactsaaaaaa $ thisisawordwiththirtyninecharactsaaaaaa	1
thisisawordwiththirtyninecharactsaaaaaa thisisawordwiththirtyninecharactsaaaaaa thisisawordwiththirtyninecharactsaaaaaa thisisawordwithfortycharactersaaaaaaaaaa	1
thisisawordwiththirtyninecharactsaaaaaa thisisawordwiththirtyninecharactsaaaaaa thisisawordwiththirtyninecharactsaaaaaa thisisawordwiththirtyninecharactsaaaaaa	4
thisissimplyalongword thisisawordwithfortycharactersaaaaaaaaaa thisisawordwithfortycharactersaaaaaaaaaa thisissimplyalongword	1
thisissimplyalongword thisissimplyalongword thisisawordwithfortycharactersaaaaaaaaaa thisissimplyalongword	1
thisissimplyalongword thisissimplyalongword thisissimplyalongword finland	1
thisissimplyalongword thisissimplyalongword thisissimplyalongword thisissimplyalongword	3
will deal with counter	7
with $ $ sentence	7
with it $ deal	1
with it this deal	6
