an sentence with this example is of a	7
åber åber this straße åber strasse åber åber	1
åber this this åber åber åber åber this	1
åber this this åber åber åber this this	1
åber this this åber this åber this this	1
åber this this strasse åber åber åber åber	1
case counter will is then the the n-gram	7
counter it this the will n-gram deal with	6
deal is an counter with will it this	6
finland finland finland finland finland finland finland finland	2
finland finland finland test finland finland finland finland	1
finland finland finland test finland test finland finland	1
finland finland straße finland finland finland finland finland	1
finland straße straße finland finland finland finland finland	1
finland straße straße finland finland finland finland straße	1
finland straße straße finland finland finland straße straße	1
finland straße straße finland straße finland straße straße	1
finland thisissimplyalongword thisissimplyalongword this finland this thisissimplyalongword thisissimplyalongword	1
finland thisissimplyalongword thisissimplyalongword this thisissimplyalongword finland thisissimplyalongword thisissimplyalongword	1
is a sentence it an this example of	6
is the n-gram if the that case then	7
it example of deal this with is an	6
n-gram with it then counter the will deal	7
strasse åber åber straße åber straße åber åber	1
straße åber åber straße strasse straße åber åber	1
straße åber åber straße straße straße strasse åber	1
straße åber åber straße straße straße straße strasse	1
straße strasse åber finland straße straße straße straße	1
straße straße strasse finland straße finland straße straße	1
test finland finland test finland test finland finland	1
test finland finland test test test finland finland	1
test finland finland test test test test finland	1
that then the and is if the case	7
the deal with case n-gram then counter will	7
the n-gram counter that case is then the	7
then will deal the the case n-gram counter	7
this finland finland this this this this this	1
this finland thisissimplyalongword this this this this finland	1
this of a with is it an example	6
this this finland åber this this this this	1
this this this åber this åber this this	1
this thisissimplyalongword thisissimplyalongword this finland this finland thisissimplyalongword	1
this thisissimplyalongword thisissimplyalongword this this this finland finland	1
thisisawordwithfortycharactersaaaaaaaaaa thisisawordwithfortycharactersaaaaaaaaaa thisisawordwithfortycharactersaaaaaaaaaa thisissimplyalongword thisisawordwithfortycharactersaaaaaaaaaa thisissimplyalongword thisisawordwithfortycharactersaaaaaaaaaa thisisawordwithfortycharactersaaaaaaaaaa	1
thisisawordwithfortycharactersaaaaaaaaaa thisisawordwithfortycharactersaaaaaaaaaa thisisawordwiththirtyninecharactsaaaaaa thisissimplyalongword thisisawordwithfortycharactersaaaaaaaaaa thisisawordwithfortycharactersaaaaaaaaaa thisisawordwithfortycharactersaaaaaaaaaa thisisawordwithfortycharactersaaaaaaaaaa	1
thisisawordwithfortycharactersaaaaaaaaaa thisisawordwiththirtyninecharactsaaaaaa thisisawordwiththirtyninecharactsaaaaaa thisisawordwithfortycharactersaaaaaaaaaa thisisawordwithfortycharactersaaaaaaaaaa thisisawordwithfortycharactersaaaaaaaaaa thisisawordwithfortycharactersaaaaaaaaaa thisisawordwithfortycharactersaaaaaaaaaa	1
thisisawordwithfortycharactersaaaaaaaaaa thisisawordwiththirtyninecharactsaaaaaa thisisawordwiththirtyninecharactsaaaaaa thisisawordwithfortycharactersaaaaaaaaaa thisisawordwithfortycharactersaaaaaaaaaa thisisawordwithfortycharactersaaaaaaaaaa thisisawordwithfortycharactersaaaaaaaaaa thisisawordwiththirtyninecharactsaaaaaa	1
thisisawordwithfortycharactersaaaaaaaaaa thisisawordwiththirtyninecharactsaaaaaa thisisawordwiththirtyninecharactsaaaaaa thisisawordwithfortycharactersaaaaaaaaaa thisisawordwithfortycharactersaaaaaaaaaa thisisawordwithfortycharactersaaaaaaaaaa thisisawordwiththirtyninecharactsaaaaaa thisisawordwiththirtyninecharactsaaaaaa	1
thisisawordwithfortycharactersaaaaaaaaaa thisisawordwiththirtyninecharactsaaaaaa thisisawordwiththirtyninecharactsaaaaaa thisisawordwithfortycharactersaaaaaaaaaa thisisawordwiththirtyninecharactsaaaaaa thisisawordwithfortycharactersaaaaaaaaaa thisisawordwiththirtyninecharactsaaaaaa thisisawordwiththirtyninecharactsaaaaaa	1
thisisawordwiththirtyninecharactsaaaaaa thisisawordwiththirtyninecharactsaaaaaa thisisawordwiththirtyninecharactsaaaaaa thisisawordwithfortycharactersaaaaaaaaaa thisisawordwiththirtyninecharactsaaaaaa thisisawordwithfortycharactersaaaaaaaaaa thisisawordwiththirtyninecharactsaaaaaa thisisawordwiththirtyninecharactsaaaaaa	1
thisisawordwiththirtyninecharactsaaaaaa thisisawordwiththirtyninecharactsaaaaaa thisisawordwiththirtyninecharactsaaaaaa thisisawordwithfortycharactersaaaaaaaaaa thisisawordwiththirtyninecharactsaaaaaa thisisawordwiththirtyninecharactsaaaaaa thisisawordwiththirtyninecharactsaaaaaa thisisawordwiththirtyninecharactsaaaaaa	1
thisissimplyalongword thisisawordwithfortycharactersaaaaaaaaaa thisisawordwithfortycharactersaaaaaaaaaa thisissimplyalongword thisisawordwithfortycharactersaaaaaaaaaa thisissimplyalongword thisisawordwithfortycharactersaaaaaaaaaa thisisawordwithfortycharactersaaaaaaaaaa	1
thisissimplyalongword thisisawordwithfortycharactersaaaaaaaaaa thisisawordwithfortycharactersaaaaaaaaaa thisissimplyalongword thisissimplyalongword thisissimplyalongword thisisawordwithfortycharactersaaaaaaaaaa thisisawordwithfortycharactersaaaaaaaaaa	1
thisissimplyalongword thisisawordwithfortycharactersaaaaaaaaaa thisisawordwithfortycharactersaaaaaaaaaa thisissimplyalongword thisissimplyalongword thisissimplyalongword thisissimplyalongword thisisawordwithfortycharactersaaaaaaaaaa	1
thisissimplyalongword thisisawordwithfortycharactersaaaaaaaaaa thisisawordwithfortycharactersaaaaaaaaaa thisissimplyalongword thisissimplyalongword thisissimplyalongword thisissimplyalongword thisissimplyalongword	1
thisissimplyalongword thisissimplyalongword thisisawordwithfortycharactersaaaaaaaaaa finland thisissimplyalongword thisissimplyalongword thisissimplyalongword thisissimplyalongword	1
thisissimplyalongword thisissimplyalongword thisissimplyalongword finland thisissimplyalongword finland thisissimplyalongword thisissimplyalongword	1
will this is n-gram deal counter with it	6
with an example will it deal this is	6
