åber finland åber this this this this this åber this	1
åber finland this this this this this this åber finland	1
åber this åber åber åber åber this this strasse this	1
åber this åber åber åber this this this åber this	1
åber this åber åber this this this this åber this	1
case it then the n-gram counter will deal the with	7
counter example will deal with it this is n-gram an	6
deal a with it this is an example will of	6
finland åber finland straße straße straße straße straße finland strasse	1
finland åber straße straße straße straße straße strasse finland åber	1
finland finland finland finland finland finland finland finland test finland	1
finland strasse finland finland straße straße straße straße finland straße	1
finland straße finland finland finland finland finland finland finland finland	1
finland straße finland finland finland finland finland finland finland straße	1
finland straße finland finland finland finland finland straße finland straße	1
finland straße finland finland finland finland straße straße finland straße	1
finland straße finland finland finland straße straße straße finland straße	1
finland thisisawordwithfortycharactersaaaaaaaaaa finland thisissimplyalongword thisissimplyalongword thisissimplyalongword thisissimplyalongword thisissimplyalongword this thisissimplyalongword	1
finland thisisawordwithfortycharactersaaaaaaaaaa thisissimplyalongword thisissimplyalongword thisissimplyalongword thisissimplyalongword thisissimplyalongword thisissimplyalongword finland thisisawordwithfortycharactersaaaaaaaaaa	1
if counter that is the case then the and n-gram	7
is deal the case then the n-gram counter that will	7
it with this is an example of a with sentence	6
n-gram an counter will deal with it this the is	6
strasse this åber åber åber åber åber this straße this	1
straße åber straße straße strasse åber åber åber straße åber	1
straße åber straße straße straße strasse åber åber straße åber	1
straße åber straße straße straße straße strasse åber finland åber	1
straße this strasse åber åber åber åber åber straße this	1
straße this straße strasse åber åber åber åber straße åber	1
test finland finland finland finland finland finland finland test finland	1
test finland test finland finland finland finland finland test finland	1
test finland test test finland finland finland finland test finland	1
test finland test test test finland finland finland test finland	1
that will is the case then the n-gram if counter	7
the is n-gram counter will deal with it then this	6
the with case then the n-gram counter will is deal	7
then this the n-gram counter will deal with case it	6
this thisissimplyalongword finland finland thisissimplyalongword thisissimplyalongword thisissimplyalongword thisissimplyalongword this thisissimplyalongword	1
this thisissimplyalongword this finland finland thisissimplyalongword thisissimplyalongword thisissimplyalongword this thisissimplyalongword	1
this thisissimplyalongword this this finland finland thisissimplyalongword thisissimplyalongword this thisissimplyalongword	1
this thisissimplyalongword this this this finland finland thisissimplyalongword this thisissimplyalongword	1
this thisissimplyalongword this this this this finland finland this thisissimplyalongword	1
this thisissimplyalongword this this this this this finland åber finland	1
thisisawordwithfortycharactersaaaaaaaaaa thisisawordwiththirtyninecharactsaaaaaa thisisawordwithfortycharactersaaaaaaaaaa thisisawordwithfortycharactersaaaaaaaaaa thisisawordwithfortycharactersaaaaaaaaaa thisisawordwithfortycharactersaaaaaaaaaa thisisawordwithfortycharactersaaaaaaaaaa thisisawordwiththirtyninecharactsaaaaaa thisissimplyalongword thisisawordwiththirtyninecharactsaaaaaa	1
thisisawordwithfortycharactersaaaaaaaaaa thisisawordwiththirtyninecharactsaaaaaa thisisawordwithfortycharactersaaaaaaaaaa thisisawordwithfortycharactersaaaaaaaaaa thisisawordwithfortycharactersaaaaaaaaaa thisisawordwithfortycharactersaaaaaaaaaa thisisawordwiththirtyninecharactsaaaaaa thisisawordwiththirtyninecharactsaaaaaa thisisawordwithfortycharactersaaaaaaaaaa thisisawordwiththirtyninecharactsaaaaaa	1
thisisawordwithfortycharactersaaaaaaaaaa thisisawordwiththirtyninecharactsaaaaaa thisisawordwithfortycharactersaaaaaaaaaa thisisawordwithfortycharactersaaaaaaaaaa thisisawordwithfortycharactersaaaaaaaaaa thisisawordwiththirtyninecharactsaaaaaa thisisawordwiththirtyninecharactsaaaaaa thisisawordwiththirtyninecharactsaaaaaa thisisawordwithfortycharactersaaaaaaaaaa thisisawordwiththirtyninecharactsaaaaaa	1
thisisawordwithfortycharactersaaaaaaaaaa thisisawordwiththirtyninecharactsaaaaaa thisisawordwithfortycharactersaaaaaaaaaa thisisawordwithfortycharactersaaaaaaaaaa thisisawordwiththirtyninecharactsaaaaaa thisisawordwiththirtyninecharactsaaaaaa thisisawordwiththirtyninecharactsaaaaaa thisisawordwiththirtyninecharactsaaaaaa thisisawordwithfortycharactersaaaaaaaaaa thisisawordwiththirtyninecharactsaaaaaa	1
thisisawordwithfortycharactersaaaaaaaaaa thisisawordwiththirtyninecharactsaaaaaa thisisawordwithfortycharactersaaaaaaaaaa thisisawordwiththirtyninecharactsaaaaaa thisisawordwiththirtyninecharactsaaaaaa thisisawordwiththirtyninecharactsaaaaaa thisisawordwiththirtyninecharactsaaaaaa thisisawordwiththirtyninecharactsaaaaaa thisisawordwithfortycharactersaaaaaaaaaa thisisawordwiththirtyninecharactsaaaaaa	1
thisissimplyalongword thisisawordwithfortycharactersaaaaaaaaaa thisissimplyalongword thisissimplyalongword thisisawordwithfortycharactersaaaaaaaaaa thisisawordwithfortycharactersaaaaaaaaaa thisisawordwithfortycharactersaaaaaaaaaa thisisawordwithfortycharactersaaaaaaaaaa thisissimplyalongword thisisawordwithfortycharactersaaaaaaaaaa	1
thisissimplyalongword thisisawordwithfortycharactersaaaaaaaaaa thisissimplyalongword thisissimplyalongword thisissimplyalongword thisisawordwithfortycharactersaaaaaaaaaa thisisawordwithfortycharactersaaaaaaaaaa thisisawordwithfortycharactersaaaaaaaaaa thisissimplyalongword thisisawordwithfortycharactersaaaaaaaaaa	1
thisissimplyalongword thisisawordwithfortycharactersaaaaaaaaaa thisissimplyalongword thisissimplyalongword thisissimplyalongword thisissimplyalongword thisisawordwithfortycharactersaaaaaaaaaa thisisawordwithfortycharactersaaaaaaaaaa thisissimplyalongword thisisawordwithfortycharactersaaaaaaaaaa	1
thisissimplyalongword thisisawordwithfortycharactersaaaaaaaaaa thisissimplyalongword thisissimplyalongword thisissimplyalongword thisissimplyalongword thisissimplyalongword thisisawordwithfortycharactersaaaaaaaaaa finland thisisawordwithfortycharactersaaaaaaaaaa	1
thisissimplyalongword thisisawordwiththirtyninecharactsaaaaaa thisisawordwithfortycharactersaaaaaaaaaa thisisawordwithfortycharactersaaaaaaaaaa thisisawordwithfortycharactersaaaaaaaaaa thisisawordwithfortycharactersaaaaaaaaaa thisisawordwithfortycharactersaaaaaaaaaa thisisawordwithfortycharactersaaaaaaaaaa thisissimplyalongword thisisawordwiththirtyninecharactsaaaaaa	1
thisissimplyalongword thisisawordwiththirtyninecharactsaaaaaa thisissimplyalongword thisisawordwithfortycharactersaaaaaaaaaa thisisawordwithfortycharactersaaaaaaaaaa thisisawordwithfortycharactersaaaaaaaaaa thisisawordwithfortycharactersaaaaaaaaaa thisisawordwithfortycharactersaaaaaaaaaa thisissimplyalongword thisisawordwithfortycharactersaaaaaaaaaa	1
will of deal with it this is an counter example	6
with sentence it this is an example of deal a	6
