cc|and|and	nns|property|properties	$	nn|durability|durability	nn|breathing|breathing	$	1
dt|an|an	np|mulberry|mulberry	in|on|on	in|in|in	jj|attractive|attractive	vvg|tick|ticking	1
dt|a|a	nn|wood|wood	np|the|the	in|on|on	vvn|turn|turned	nn|leg|leg	1
dt|a|a	vvn|tease|teased	nn|pad|pad	vvg|use|using	nn|needle|needle	nn|hair|hair	1
dt|each|each	vvn|pocket|pocketed	vbz|be|is	$	jj|individual|individual	nn|spring|spring	1
dt|the|the	nn|quality|quality	nn|calico|calico	in|in|in	jjs|fine|finest	nn|cotton|cotton	1
in|as|as	vbz|be|is	$	jj|comfortable|comfortable	pp|it|it	jj|affordable|affordable	1
in|for|for	nn|durability|durability	nn|breathing|breathing	vvn|use|used	pp|its|its	cc|and|and	1
in|in|in	jjs|fine|finest	nn|cotton|cotton	vvn|enclose|enclosed	dt|the|the	nn|quality|quality	1
in|in|in	jj|attractive|attractive	vvg|tick|ticking	rb|here|here	dt|an|an	np|mulberry|mulberry	1
in|on|on	vvn|turn|turned	nn|leg|leg	vvg|tick|ticking	dt|a|a	nn|wood|wood	1
jjs|fine|finest	nn|cotton|cotton	vvn|use|used	dt|the|the	nn|quality|quality	nn|calico|calico	1
jj|affordable|affordable	$	$	vbz|be|is	$	$	1
jj|attractive|attractive	vvg|tick|ticking	dt|a|a	dt|an|an	np|mulberry|mulberry	in|on|on	1
jj|comfortable|comfortable	pp|it|it	jj|affordable|affordable	rb|as|as	in|as|as	vbz|be|is	1
jj|extra|extra	vvg|make|making	rb|as|as	vv|provide|provide	nn|support|support	pp|it|it	1
jj|individual|individual	nn|spring|spring	vvn|enclose|enclosed	dt|each|each	vvn|pocket|pocketed	vbz|be|is	1
nns|property|properties	$	$	nn|breathing|breathing	$	$	1
nn|breathing|breathing	$	$	cc|and|and	nns|property|properties	$	1
nn|calico|calico	in|for|for	nn|durability|durability	nn|cotton|cotton	vvn|use|used	pp|its|its	1
nn|cotton|cotton	vvn|use|used	pp|its|its	nn|quality|quality	nn|calico|calico	in|for|for	1
nn|durability|durability	nn|breathing|breathing	$	pp|its|its	cc|and|and	nns|property|properties	1
nn|hair|hair	to|to|to	jj|extra|extra	vvn|tease|teased	nn|pad|pad	vv|provide|provide	1
nn|leg|leg	$	$	nn|wood|wood	np|the|the	$	1
nn|needle|needle	nn|hair|hair	to|to|to	dt|a|a	vvn|tease|teased	nn|pad|pad	1
nn|pad|pad	vv|provide|provide	nn|support|support	nn|hair|hair	to|to|to	jj|extra|extra	1
nn|quality|quality	nn|calico|calico	in|for|for	jjs|fine|finest	nn|cotton|cotton	vvn|use|used	1
nn|spring|spring	vvn|enclose|enclosed	dt|the|the	vvn|pocket|pocketed	vbz|be|is	in|in|in	1
nn|support|support	pp|it|it	jj|comfortable|comfortable	jj|extra|extra	vvg|make|making	rb|as|as	1
nn|wood|wood	np|the|the	$	vvn|turn|turned	nn|leg|leg	$	1
np|baronet|baronet	vbz|be|is	vvg|use|using	np|the|the	np|supreme|supreme	vvn|upholster|upholstered	1
np|mulberry|mulberry	in|on|on	vvn|turn|turned	jj|attractive|attractive	vvg|tick|ticking	dt|a|a	1
np|supreme|supreme	vvn|upholster|upholstered	dt|a|a	np|baronet|baronet	vbz|be|is	vvg|use|using	1
np|the|the	$	$	nn|leg|leg	$	$	1
np|the|the	np|supreme|supreme	vvn|upholster|upholstered	$	np|baronet|baronet	vbz|be|is	1
pp|its|its	cc|and|and	nns|property|properties	in|for|for	nn|durability|durability	nn|breathing|breathing	1
pp|it|it	jj|affordable|affordable	$	in|as|as	vbz|be|is	$	1
pp|it|it	jj|comfortable|comfortable	pp|it|it	vvg|make|making	rb|as|as	in|as|as	1
rb|as|as	in|as|as	vbz|be|is	pp|it|it	jj|comfortable|comfortable	pp|it|it	1
rb|here|here	dt|an|an	np|mulberry|mulberry	vvn|picture|pictured	in|in|in	jj|attractive|attractive	1
to|to|to	jj|extra|extra	vvg|make|making	nn|pad|pad	vv|provide|provide	nn|support|support	1
vbz|be|is	$	$	pp|it|it	jj|affordable|affordable	$	1
vbz|be|is	in|in|in	jjs|fine|finest	nn|spring|spring	vvn|enclose|enclosed	dt|the|the	1
vbz|be|is	vvg|use|using	nn|needle|needle	np|supreme|supreme	vvn|upholster|upholstered	dt|a|a	1
vvg|make|making	rb|as|as	in|as|as	nn|support|support	pp|it|it	jj|comfortable|comfortable	1
vvg|tick|ticking	dt|a|a	nn|wood|wood	np|mulberry|mulberry	in|on|on	vvn|turn|turned	1
vvg|use|using	nn|needle|needle	nn|hair|hair	vvn|upholster|upholstered	dt|a|a	vvn|tease|teased	1
vvn|enclose|enclosed	dt|the|the	nn|quality|quality	vbz|be|is	in|in|in	jjs|fine|finest	1
vvn|picture|pictured	in|in|in	jj|attractive|attractive	$	rb|here|here	dt|an|an	1
vvn|pocket|pocketed	vbz|be|is	in|in|in	jj|individual|individual	nn|spring|spring	vvn|enclose|enclosed	1
vvn|tease|teased	nn|pad|pad	vv|provide|provide	nn|needle|needle	nn|hair|hair	to|to|to	1
vvn|turn|turned	nn|leg|leg	$	dt|a|a	nn|wood|wood	np|the|the	1
vvn|upholster|upholstered	dt|a|a	vvn|tease|teased	vbz|be|is	vvg|use|using	nn|needle|needle	1
vvn|use|used	pp|its|its	cc|and|and	nn|calico|calico	in|for|for	nn|durability|durability	1
vv|provide|provide	nn|support|support	pp|it|it	to|to|to	jj|extra|extra	vvg|make|making	1
