cc|and|and	$	nn|breathing|breathing	nns|property|properties	nn|durability|durability	$	1
dt|an|an	in|on|on	jj|attractive|attractive	np|mulberry|mulberry	in|in|in	vvg|tick|ticking	1
dt|a|a	nn|pad|pad	nn|needle|needle	vvn|tease|teased	vvg|use|using	nn|hair|hair	1
dt|a|a	np|the|the	vvn|turn|turned	nn|wood|wood	in|on|on	nn|leg|leg	1
dt|each|each	vbz|be|is	jj|individual|individual	vvn|pocket|pocketed	$	nn|spring|spring	1
dt|the|the	nn|calico|calico	jjs|fine|finest	nn|quality|quality	in|in|in	nn|cotton|cotton	1
in|as|as	$	pp|it|it	vbz|be|is	jj|comfortable|comfortable	jj|affordable|affordable	1
in|for|for	nn|breathing|breathing	pp|its|its	nn|durability|durability	vvn|use|used	cc|and|and	1
in|in|in	nn|cotton|cotton	dt|the|the	jjs|fine|finest	vvn|enclose|enclosed	nn|quality|quality	1
in|in|in	vvg|tick|ticking	dt|an|an	jj|attractive|attractive	rb|here|here	np|mulberry|mulberry	1
in|on|on	nn|leg|leg	dt|a|a	vvn|turn|turned	vvg|tick|ticking	nn|wood|wood	1
jjs|fine|finest	vvn|use|used	nn|quality|quality	nn|cotton|cotton	dt|the|the	nn|calico|calico	1
jj|affordable|affordable	$	$	$	vbz|be|is	$	1
jj|attractive|attractive	dt|a|a	np|mulberry|mulberry	vvg|tick|ticking	dt|an|an	in|on|on	1
jj|comfortable|comfortable	jj|affordable|affordable	in|as|as	pp|it|it	rb|as|as	vbz|be|is	1
jj|extra|extra	rb|as|as	nn|support|support	vvg|make|making	vv|provide|provide	pp|it|it	1
jj|individual|individual	vvn|enclose|enclosed	vvn|pocket|pocketed	nn|spring|spring	dt|each|each	vbz|be|is	1
nns|property|properties	$	$	$	nn|breathing|breathing	$	1
nn|breathing|breathing	$	nns|property|properties	$	cc|and|and	$	1
nn|calico|calico	nn|durability|durability	vvn|use|used	in|for|for	nn|cotton|cotton	pp|its|its	1
nn|cotton|cotton	pp|its|its	nn|calico|calico	vvn|use|used	nn|quality|quality	in|for|for	1
nn|durability|durability	$	cc|and|and	nn|breathing|breathing	pp|its|its	nns|property|properties	1
nn|hair|hair	jj|extra|extra	nn|pad|pad	to|to|to	vvn|tease|teased	vv|provide|provide	1
nn|leg|leg	$	np|the|the	$	nn|wood|wood	$	1
nn|needle|needle	to|to|to	vvn|tease|teased	nn|hair|hair	dt|a|a	nn|pad|pad	1
nn|pad|pad	nn|support|support	to|to|to	vv|provide|provide	nn|hair|hair	jj|extra|extra	1
nn|quality|quality	in|for|for	nn|cotton|cotton	nn|calico|calico	jjs|fine|finest	vvn|use|used	1
nn|spring|spring	dt|the|the	vbz|be|is	vvn|enclose|enclosed	vvn|pocket|pocketed	in|in|in	1
nn|support|support	jj|comfortable|comfortable	vvg|make|making	pp|it|it	jj|extra|extra	rb|as|as	1
nn|wood|wood	$	nn|leg|leg	np|the|the	vvn|turn|turned	$	1
np|baronet|baronet	vvg|use|using	np|supreme|supreme	vbz|be|is	np|the|the	vvn|upholster|upholstered	1
np|mulberry|mulberry	vvn|turn|turned	vvg|tick|ticking	in|on|on	jj|attractive|attractive	dt|a|a	1
np|supreme|supreme	dt|a|a	vbz|be|is	vvn|upholster|upholstered	np|baronet|baronet	vvg|use|using	1
np|the|the	$	$	$	nn|leg|leg	$	1
np|the|the	vvn|upholster|upholstered	np|baronet|baronet	np|supreme|supreme	$	vbz|be|is	1
pp|its|its	nns|property|properties	nn|durability|durability	cc|and|and	in|for|for	nn|breathing|breathing	1
pp|it|it	$	vbz|be|is	jj|affordable|affordable	in|as|as	$	1
pp|it|it	pp|it|it	rb|as|as	jj|comfortable|comfortable	vvg|make|making	in|as|as	1
rb|as|as	vbz|be|is	jj|comfortable|comfortable	in|as|as	pp|it|it	pp|it|it	1
rb|here|here	np|mulberry|mulberry	in|in|in	dt|an|an	vvn|picture|pictured	jj|attractive|attractive	1
to|to|to	vvg|make|making	vv|provide|provide	jj|extra|extra	nn|pad|pad	nn|support|support	1
vbz|be|is	$	jj|affordable|affordable	$	pp|it|it	$	1
vbz|be|is	jjs|fine|finest	vvn|enclose|enclosed	in|in|in	nn|spring|spring	dt|the|the	1
vbz|be|is	nn|needle|needle	vvn|upholster|upholstered	vvg|use|using	np|supreme|supreme	dt|a|a	1
vvg|make|making	in|as|as	pp|it|it	rb|as|as	nn|support|support	jj|comfortable|comfortable	1
vvg|tick|ticking	nn|wood|wood	in|on|on	dt|a|a	np|mulberry|mulberry	vvn|turn|turned	1
vvg|use|using	nn|hair|hair	dt|a|a	nn|needle|needle	vvn|upholster|upholstered	vvn|tease|teased	1
vvn|enclose|enclosed	nn|quality|quality	in|in|in	dt|the|the	vbz|be|is	jjs|fine|finest	1
vvn|picture|pictured	jj|attractive|attractive	rb|here|here	in|in|in	$	dt|an|an	1
vvn|pocket|pocketed	in|in|in	nn|spring|spring	vbz|be|is	jj|individual|individual	vvn|enclose|enclosed	1
vvn|tease|teased	vv|provide|provide	nn|hair|hair	nn|pad|pad	nn|needle|needle	to|to|to	1
vvn|turn|turned	$	nn|wood|wood	nn|leg|leg	dt|a|a	np|the|the	1
vvn|upholster|upholstered	vvn|tease|teased	vvg|use|using	dt|a|a	vbz|be|is	nn|needle|needle	1
vvn|use|used	cc|and|and	in|for|for	pp|its|its	nn|calico|calico	nn|durability|durability	1
vv|provide|provide	pp|it|it	jj|extra|extra	nn|support|support	to|to|to	vvg|make|making	1
