cc|and|and	1
dt|an|an	1
dt|a|a	2
dt|each|each	1
dt|the|the	1
in|as|as	1
in|for|for	1
in|in|in	2
in|on|on	1
jjs|fine|finest	1
jj|affordable|affordable	1
jj|attractive|attractive	1
jj|comfortable|comfortable	1
jj|extra|extra	1
jj|individual|individual	1
nns|property|properties	1
nn|breathing|breathing	1
nn|calico|calico	1
nn|cotton|cotton	1
nn|durability|durability	1
nn|hair|hair	1
nn|leg|leg	1
nn|needle|needle	1
nn|pad|pad	1
nn|quality|quality	1
nn|spring|spring	1
nn|support|support	1
nn|wood|wood	1
np|baronet|baronet	1
np|mulberry|mulberry	1
np|supreme|supreme	1
np|the|the	2
pp|its|its	1
pp|it|it	2
rb|as|as	1
rb|here|here	1
to|to|to	1
vbz|be|is	3
vvg|make|making	1
vvg|tick|ticking	1
vvg|use|using	1
vvn|enclose|enclosed	1
vvn|picture|pictured	1
vvn|pocket|pocketed	1
vvn|tease|teased	1
vvn|turn|turned	1
vvn|upholster|upholstered	1
vvn|use|used	1
vv|provide|provide	1
