a	sentence	7
an	example	7
and	if	7
åber	åber	4
åber	this	1
case	then	7
counter	will	7
deal	with	7
example	of	7
finland	finland	9
finland	straße	1
finland	thisissimplyalongword	1
if	that	7
is	an	7
is	the	7
it	$	1
it	this	6
n-gram	counter	7
of	a	7
sentence	with	7
strasse	åber	1
straße	strasse	1
straße	straße	4
test	finland	1
test	test	4
that	is	7
the	case	7
the	n-gram	7
then	the	7
this	finland	1
this	is	7
this	this	5
thisisawordwithfortycharactersaaaaaaaaaa	thisisawordwithfortycharactersaaaaaaaaaa	5
thisisawordwithfortycharactersaaaaaaaaaa	thisisawordwiththirtyninecharactsaaaaaa	1
thisisawordwiththirtyninecharactsaaaaaa	$	1
thisisawordwiththirtyninecharactsaaaaaa	thisisawordwiththirtyninecharactsaaaaaa	6
thisissimplyalongword	thisisawordwithfortycharactersaaaaaaaaaa	1
thisissimplyalongword	thisissimplyalongword	5
will	deal	7
with	$	7
with	it	7
