a	of	7
an	is	7
and	$	7
åber	åber	4
åber	strasse	1
case	the	7
counter	n-gram	7
deal	will	7
example	an	7
finland	finland	9
finland	test	1
finland	this	1
if	and	7
is	that	7
is	this	7
it	with	7
n-gram	the	7
of	example	7
sentence	a	7
strasse	straße	1
straße	finland	1
straße	straße	4
test	$	1
test	test	4
that	if	7
the	is	7
the	then	7
then	case	7
this	$	1
this	åber	1
this	it	6
this	this	5
thisisawordwithfortycharactersaaaaaaaaaa	thisisawordwithfortycharactersaaaaaaaaaa	5
thisisawordwithfortycharactersaaaaaaaaaa	thisissimplyalongword	1
thisisawordwiththirtyninecharactsaaaaaa	thisisawordwithfortycharactersaaaaaaaaaa	1
thisisawordwiththirtyninecharactsaaaaaa	thisisawordwiththirtyninecharactsaaaaaa	6
thisissimplyalongword	finland	1
thisissimplyalongword	thisissimplyalongword	5
will	counter	7
with	deal	7
with	sentence	7
