an example a sentence deal with it this is of	6
åber åber åber åber straße straße straße straße strasse åber	1
åber åber åber this straße straße straße strasse åber åber	1
åber åber this this straße strasse åber åber åber this	1
åber åber this this straße straße strasse åber åber åber	1
åber this this this strasse åber åber åber åber this	1
case then n-gram counter and if that is the the	7
counter will with it the case then the n-gram deal	7
deal with this is then the n-gram counter will it	6
example of sentence with with it this is an a	6
finland finland finland finland test finland finland finland finland finland	1
finland finland finland finland test test finland finland finland finland	1
finland finland finland finland test test test finland finland finland	1
finland finland finland finland test test test test finland finland	1
finland finland finland finland test test test test test finland	1
finland finland finland straße finland finland finland finland finland finland	1
finland finland straße straße finland finland finland finland finland finland	1
finland finland straße straße finland finland finland finland finland straße	1
finland finland thisissimplyalongword thisissimplyalongword this this this this this thisissimplyalongword	1
finland straße straße straße finland finland finland finland finland straße	1
finland thisissimplyalongword thisissimplyalongword thisissimplyalongword this this this this finland thisissimplyalongword	1
is an of a will deal with it this example	6
it this an example n-gram counter will deal with is	6
n-gram counter deal with is the case then the will	7
strasse åber åber åber straße straße straße straße straße åber	1
straße strasse åber åber finland straße straße straße straße åber	1
straße straße åber åber finland finland straße straße straße strasse	1
straße straße strasse åber finland finland finland straße straße straße	1
straße straße straße strasse finland finland finland finland straße straße	1
straße straße straße straße finland finland finland finland finland straße	1
the n-gram will deal that is the case then counter	7
then the counter will if that is the case n-gram	7
this finland thisissimplyalongword thisissimplyalongword this this this this this finland	1
this is example of counter will deal with it an	6
this this finland finland åber åber this this this this	1
this this finland thisissimplyalongword åber this this this this finland	1
this this this finland åber åber åber this this this	1
this this this this åber åber åber åber åber this	1
this this this this åber åber åber åber this this	1
thisisawordwithfortycharactersaaaaaaaaaa thisisawordwithfortycharactersaaaaaaaaaa thisisawordwithfortycharactersaaaaaaaaaa thisisawordwithfortycharactersaaaaaaaaaa thisissimplyalongword thisissimplyalongword thisissimplyalongword thisissimplyalongword thisisawordwithfortycharactersaaaaaaaaaa thisisawordwithfortycharactersaaaaaaaaaa	1
thisisawordwithfortycharactersaaaaaaaaaa thisisawordwithfortycharactersaaaaaaaaaa thisisawordwithfortycharactersaaaaaaaaaa thisisawordwithfortycharactersaaaaaaaaaa thisissimplyalongword thisissimplyalongword thisissimplyalongword thisissimplyalongword thisissimplyalongword thisisawordwithfortycharactersaaaaaaaaaa	1
thisisawordwithfortycharactersaaaaaaaaaa thisisawordwithfortycharactersaaaaaaaaaa thisisawordwithfortycharactersaaaaaaaaaa thisisawordwiththirtyninecharactsaaaaaa thisissimplyalongword thisissimplyalongword thisissimplyalongword thisisawordwithfortycharactersaaaaaaaaaa thisisawordwithfortycharactersaaaaaaaaaa thisisawordwithfortycharactersaaaaaaaaaa	1
thisisawordwithfortycharactersaaaaaaaaaa thisisawordwithfortycharactersaaaaaaaaaa thisisawordwiththirtyninecharactsaaaaaa thisisawordwiththirtyninecharactsaaaaaa thisissimplyalongword thisisawordwithfortycharactersaaaaaaaaaa thisisawordwithfortycharactersaaaaaaaaaa thisisawordwithfortycharactersaaaaaaaaaa thisisawordwithfortycharactersaaaaaaaaaa thisisawordwiththirtyninecharactsaaaaaa	1
thisisawordwithfortycharactersaaaaaaaaaa thisisawordwithfortycharactersaaaaaaaaaa thisisawordwiththirtyninecharactsaaaaaa thisisawordwiththirtyninecharactsaaaaaa thisissimplyalongword thisissimplyalongword thisisawordwithfortycharactersaaaaaaaaaa thisisawordwithfortycharactersaaaaaaaaaa thisisawordwithfortycharactersaaaaaaaaaa thisisawordwithfortycharactersaaaaaaaaaa	1
thisisawordwithfortycharactersaaaaaaaaaa thisisawordwiththirtyninecharactsaaaaaa thisisawordwiththirtyninecharactsaaaaaa thisisawordwiththirtyninecharactsaaaaaa thisisawordwithfortycharactersaaaaaaaaaa thisisawordwithfortycharactersaaaaaaaaaa thisisawordwithfortycharactersaaaaaaaaaa thisisawordwithfortycharactersaaaaaaaaaa thisisawordwithfortycharactersaaaaaaaaaa thisisawordwiththirtyninecharactsaaaaaa	1
thisisawordwiththirtyninecharactsaaaaaa thisisawordwiththirtyninecharactsaaaaaa thisisawordwiththirtyninecharactsaaaaaa thisisawordwiththirtyninecharactsaaaaaa thisisawordwithfortycharactersaaaaaaaaaa thisisawordwithfortycharactersaaaaaaaaaa thisisawordwithfortycharactersaaaaaaaaaa thisisawordwithfortycharactersaaaaaaaaaa thisisawordwithfortycharactersaaaaaaaaaa thisisawordwiththirtyninecharactsaaaaaa	1
thisisawordwiththirtyninecharactsaaaaaa thisisawordwiththirtyninecharactsaaaaaa thisisawordwiththirtyninecharactsaaaaaa thisisawordwiththirtyninecharactsaaaaaa thisisawordwithfortycharactersaaaaaaaaaa thisisawordwithfortycharactersaaaaaaaaaa thisisawordwithfortycharactersaaaaaaaaaa thisisawordwithfortycharactersaaaaaaaaaa thisisawordwiththirtyninecharactsaaaaaa thisisawordwiththirtyninecharactsaaaaaa	1
thisisawordwiththirtyninecharactsaaaaaa thisisawordwiththirtyninecharactsaaaaaa thisisawordwiththirtyninecharactsaaaaaa thisisawordwiththirtyninecharactsaaaaaa thisisawordwithfortycharactersaaaaaaaaaa thisisawordwithfortycharactersaaaaaaaaaa thisisawordwithfortycharactersaaaaaaaaaa thisisawordwiththirtyninecharactsaaaaaa thisisawordwiththirtyninecharactsaaaaaa thisisawordwiththirtyninecharactsaaaaaa	1
thisissimplyalongword thisisawordwithfortycharactersaaaaaaaaaa thisisawordwithfortycharactersaaaaaaaaaa thisisawordwithfortycharactersaaaaaaaaaa thisissimplyalongword thisissimplyalongword thisissimplyalongword thisissimplyalongword thisissimplyalongword thisisawordwithfortycharactersaaaaaaaaaa	1
thisissimplyalongword thisissimplyalongword thisisawordwithfortycharactersaaaaaaaaaa thisisawordwithfortycharactersaaaaaaaaaa finland finland thisissimplyalongword thisissimplyalongword thisissimplyalongword thisissimplyalongword	1
thisissimplyalongword thisissimplyalongword thisisawordwithfortycharactersaaaaaaaaaa thisisawordwithfortycharactersaaaaaaaaaa finland thisissimplyalongword thisissimplyalongword thisissimplyalongword thisissimplyalongword thisisawordwithfortycharactersaaaaaaaaaa	1
thisissimplyalongword thisissimplyalongword thisissimplyalongword thisisawordwithfortycharactersaaaaaaaaaa this finland finland thisissimplyalongword thisissimplyalongword thisissimplyalongword	1
thisissimplyalongword thisissimplyalongword thisissimplyalongword thisissimplyalongword this this finland finland thisissimplyalongword thisissimplyalongword	1
thisissimplyalongword thisissimplyalongword thisissimplyalongword thisissimplyalongword this this this finland finland thisissimplyalongword	1
will deal it this case then the n-gram counter with	6
with it is an the n-gram counter will deal this	6
