an example it of a sentence with this is	6
åber åber åber this this this this åber åber	1
åber åber strasse åber this this this åber åber	1
åber åber straße åber åber åber this straße strasse	1
åber åber straße åber åber this this strasse åber	1
åber this åber this this this this åber åber	1
case then that the n-gram counter will is the	7
counter will then deal with it this the n-gram	6
deal with n-gram it this is an counter will	6
finland finland finland finland finland finland finland finland finland	1
finland finland finland finland finland finland straße finland finland	1
finland finland finland finland finland straße straße finland finland	1
finland finland finland finland straße straße straße finland finland	1
finland finland finland straße straße straße straße finland finland	1
finland finland test finland finland finland finland finland finland	1
finland finland test finland finland finland finland test finland	1
finland finland test finland finland finland finland test test	1
finland finland this thisissimplyalongword thisissimplyalongword thisissimplyalongword thisissimplyalongword this this	1
finland straße finland straße straße straße straße finland finland	1
finland thisissimplyalongword this thisissimplyalongword thisissimplyalongword thisissimplyalongword thisissimplyalongword this finland	1
is an with example of a sentence it this	6
is the and case then the n-gram if that	7
it this will is an example of deal with	6
n-gram counter case will deal with it then the	7
strasse åber straße åber åber åber åber straße straße	1
straße strasse straße åber åber åber åber straße straße	1
straße straße finland straße strasse åber åber straße straße	1
straße straße finland straße straße strasse åber finland straße	1
straße straße finland straße straße straße strasse finland finland	1
straße straße straße strasse åber åber åber straße straße	1
test finland test finland finland finland finland test test	1
test test test finland finland finland finland test test	1
the case if then the n-gram counter that is	7
the n-gram the counter will deal with case then	7
then the is n-gram counter will deal the case	7
this finland this finland thisissimplyalongword thisissimplyalongword thisissimplyalongword this this	1
this is deal an example of a with it	6
this this åber this this finland finland this this	1
this this åber this this this finland åber this	1
this this åber this this this this åber åber	1
this this this finland finland thisissimplyalongword thisissimplyalongword this this	1
this this this this finland finland thisissimplyalongword this this	1
thisisawordwithfortycharactersaaaaaaaaaa thisisawordwithfortycharactersaaaaaaaaaa thisisawordwithfortycharactersaaaaaaaaaa thisisawordwithfortycharactersaaaaaaaaaa thisisawordwiththirtyninecharactsaaaaaa thisisawordwiththirtyninecharactsaaaaaa thisisawordwiththirtyninecharactsaaaaaa thisisawordwithfortycharactersaaaaaaaaaa thisisawordwithfortycharactersaaaaaaaaaa	1
thisisawordwithfortycharactersaaaaaaaaaa thisisawordwithfortycharactersaaaaaaaaaa thisisawordwithfortycharactersaaaaaaaaaa thisisawordwiththirtyninecharactsaaaaaa thisisawordwiththirtyninecharactsaaaaaa thisisawordwiththirtyninecharactsaaaaaa thisisawordwiththirtyninecharactsaaaaaa thisisawordwithfortycharactersaaaaaaaaaa thisisawordwithfortycharactersaaaaaaaaaa	1
thisisawordwithfortycharactersaaaaaaaaaa thisisawordwithfortycharactersaaaaaaaaaa thisissimplyalongword thisisawordwithfortycharactersaaaaaaaaaa thisisawordwithfortycharactersaaaaaaaaaa thisisawordwithfortycharactersaaaaaaaaaa thisisawordwithfortycharactersaaaaaaaaaa thisissimplyalongword thisissimplyalongword	1
thisisawordwithfortycharactersaaaaaaaaaa thisisawordwithfortycharactersaaaaaaaaaa thisissimplyalongword thisisawordwithfortycharactersaaaaaaaaaa thisisawordwithfortycharactersaaaaaaaaaa thisisawordwithfortycharactersaaaaaaaaaa thisisawordwiththirtyninecharactsaaaaaa thisissimplyalongword thisisawordwithfortycharactersaaaaaaaaaa	1
thisisawordwithfortycharactersaaaaaaaaaa thisisawordwithfortycharactersaaaaaaaaaa thisissimplyalongword thisisawordwithfortycharactersaaaaaaaaaa thisisawordwithfortycharactersaaaaaaaaaa thisisawordwiththirtyninecharactsaaaaaa thisisawordwiththirtyninecharactsaaaaaa thisisawordwithfortycharactersaaaaaaaaaa thisisawordwithfortycharactersaaaaaaaaaa	1
thisisawordwithfortycharactersaaaaaaaaaa thisisawordwiththirtyninecharactsaaaaaa thisisawordwithfortycharactersaaaaaaaaaa thisisawordwiththirtyninecharactsaaaaaa thisisawordwiththirtyninecharactsaaaaaa thisisawordwiththirtyninecharactsaaaaaa thisisawordwiththirtyninecharactsaaaaaa thisisawordwithfortycharactersaaaaaaaaaa thisisawordwithfortycharactersaaaaaaaaaa	1
thisisawordwiththirtyninecharactsaaaaaa thisisawordwiththirtyninecharactsaaaaaa thisisawordwithfortycharactersaaaaaaaaaa thisisawordwiththirtyninecharactsaaaaaa thisisawordwiththirtyninecharactsaaaaaa thisisawordwiththirtyninecharactsaaaaaa thisisawordwiththirtyninecharactsaaaaaa thisisawordwithfortycharactersaaaaaaaaaa thisisawordwithfortycharactersaaaaaaaaaa	1
thisisawordwiththirtyninecharactsaaaaaa thisisawordwiththirtyninecharactsaaaaaa thisisawordwithfortycharactersaaaaaaaaaa thisisawordwiththirtyninecharactsaaaaaa thisisawordwiththirtyninecharactsaaaaaa thisisawordwiththirtyninecharactsaaaaaa thisisawordwiththirtyninecharactsaaaaaa thisisawordwithfortycharactersaaaaaaaaaa thisisawordwiththirtyninecharactsaaaaaa	1
thisissimplyalongword thisisawordwithfortycharactersaaaaaaaaaa thisissimplyalongword thisisawordwithfortycharactersaaaaaaaaaa thisisawordwithfortycharactersaaaaaaaaaa thisisawordwithfortycharactersaaaaaaaaaa thisisawordwithfortycharactersaaaaaaaaaa thisissimplyalongword thisissimplyalongword	1
thisissimplyalongword thisissimplyalongword finland thisissimplyalongword thisissimplyalongword thisisawordwithfortycharactersaaaaaaaaaa thisisawordwithfortycharactersaaaaaaaaaa thisissimplyalongword thisissimplyalongword	1
thisissimplyalongword thisissimplyalongword finland thisissimplyalongword thisissimplyalongword thisissimplyalongword thisisawordwithfortycharactersaaaaaaaaaa finland thisissimplyalongword	1
thisissimplyalongword thisissimplyalongword this thisissimplyalongword thisissimplyalongword thisissimplyalongword thisissimplyalongword finland finland	1
thisissimplyalongword thisissimplyalongword thisissimplyalongword thisisawordwithfortycharactersaaaaaaaaaa thisisawordwithfortycharactersaaaaaaaaaa thisisawordwithfortycharactersaaaaaaaaaa thisisawordwithfortycharactersaaaaaaaaaa thisissimplyalongword thisissimplyalongword	1
thisissimplyalongword thisissimplyalongword thisissimplyalongword thisissimplyalongword thisisawordwithfortycharactersaaaaaaaaaa thisisawordwithfortycharactersaaaaaaaaaa thisisawordwithfortycharactersaaaaaaaaaa thisissimplyalongword thisissimplyalongword	1
will deal the with it this is n-gram counter	6
with it counter this is an example will deal	6
