åber this this finland this finland åber this this this	1
åber this this this åber finland åber this this this	1
åber this this this åber this åber åber åber this	1
åber this this this åber this åber åber this this	1
åber this this this åber this strasse åber åber åber	1
case will deal with then it the the n-gram counter	7
counter this is an will example n-gram deal with it	6
deal an example of with a will it this is	6
finland finland finland finland finland finland test finland finland finland	1
finland finland finland finland finland straße finland finland finland finland	1
finland finland finland straße finland straße finland finland finland finland	1
finland finland straße straße finland straße finland finland finland finland	1
finland straße strasse åber straße åber finland straße straße straße	1
finland straße straße strasse finland åber finland straße straße straße	1
finland straße straße straße finland strasse finland finland straße straße	1
finland straße straße straße finland straße finland finland finland finland	1
finland straße straße straße finland straße finland finland finland straße	1
finland thisissimplyalongword thisissimplyalongword thisisawordwithfortycharactersaaaaaaaaaa thisissimplyalongword thisisawordwithfortycharactersaaaaaaaaaa finland thisissimplyalongword thisissimplyalongword thisissimplyalongword	1
finland thisissimplyalongword thisissimplyalongword thisissimplyalongword finland thisisawordwithfortycharactersaaaaaaaaaa this thisissimplyalongword thisissimplyalongword thisissimplyalongword	1
if then the n-gram that counter and is the case	7
is n-gram counter will the deal that case then the	7
it of a sentence this with with is an example	6
n-gram it this is counter an the will deal with	6
strasse åber this this åber this straße åber åber åber	1
straße åber åber åber straße åber straße straße strasse åber	1
straße åber åber åber straße åber straße straße straße strasse	1
straße åber åber åber straße this straße strasse åber åber	1
straße åber åber this strasse this straße åber åber åber	1
straße strasse åber åber straße åber finland straße straße straße	1
test finland finland finland finland finland test finland finland finland	1
test finland finland finland test finland test finland finland finland	1
test finland finland finland test finland test test finland finland	1
test finland finland finland test finland test test test finland	1
that the n-gram counter is will if the case then	7
the counter will deal case with is then the n-gram	7
the with it this n-gram is then counter will deal	6
then deal with it the this case n-gram counter will	6
this finland finland thisissimplyalongword this thisissimplyalongword this this this this	1
this finland thisissimplyalongword thisissimplyalongword this thisissimplyalongword this this this finland	1
this this finland finland this thisissimplyalongword åber this this this	1
this thisissimplyalongword thisissimplyalongword thisissimplyalongword finland thisissimplyalongword this finland thisissimplyalongword thisissimplyalongword	1
this thisissimplyalongword thisissimplyalongword thisissimplyalongword this thisissimplyalongword this finland finland thisissimplyalongword	1
this thisissimplyalongword thisissimplyalongword thisissimplyalongword this thisissimplyalongword this this finland finland	1
thisisawordwithfortycharactersaaaaaaaaaa thisisawordwithfortycharactersaaaaaaaaaa thisisawordwiththirtyninecharactsaaaaaa thisisawordwiththirtyninecharactsaaaaaa thisisawordwithfortycharactersaaaaaaaaaa thisisawordwiththirtyninecharactsaaaaaa thisissimplyalongword thisisawordwithfortycharactersaaaaaaaaaa thisisawordwithfortycharactersaaaaaaaaaa thisisawordwithfortycharactersaaaaaaaaaa	1
thisisawordwithfortycharactersaaaaaaaaaa thisisawordwiththirtyninecharactsaaaaaa thisisawordwiththirtyninecharactsaaaaaa thisisawordwiththirtyninecharactsaaaaaa thisisawordwithfortycharactersaaaaaaaaaa thisisawordwiththirtyninecharactsaaaaaa thisisawordwithfortycharactersaaaaaaaaaa thisisawordwithfortycharactersaaaaaaaaaa thisisawordwithfortycharactersaaaaaaaaaa thisisawordwithfortycharactersaaaaaaaaaa	1
thisisawordwithfortycharactersaaaaaaaaaa thisisawordwiththirtyninecharactsaaaaaa thisisawordwiththirtyninecharactsaaaaaa thisisawordwiththirtyninecharactsaaaaaa thisisawordwithfortycharactersaaaaaaaaaa thisisawordwiththirtyninecharactsaaaaaa thisisawordwithfortycharactersaaaaaaaaaa thisisawordwithfortycharactersaaaaaaaaaa thisisawordwithfortycharactersaaaaaaaaaa thisisawordwiththirtyninecharactsaaaaaa	1
thisisawordwithfortycharactersaaaaaaaaaa thisisawordwiththirtyninecharactsaaaaaa thisisawordwiththirtyninecharactsaaaaaa thisisawordwiththirtyninecharactsaaaaaa thisisawordwithfortycharactersaaaaaaaaaa thisisawordwiththirtyninecharactsaaaaaa thisisawordwithfortycharactersaaaaaaaaaa thisisawordwithfortycharactersaaaaaaaaaa thisisawordwiththirtyninecharactsaaaaaa thisisawordwiththirtyninecharactsaaaaaa	1
thisisawordwithfortycharactersaaaaaaaaaa thisisawordwiththirtyninecharactsaaaaaa thisisawordwiththirtyninecharactsaaaaaa thisisawordwiththirtyninecharactsaaaaaa thisisawordwithfortycharactersaaaaaaaaaa thisisawordwiththirtyninecharactsaaaaaa thisisawordwithfortycharactersaaaaaaaaaa thisisawordwiththirtyninecharactsaaaaaa thisisawordwiththirtyninecharactsaaaaaa thisisawordwiththirtyninecharactsaaaaaa	1
thisissimplyalongword thisisawordwithfortycharactersaaaaaaaaaa thisisawordwithfortycharactersaaaaaaaaaa thisisawordwithfortycharactersaaaaaaaaaa thisissimplyalongword thisisawordwithfortycharactersaaaaaaaaaa thisissimplyalongword thisissimplyalongword thisisawordwithfortycharactersaaaaaaaaaa thisisawordwithfortycharactersaaaaaaaaaa	1
thisissimplyalongword thisisawordwithfortycharactersaaaaaaaaaa thisisawordwithfortycharactersaaaaaaaaaa thisisawordwithfortycharactersaaaaaaaaaa thisissimplyalongword thisisawordwithfortycharactersaaaaaaaaaa thisissimplyalongword thisissimplyalongword thisissimplyalongword thisisawordwithfortycharactersaaaaaaaaaa	1
thisissimplyalongword thisisawordwithfortycharactersaaaaaaaaaa thisisawordwithfortycharactersaaaaaaaaaa thisisawordwithfortycharactersaaaaaaaaaa thisissimplyalongword thisisawordwithfortycharactersaaaaaaaaaa thisissimplyalongword thisissimplyalongword thisissimplyalongword thisissimplyalongword	1
thisissimplyalongword thisisawordwithfortycharactersaaaaaaaaaa thisisawordwithfortycharactersaaaaaaaaaa thisisawordwithfortycharactersaaaaaaaaaa thisissimplyalongword thisisawordwiththirtyninecharactsaaaaaa thisissimplyalongword thisisawordwithfortycharactersaaaaaaaaaa thisisawordwithfortycharactersaaaaaaaaaa thisisawordwithfortycharactersaaaaaaaaaa	1
thisissimplyalongword thisisawordwithfortycharactersaaaaaaaaaa thisisawordwithfortycharactersaaaaaaaaaa thisisawordwiththirtyninecharactsaaaaaa thisisawordwithfortycharactersaaaaaaaaaa thisisawordwiththirtyninecharactsaaaaaa thisissimplyalongword thisisawordwithfortycharactersaaaaaaaaaa thisisawordwithfortycharactersaaaaaaaaaa thisisawordwithfortycharactersaaaaaaaaaa	1
thisissimplyalongword thisissimplyalongword thisisawordwithfortycharactersaaaaaaaaaa thisisawordwithfortycharactersaaaaaaaaaa thisissimplyalongword thisisawordwithfortycharactersaaaaaaaaaa finland thisissimplyalongword thisissimplyalongword thisissimplyalongword	1
will is an example deal of counter with it this	6
with example of a it sentence deal this is an	6
