åber åber this åber this this this åber åber this	1
åber åber this strasse åber this this åber åber this	1
åber åber this straße åber åber this strasse åber this	1
åber åber this straße åber åber this straße strasse åber	1
åber this this åber this this this åber åber this	1
case then will that the n-gram deal is the counter	7
counter will this then deal with is the n-gram it	6
deal with an n-gram it this example counter will is	6
finland finland finland finland finland finland straße finland finland finland	1
finland finland finland test finland finland finland finland finland finland	1
finland finland finland test finland finland finland test finland finland	1
finland finland finland test finland finland finland test test finland	1
finland finland straße finland finland finland straße finland finland finland	1
finland finland straße finland finland finland straße finland finland straße	1
finland finland straße finland finland straße straße finland finland straße	1
finland finland straße finland straße straße straße finland finland straße	1
finland finland thisissimplyalongword this thisissimplyalongword thisissimplyalongword thisissimplyalongword this this thisissimplyalongword	1
finland straße straße finland straße straße strasse finland finland straße	1
finland thisissimplyalongword thisissimplyalongword this thisissimplyalongword thisissimplyalongword thisissimplyalongword this finland thisissimplyalongword	1
is an sentence with example of with it this a	6
is the n-gram and case then counter if that the	7
it this of will is an a deal with example	6
n-gram counter it case will deal this then the with	6
strasse åber åber straße åber åber this straße straße åber	1
straße strasse åber straße åber åber åber straße straße åber	1
straße straße åber finland straße strasse åber straße straße åber	1
straße straße åber finland straße straße åber finland straße strasse	1
straße straße åber straße strasse åber åber straße straße åber	1
straße straße strasse finland straße straße åber finland finland straße	1
test finland finland test finland finland finland test test finland	1
test test finland test finland finland finland test test finland	1
the case counter if then the will that is n-gram	7
the n-gram with the counter will it case then deal	7
then the deal is n-gram counter with the case will	7
this finland thisissimplyalongword this finland thisissimplyalongword thisissimplyalongword this this thisissimplyalongword	1
this is a deal an example sentence with it of	6
this this finland åber this this finland åber this this	1
this this finland åber this this thisissimplyalongword this this finland	1
this this this åber this this finland åber åber this	1
this this thisissimplyalongword this finland finland thisissimplyalongword this this thisissimplyalongword	1
this this thisissimplyalongword this this finland thisissimplyalongword this this finland	1
thisisawordwithfortycharactersaaaaaaaaaa thisisawordwithfortycharactersaaaaaaaaaa thisisawordwithfortycharactersaaaaaaaaaa thisissimplyalongword thisisawordwithfortycharactersaaaaaaaaaa thisisawordwithfortycharactersaaaaaaaaaa thisisawordwiththirtyninecharactsaaaaaa thisissimplyalongword thisissimplyalongword thisisawordwithfortycharactersaaaaaaaaaa	1
thisisawordwithfortycharactersaaaaaaaaaa thisisawordwithfortycharactersaaaaaaaaaa thisisawordwiththirtyninecharactsaaaaaa thisisawordwithfortycharactersaaaaaaaaaa thisisawordwithfortycharactersaaaaaaaaaa thisisawordwiththirtyninecharactsaaaaaa thisisawordwiththirtyninecharactsaaaaaa thisisawordwithfortycharactersaaaaaaaaaa thisisawordwithfortycharactersaaaaaaaaaa thisisawordwiththirtyninecharactsaaaaaa	1
thisisawordwithfortycharactersaaaaaaaaaa thisisawordwithfortycharactersaaaaaaaaaa thisisawordwiththirtyninecharactsaaaaaa thisisawordwithfortycharactersaaaaaaaaaa thisisawordwiththirtyninecharactsaaaaaa thisisawordwiththirtyninecharactsaaaaaa thisisawordwiththirtyninecharactsaaaaaa thisisawordwithfortycharactersaaaaaaaaaa thisisawordwithfortycharactersaaaaaaaaaa thisisawordwiththirtyninecharactsaaaaaa	1
thisisawordwithfortycharactersaaaaaaaaaa thisisawordwithfortycharactersaaaaaaaaaa thisisawordwiththirtyninecharactsaaaaaa thisissimplyalongword thisisawordwithfortycharactersaaaaaaaaaa thisisawordwithfortycharactersaaaaaaaaaa thisisawordwiththirtyninecharactsaaaaaa thisisawordwithfortycharactersaaaaaaaaaa thisisawordwithfortycharactersaaaaaaaaaa thisisawordwiththirtyninecharactsaaaaaa	1
thisisawordwithfortycharactersaaaaaaaaaa thisisawordwithfortycharactersaaaaaaaaaa thisisawordwiththirtyninecharactsaaaaaa thisissimplyalongword thisisawordwithfortycharactersaaaaaaaaaa thisisawordwithfortycharactersaaaaaaaaaa thisisawordwiththirtyninecharactsaaaaaa thisissimplyalongword thisisawordwithfortycharactersaaaaaaaaaa thisisawordwithfortycharactersaaaaaaaaaa	1
thisisawordwithfortycharactersaaaaaaaaaa thisisawordwiththirtyninecharactsaaaaaa thisisawordwiththirtyninecharactsaaaaaa thisisawordwithfortycharactersaaaaaaaaaa thisisawordwiththirtyninecharactsaaaaaa thisisawordwiththirtyninecharactsaaaaaa thisisawordwiththirtyninecharactsaaaaaa thisisawordwithfortycharactersaaaaaaaaaa thisisawordwithfortycharactersaaaaaaaaaa thisisawordwiththirtyninecharactsaaaaaa	1
thisisawordwiththirtyninecharactsaaaaaa thisisawordwiththirtyninecharactsaaaaaa thisisawordwiththirtyninecharactsaaaaaa thisisawordwithfortycharactersaaaaaaaaaa thisisawordwiththirtyninecharactsaaaaaa thisisawordwiththirtyninecharactsaaaaaa thisisawordwiththirtyninecharactsaaaaaa thisisawordwithfortycharactersaaaaaaaaaa thisisawordwithfortycharactersaaaaaaaaaa thisisawordwiththirtyninecharactsaaaaaa	1
thisissimplyalongword thisisawordwithfortycharactersaaaaaaaaaa thisisawordwithfortycharactersaaaaaaaaaa thisissimplyalongword thisisawordwithfortycharactersaaaaaaaaaa thisisawordwithfortycharactersaaaaaaaaaa thisisawordwithfortycharactersaaaaaaaaaa thisissimplyalongword thisissimplyalongword thisisawordwithfortycharactersaaaaaaaaaa	1
thisissimplyalongword thisissimplyalongword thisisawordwithfortycharactersaaaaaaaaaa finland thisissimplyalongword thisissimplyalongword thisisawordwithfortycharactersaaaaaaaaaa finland thisissimplyalongword thisissimplyalongword	1
thisissimplyalongword thisissimplyalongword thisisawordwithfortycharactersaaaaaaaaaa finland thisissimplyalongword thisissimplyalongword thisisawordwithfortycharactersaaaaaaaaaa thisissimplyalongword thisissimplyalongword thisisawordwithfortycharactersaaaaaaaaaa	1
thisissimplyalongword thisissimplyalongword thisisawordwithfortycharactersaaaaaaaaaa thisissimplyalongword thisisawordwithfortycharactersaaaaaaaaaa thisisawordwithfortycharactersaaaaaaaaaa thisisawordwithfortycharactersaaaaaaaaaa thisissimplyalongword thisissimplyalongword thisisawordwithfortycharactersaaaaaaaaaa	1
thisissimplyalongword thisissimplyalongword thisisawordwithfortycharactersaaaaaaaaaa thisissimplyalongword thisissimplyalongword thisisawordwithfortycharactersaaaaaaaaaa thisisawordwithfortycharactersaaaaaaaaaa thisissimplyalongword thisissimplyalongword thisisawordwithfortycharactersaaaaaaaaaa	1
thisissimplyalongword thisissimplyalongword thisissimplyalongword this thisissimplyalongword thisissimplyalongword thisisawordwithfortycharactersaaaaaaaaaa finland finland thisissimplyalongword	1
will deal is the with it an n-gram counter this	6
with it example counter this is of will deal an	6
