åber åber this åber åber this strasse åber this	1
åber åber this åber this this åber åber this	1
åber this finland this this this åber this this	1
åber this this åber this this åber åber this	1
åber this this åber this this åber this this	1
case n-gram with then counter will the the deal	7
counter with an will it this n-gram deal is	6
deal this of with is an will it example	6
finland finland finland finland finland finland finland finland finland	1
finland finland finland finland finland finland test finland finland	1
finland finland straße finland finland finland finland finland finland	1
finland finland straße finland finland finland finland finland straße	1
finland finland straße finland finland straße finland finland straße	1
finland finland straße finland straße straße finland finland straße	1
finland straße åber straße straße straße finland straße strasse	1
finland straße strasse finland straße straße finland straße straße	1
finland straße straße finland straße straße finland finland straße	1
finland thisissimplyalongword thisisawordwithfortycharactersaaaaaaaaaa thisissimplyalongword thisissimplyalongword thisissimplyalongword finland thisissimplyalongword thisissimplyalongword	1
finland thisissimplyalongword thisissimplyalongword finland thisissimplyalongword thisissimplyalongword this thisissimplyalongword thisissimplyalongword	1
if the n-gram that case then and is the	7
is then will the the n-gram that case counter	7
it an sentence this example of with is a	6
n-gram deal is counter with it the will this	6
strasse åber this åber åber åber straße åber this	1
straße åber åber straße åber åber straße strasse åber	1
straße åber this strasse åber åber straße åber åber	1
straße strasse åber straße åber åber straße straße åber	1
straße straße åber straße strasse åber straße straße åber	1
straße straße åber straße straße strasse finland straße åber	1
test finland finland finland finland finland test finland finland	1
test finland finland test finland finland test finland finland	1
test finland finland test finland finland test test finland	1
test test finland test finland finland test test finland	1
that case counter is then the if the n-gram	7
the the deal case n-gram counter is then will	7
the will this n-gram deal with then counter it	6
then counter it the will deal case n-gram with	7
this example with is of a it an sentence	6
this finland thisissimplyalongword this finland thisissimplyalongword this this thisissimplyalongword	1
this finland thisissimplyalongword this thisissimplyalongword thisissimplyalongword this finland thisissimplyalongword	1
this this finland this this this åber this finland	1
this this thisissimplyalongword this finland finland this this thisissimplyalongword	1
this this thisissimplyalongword this this finland this this finland	1
this thisissimplyalongword thisissimplyalongword finland thisissimplyalongword thisissimplyalongword this finland thisissimplyalongword	1
thisisawordwithfortycharactersaaaaaaaaaa thisisawordwithfortycharactersaaaaaaaaaa thisisawordwiththirtyninecharactsaaaaaa thisisawordwithfortycharactersaaaaaaaaaa thisisawordwithfortycharactersaaaaaaaaaa thisisawordwithfortycharactersaaaaaaaaaa thisissimplyalongword thisisawordwithfortycharactersaaaaaaaaaa thisisawordwiththirtyninecharactsaaaaaa	1
thisisawordwithfortycharactersaaaaaaaaaa thisisawordwithfortycharactersaaaaaaaaaa thisisawordwiththirtyninecharactsaaaaaa thisisawordwithfortycharactersaaaaaaaaaa thisisawordwithfortycharactersaaaaaaaaaa thisisawordwiththirtyninecharactsaaaaaa thisisawordwithfortycharactersaaaaaaaaaa thisisawordwithfortycharactersaaaaaaaaaa thisisawordwiththirtyninecharactsaaaaaa	1
thisisawordwithfortycharactersaaaaaaaaaa thisisawordwithfortycharactersaaaaaaaaaa thisisawordwiththirtyninecharactsaaaaaa thisisawordwithfortycharactersaaaaaaaaaa thisisawordwiththirtyninecharactsaaaaaa thisisawordwiththirtyninecharactsaaaaaa thisisawordwithfortycharactersaaaaaaaaaa thisisawordwithfortycharactersaaaaaaaaaa thisisawordwiththirtyninecharactsaaaaaa	1
thisisawordwithfortycharactersaaaaaaaaaa thisisawordwiththirtyninecharactsaaaaaa thisisawordwiththirtyninecharactsaaaaaa thisisawordwithfortycharactersaaaaaaaaaa thisisawordwiththirtyninecharactsaaaaaa thisisawordwiththirtyninecharactsaaaaaa thisisawordwithfortycharactersaaaaaaaaaa thisisawordwithfortycharactersaaaaaaaaaa thisisawordwiththirtyninecharactsaaaaaa	1
thisisawordwithfortycharactersaaaaaaaaaa thisisawordwiththirtyninecharactsaaaaaa thisisawordwiththirtyninecharactsaaaaaa thisisawordwithfortycharactersaaaaaaaaaa thisisawordwiththirtyninecharactsaaaaaa thisisawordwiththirtyninecharactsaaaaaa thisisawordwithfortycharactersaaaaaaaaaa thisisawordwiththirtyninecharactsaaaaaa thisisawordwiththirtyninecharactsaaaaaa	1
thisisawordwithfortycharactersaaaaaaaaaa thisisawordwiththirtyninecharactsaaaaaa thisisawordwiththirtyninecharactsaaaaaa thisisawordwiththirtyninecharactsaaaaaa thisisawordwiththirtyninecharactsaaaaaa thisisawordwiththirtyninecharactsaaaaaa thisisawordwithfortycharactersaaaaaaaaaa thisisawordwiththirtyninecharactsaaaaaa thisisawordwiththirtyninecharactsaaaaaa	1
thisissimplyalongword thisisawordwithfortycharactersaaaaaaaaaa thisisawordwithfortycharactersaaaaaaaaaa thisissimplyalongword thisisawordwithfortycharactersaaaaaaaaaa thisisawordwithfortycharactersaaaaaaaaaa thisissimplyalongword thisisawordwithfortycharactersaaaaaaaaaa thisisawordwithfortycharactersaaaaaaaaaa	1
thisissimplyalongword thisisawordwithfortycharactersaaaaaaaaaa thisisawordwithfortycharactersaaaaaaaaaa thisissimplyalongword thisisawordwithfortycharactersaaaaaaaaaa thisisawordwithfortycharactersaaaaaaaaaa thisissimplyalongword thisissimplyalongword thisisawordwithfortycharactersaaaaaaaaaa	1
thisissimplyalongword thisisawordwithfortycharactersaaaaaaaaaa thisisawordwiththirtyninecharactsaaaaaa thisisawordwithfortycharactersaaaaaaaaaa thisisawordwithfortycharactersaaaaaaaaaa thisisawordwithfortycharactersaaaaaaaaaa thisissimplyalongword thisisawordwithfortycharactersaaaaaaaaaa thisisawordwithfortycharactersaaaaaaaaaa	1
thisissimplyalongword thisissimplyalongword thisisawordwithfortycharactersaaaaaaaaaa thisissimplyalongword thisisawordwithfortycharactersaaaaaaaaaa thisisawordwithfortycharactersaaaaaaaaaa thisissimplyalongword thisissimplyalongword thisisawordwithfortycharactersaaaaaaaaaa	1
thisissimplyalongword thisissimplyalongword thisisawordwithfortycharactersaaaaaaaaaa thisissimplyalongword thisissimplyalongword thisisawordwithfortycharactersaaaaaaaaaa thisissimplyalongword thisissimplyalongword thisisawordwithfortycharactersaaaaaaaaaa	1
thisissimplyalongword thisissimplyalongword thisisawordwithfortycharactersaaaaaaaaaa thisissimplyalongword thisissimplyalongword thisissimplyalongword finland thisissimplyalongword thisisawordwithfortycharactersaaaaaaaaaa	1
will it example deal this is counter with an	6
with is a it an example deal this of	6
