åber åber åber this åber this straße strasse åber this	1
åber åber this this åber this åber åber this this	1
åber åber this this åber this strasse åber åber this	1
åber åber this this this this åber åber this this	1
åber this this finland this this åber åber this this	1
case then counter with the will is the n-gram deal	7
counter will it an deal this the n-gram with is	6
deal with is of it an counter will this example	6
finland finland finland finland finland finland test finland finland finland	1
finland finland finland finland finland finland test test finland finland	1
finland finland finland straße finland finland finland finland finland finland	1
finland finland finland straße finland finland finland finland finland straße	1
finland finland finland straße finland straße finland finland finland straße	1
finland finland straße strasse straße straße finland finland straße straße	1
finland finland straße straße finland straße finland finland finland straße	1
finland finland straße straße finland straße finland finland straße straße	1
finland finland thisissimplyalongword thisissimplyalongword thisissimplyalongword thisissimplyalongword this this thisissimplyalongword thisissimplyalongword	1
finland straße straße åber straße straße finland finland straße strasse	1
finland thisissimplyalongword thisissimplyalongword thisisawordwithfortycharactersaaaaaaaaaa thisissimplyalongword thisissimplyalongword this finland thisissimplyalongword thisissimplyalongword	1
is the the will case n-gram if that then counter	7
it this example sentence is of deal with an a	6
n-gram counter with is will it then the deal this	6
strasse åber åber this åber åber straße straße åber this	1
straße strasse åber this åber åber straße straße åber åber	1
straße straße åber åber strasse åber straße straße åber åber	1
straße straße åber åber straße åber straße straße strasse åber	1
straße straße strasse åber straße åber finland straße straße åber	1
straße straße straße åber straße strasse finland finland straße åber	1
test finland finland finland finland finland test test finland finland	1
test test finland finland finland finland test test finland finland	1
test test finland finland test finland test test finland finland	1
that is then counter the the and if case n-gram	7
the case n-gram deal then counter that is the will	7
the n-gram deal this counter with case then will it	6
then the will it n-gram deal the case counter with	7
this finland thisissimplyalongword thisissimplyalongword finland thisissimplyalongword this this thisissimplyalongword thisissimplyalongword	1
this is of with an a with it example sentence	6
this this finland thisissimplyalongword this finland this this this thisissimplyalongword	1
this this finland thisissimplyalongword this thisissimplyalongword this this finland thisissimplyalongword	1
this this this finland this this åber åber this finland	1
this this this thisissimplyalongword this finland åber this this finland	1
this this thisissimplyalongword thisissimplyalongword finland thisissimplyalongword this this finland thisissimplyalongword	1
thisisawordwithfortycharactersaaaaaaaaaa thisisawordwithfortycharactersaaaaaaaaaa thisisawordwithfortycharactersaaaaaaaaaa thisisawordwiththirtyninecharactsaaaaaa thisisawordwithfortycharactersaaaaaaaaaa thisisawordwithfortycharactersaaaaaaaaaa thisissimplyalongword thisissimplyalongword thisisawordwithfortycharactersaaaaaaaaaa thisisawordwiththirtyninecharactsaaaaaa	1
thisisawordwithfortycharactersaaaaaaaaaa thisisawordwithfortycharactersaaaaaaaaaa thisisawordwithfortycharactersaaaaaaaaaa thisisawordwiththirtyninecharactsaaaaaa thisisawordwithfortycharactersaaaaaaaaaa thisisawordwiththirtyninecharactsaaaaaa thisissimplyalongword thisisawordwithfortycharactersaaaaaaaaaa thisisawordwithfortycharactersaaaaaaaaaa thisisawordwiththirtyninecharactsaaaaaa	1
thisisawordwithfortycharactersaaaaaaaaaa thisisawordwithfortycharactersaaaaaaaaaa thisisawordwiththirtyninecharactsaaaaaa thisisawordwiththirtyninecharactsaaaaaa thisisawordwithfortycharactersaaaaaaaaaa thisisawordwiththirtyninecharactsaaaaaa thisisawordwithfortycharactersaaaaaaaaaa thisisawordwithfortycharactersaaaaaaaaaa thisisawordwithfortycharactersaaaaaaaaaa thisisawordwiththirtyninecharactsaaaaaa	1
thisisawordwithfortycharactersaaaaaaaaaa thisisawordwithfortycharactersaaaaaaaaaa thisisawordwiththirtyninecharactsaaaaaa thisisawordwiththirtyninecharactsaaaaaa thisisawordwithfortycharactersaaaaaaaaaa thisisawordwiththirtyninecharactsaaaaaa thisisawordwithfortycharactersaaaaaaaaaa thisisawordwithfortycharactersaaaaaaaaaa thisisawordwiththirtyninecharactsaaaaaa thisisawordwiththirtyninecharactsaaaaaa	1
thisisawordwithfortycharactersaaaaaaaaaa thisisawordwithfortycharactersaaaaaaaaaa thisisawordwiththirtyninecharactsaaaaaa thisisawordwiththirtyninecharactsaaaaaa thisisawordwiththirtyninecharactsaaaaaa thisisawordwiththirtyninecharactsaaaaaa thisisawordwithfortycharactersaaaaaaaaaa thisisawordwithfortycharactersaaaaaaaaaa thisisawordwiththirtyninecharactsaaaaaa thisisawordwiththirtyninecharactsaaaaaa	1
thisisawordwithfortycharactersaaaaaaaaaa thisisawordwiththirtyninecharactsaaaaaa thisisawordwiththirtyninecharactsaaaaaa thisisawordwiththirtyninecharactsaaaaaa thisisawordwiththirtyninecharactsaaaaaa thisisawordwiththirtyninecharactsaaaaaa thisisawordwithfortycharactersaaaaaaaaaa thisisawordwithfortycharactersaaaaaaaaaa thisisawordwiththirtyninecharactsaaaaaa thisisawordwiththirtyninecharactsaaaaaa	1
thisissimplyalongword thisisawordwithfortycharactersaaaaaaaaaa thisisawordwithfortycharactersaaaaaaaaaa thisisawordwiththirtyninecharactsaaaaaa thisisawordwithfortycharactersaaaaaaaaaa thisisawordwithfortycharactersaaaaaaaaaa thisissimplyalongword thisissimplyalongword thisisawordwithfortycharactersaaaaaaaaaa thisisawordwithfortycharactersaaaaaaaaaa	1
thisissimplyalongword thisissimplyalongword thisisawordwithfortycharactersaaaaaaaaaa thisisawordwithfortycharactersaaaaaaaaaa thisisawordwithfortycharactersaaaaaaaaaa thisisawordwithfortycharactersaaaaaaaaaa thisissimplyalongword thisissimplyalongword thisisawordwithfortycharactersaaaaaaaaaa thisisawordwithfortycharactersaaaaaaaaaa	1
thisissimplyalongword thisissimplyalongword thisisawordwithfortycharactersaaaaaaaaaa thisisawordwithfortycharactersaaaaaaaaaa thisissimplyalongword thisisawordwithfortycharactersaaaaaaaaaa thisissimplyalongword thisissimplyalongword thisisawordwithfortycharactersaaaaaaaaaa thisisawordwithfortycharactersaaaaaaaaaa	1
thisissimplyalongword thisissimplyalongword thisisawordwithfortycharactersaaaaaaaaaa thisisawordwithfortycharactersaaaaaaaaaa thisissimplyalongword thisisawordwithfortycharactersaaaaaaaaaa thisissimplyalongword thisissimplyalongword thisissimplyalongword thisisawordwithfortycharactersaaaaaaaaaa	1
thisissimplyalongword thisissimplyalongword thisissimplyalongword thisisawordwithfortycharactersaaaaaaaaaa thisissimplyalongword thisisawordwithfortycharactersaaaaaaaaaa finland thisissimplyalongword thisissimplyalongword thisisawordwithfortycharactersaaaaaaaaaa	1
thisissimplyalongword thisissimplyalongword thisissimplyalongword thisisawordwithfortycharactersaaaaaaaaaa thisissimplyalongword thisissimplyalongword finland finland thisissimplyalongword thisisawordwithfortycharactersaaaaaaaaaa	1
will deal this example with is n-gram counter it an	6
with it an a this example will deal is of	6
