åber åber åber this åber this straße strasse åber this	1
åber åber åber this this this strasse åber åber this	1
åber åber this this this this åber åber åber this	1
åber this this this this finland åber åber this this	1
åber this this this this this åber åber åber this	1
case the n-gram deal counter with is the then will	7
counter deal with is it an the n-gram will this	6
deal it this example is of counter will with an	6
finland finland finland finland finland finland test finland finland finland	1
finland finland finland finland finland finland test test finland finland	1
finland finland finland finland finland straße finland finland finland finland	1
finland finland finland straße finland straße finland finland finland finland	1
finland finland finland straße finland straße finland finland finland straße	1
finland finland finland straße straße straße finland finland finland straße	1
finland finland straße straße straße straße finland finland finland straße	1
finland straße straße strasse straße åber finland finland straße straße	1
finland straße straße straße straße strasse finland finland finland straße	1
finland thisissimplyalongword thisissimplyalongword thisissimplyalongword thisissimplyalongword thisisawordwithfortycharactersaaaaaaaaaa this finland thisissimplyalongword thisissimplyalongword	1
finland thisissimplyalongword thisissimplyalongword thisissimplyalongword thisissimplyalongword thisissimplyalongword this this finland thisissimplyalongword	1
is case then counter the will if that the n-gram	7
it is an a example sentence deal with this of	6
n-gram will deal this with is then the counter it	6
strasse åber åber this åber this straße straße åber åber	1
straße åber åber åber åber this straße straße strasse åber	1
straße strasse åber åber åber åber straße straße straße åber	1
straße straße strasse åber åber åber straße straße straße åber	1
straße straße straße åber strasse åber finland straße straße åber	1
straße straße straße åber straße åber finland finland straße strasse	1
test finland finland finland finland finland test test finland finland	1
test finland finland finland finland finland test test test finland	1
test test finland finland finland finland test test test finland	1
that the case n-gram then counter and if is the	7
the counter will it deal this case then n-gram with	6
the then the will n-gram deal that is case counter	7
then n-gram counter with will it the case the deal	7
this an example sentence of with with it is a	6
this finland finland thisissimplyalongword thisissimplyalongword thisissimplyalongword this this this thisissimplyalongword	1
this finland thisissimplyalongword thisissimplyalongword thisissimplyalongword thisissimplyalongword this this finland thisissimplyalongword	1
this this finland thisissimplyalongword finland thisissimplyalongword this this this thisissimplyalongword	1
this this this finland this finland åber åber this this	1
this this this finland this thisissimplyalongword åber this this finland	1
this this this thisissimplyalongword finland thisissimplyalongword this this this finland	1
thisisawordwithfortycharactersaaaaaaaaaa thisisawordwithfortycharactersaaaaaaaaaa thisisawordwithfortycharactersaaaaaaaaaa thisisawordwiththirtyninecharactsaaaaaa thisisawordwithfortycharactersaaaaaaaaaa thisisawordwiththirtyninecharactsaaaaaa thisissimplyalongword thisisawordwithfortycharactersaaaaaaaaaa thisisawordwithfortycharactersaaaaaaaaaa thisisawordwiththirtyninecharactsaaaaaa	1
thisisawordwithfortycharactersaaaaaaaaaa thisisawordwithfortycharactersaaaaaaaaaa thisisawordwithfortycharactersaaaaaaaaaa thisisawordwiththirtyninecharactsaaaaaa thisisawordwithfortycharactersaaaaaaaaaa thisisawordwiththirtyninecharactsaaaaaa thisissimplyalongword thisissimplyalongword thisisawordwithfortycharactersaaaaaaaaaa thisisawordwithfortycharactersaaaaaaaaaa	1
thisisawordwithfortycharactersaaaaaaaaaa thisisawordwithfortycharactersaaaaaaaaaa thisisawordwithfortycharactersaaaaaaaaaa thisisawordwiththirtyninecharactsaaaaaa thisisawordwiththirtyninecharactsaaaaaa thisisawordwiththirtyninecharactsaaaaaa thisisawordwithfortycharactersaaaaaaaaaa thisisawordwithfortycharactersaaaaaaaaaa thisisawordwithfortycharactersaaaaaaaaaa thisisawordwiththirtyninecharactsaaaaaa	1
thisisawordwithfortycharactersaaaaaaaaaa thisisawordwithfortycharactersaaaaaaaaaa thisisawordwiththirtyninecharactsaaaaaa thisisawordwiththirtyninecharactsaaaaaa thisisawordwiththirtyninecharactsaaaaaa thisisawordwiththirtyninecharactsaaaaaa thisisawordwithfortycharactersaaaaaaaaaa thisisawordwithfortycharactersaaaaaaaaaa thisisawordwithfortycharactersaaaaaaaaaa thisisawordwiththirtyninecharactsaaaaaa	1
thisisawordwithfortycharactersaaaaaaaaaa thisisawordwiththirtyninecharactsaaaaaa thisisawordwiththirtyninecharactsaaaaaa thisisawordwiththirtyninecharactsaaaaaa thisisawordwiththirtyninecharactsaaaaaa thisisawordwiththirtyninecharactsaaaaaa thisisawordwithfortycharactersaaaaaaaaaa thisisawordwithfortycharactersaaaaaaaaaa thisisawordwithfortycharactersaaaaaaaaaa thisisawordwiththirtyninecharactsaaaaaa	1
thisisawordwithfortycharactersaaaaaaaaaa thisisawordwiththirtyninecharactsaaaaaa thisisawordwiththirtyninecharactsaaaaaa thisisawordwiththirtyninecharactsaaaaaa thisisawordwiththirtyninecharactsaaaaaa thisisawordwiththirtyninecharactsaaaaaa thisisawordwithfortycharactersaaaaaaaaaa thisisawordwithfortycharactersaaaaaaaaaa thisisawordwiththirtyninecharactsaaaaaa thisisawordwiththirtyninecharactsaaaaaa	1
thisissimplyalongword thisisawordwithfortycharactersaaaaaaaaaa thisisawordwithfortycharactersaaaaaaaaaa thisisawordwithfortycharactersaaaaaaaaaa thisisawordwithfortycharactersaaaaaaaaaa thisisawordwithfortycharactersaaaaaaaaaa thisissimplyalongword thisissimplyalongword thisissimplyalongword thisisawordwithfortycharactersaaaaaaaaaa	1
thisissimplyalongword thisisawordwithfortycharactersaaaaaaaaaa thisisawordwithfortycharactersaaaaaaaaaa thisisawordwithfortycharactersaaaaaaaaaa thisisawordwithfortycharactersaaaaaaaaaa thisisawordwiththirtyninecharactsaaaaaa thisissimplyalongword thisissimplyalongword thisisawordwithfortycharactersaaaaaaaaaa thisisawordwithfortycharactersaaaaaaaaaa	1
thisissimplyalongword thisissimplyalongword thisisawordwithfortycharactersaaaaaaaaaa thisisawordwithfortycharactersaaaaaaaaaa thisisawordwithfortycharactersaaaaaaaaaa thisisawordwithfortycharactersaaaaaaaaaa thisissimplyalongword thisissimplyalongword thisissimplyalongword thisisawordwithfortycharactersaaaaaaaaaa	1
thisissimplyalongword thisissimplyalongword thisissimplyalongword thisisawordwithfortycharactersaaaaaaaaaa thisisawordwithfortycharactersaaaaaaaaaa thisisawordwithfortycharactersaaaaaaaaaa thisissimplyalongword thisissimplyalongword thisissimplyalongword thisisawordwithfortycharactersaaaaaaaaaa	1
thisissimplyalongword thisissimplyalongword thisissimplyalongword thisisawordwithfortycharactersaaaaaaaaaa thisissimplyalongword thisisawordwithfortycharactersaaaaaaaaaa finland finland thisissimplyalongword thisissimplyalongword	1
thisissimplyalongword thisissimplyalongword thisissimplyalongword thisisawordwithfortycharactersaaaaaaaaaa thisissimplyalongword thisisawordwithfortycharactersaaaaaaaaaa finland thisissimplyalongword thisissimplyalongword thisisawordwithfortycharactersaaaaaaaaaa	1
will with it an this example n-gram counter deal is	6
with this is of an a will deal it example	6
