a is an example of	7
an with it this is	6
åber åber åber åber åber	1
åber strasse åber åber åber	1
åber straße strasse åber åber	1
åber straße straße strasse åber	1
åber straße straße straße strasse	1
case if that is the	7
counter case then the n-gram	7
deal the n-gram counter will	7
example it this is an	6
finland finland finland finland finland	5
finland test finland finland finland	1
finland test test finland finland	1
finland test test test finland	1
finland test test test test	1
finland this this this finland	1
finland this this this this	1
is deal with it this	6
it counter will deal with	7
n-gram the case then the	7
of this is an example	7
sentence an example of a	7
strasse straße straße straße straße	1
straße finland finland finland finland	1
straße finland finland finland straße	1
straße finland finland straße straße	1
straße finland straße straße straße	1
straße straße straße straße straße	1
test test test test test	1
the and if that is	7
the is the case then	7
then that is the case	7
this åber åber åber åber	1
this åber åber åber this	1
this åber åber this this	1
this åber this this this	1
this this this this this	2
this will deal with it	6
thisisawordwithfortycharactersaaaaaaaaaa thisisawordwithfortycharactersaaaaaaaaaa thisisawordwithfortycharactersaaaaaaaaaa thisisawordwithfortycharactersaaaaaaaaaa thisisawordwithfortycharactersaaaaaaaaaa	2
thisisawordwithfortycharactersaaaaaaaaaa thisissimplyalongword thisisawordwithfortycharactersaaaaaaaaaa thisisawordwithfortycharactersaaaaaaaaaa thisisawordwithfortycharactersaaaaaaaaaa	1
thisisawordwithfortycharactersaaaaaaaaaa thisissimplyalongword thisissimplyalongword thisisawordwithfortycharactersaaaaaaaaaa thisisawordwithfortycharactersaaaaaaaaaa	1
thisisawordwithfortycharactersaaaaaaaaaa thisissimplyalongword thisissimplyalongword thisissimplyalongword thisisawordwithfortycharactersaaaaaaaaaa	1
thisisawordwithfortycharactersaaaaaaaaaa thisissimplyalongword thisissimplyalongword thisissimplyalongword thisissimplyalongword	1
thisisawordwiththirtyninecharactsaaaaaa thisisawordwithfortycharactersaaaaaaaaaa thisisawordwithfortycharactersaaaaaaaaaa thisisawordwithfortycharactersaaaaaaaaaa thisisawordwithfortycharactersaaaaaaaaaa	1
thisisawordwiththirtyninecharactsaaaaaa thisisawordwithfortycharactersaaaaaaaaaa thisisawordwithfortycharactersaaaaaaaaaa thisisawordwithfortycharactersaaaaaaaaaa thisisawordwiththirtyninecharactsaaaaaa	1
thisisawordwiththirtyninecharactsaaaaaa thisisawordwithfortycharactersaaaaaaaaaa thisisawordwithfortycharactersaaaaaaaaaa thisisawordwiththirtyninecharactsaaaaaa thisisawordwiththirtyninecharactsaaaaaa	1
thisisawordwiththirtyninecharactsaaaaaa thisisawordwithfortycharactersaaaaaaaaaa thisisawordwiththirtyninecharactsaaaaaa thisisawordwiththirtyninecharactsaaaaaa thisisawordwiththirtyninecharactsaaaaaa	1
thisisawordwiththirtyninecharactsaaaaaa thisisawordwiththirtyninecharactsaaaaaa thisisawordwiththirtyninecharactsaaaaaa thisisawordwiththirtyninecharactsaaaaaa thisisawordwiththirtyninecharactsaaaaaa	3
thisissimplyalongword finland finland thisissimplyalongword thisissimplyalongword	1
thisissimplyalongword finland thisissimplyalongword thisissimplyalongword thisissimplyalongword	1
thisissimplyalongword this finland finland thisissimplyalongword	1
thisissimplyalongword this this finland finland	1
thisissimplyalongword thisissimplyalongword thisissimplyalongword thisissimplyalongword thisissimplyalongword	2
will then the n-gram counter	7
with example of a sentence	7
with n-gram counter will deal	7
