åber this finland åber this this this åber this this	1
åber this finland this this this this åber this finland	1
åber this this åber åber åber this åber this this	1
åber this this åber åber åber this strasse åber this	1
åber this this åber åber this this åber this this	1
case will it then the n-gram deal the counter with	7
counter this example will deal with is n-gram it an	6
deal an a with it this example will is of	6
finland finland finland finland finland finland finland test finland finland	1
finland finland straße finland finland finland finland finland finland finland	1
finland finland straße finland finland finland finland finland finland straße	1
finland finland straße finland finland finland straße finland finland straße	1
finland straße åber finland straße straße straße finland straße strasse	1
finland straße åber straße straße straße strasse finland straße åber	1
finland straße strasse finland finland straße straße finland straße straße	1
finland straße straße finland finland finland straße finland finland straße	1
finland straße straße finland finland finland straße finland straße straße	1
finland thisissimplyalongword thisisawordwithfortycharactersaaaaaaaaaa finland thisissimplyalongword thisissimplyalongword thisissimplyalongword this thisissimplyalongword thisissimplyalongword	1
finland thisissimplyalongword thisisawordwithfortycharactersaaaaaaaaaa thisissimplyalongword thisissimplyalongword thisissimplyalongword thisissimplyalongword finland thisissimplyalongword thisisawordwithfortycharactersaaaaaaaaaa	1
if then counter that is the the and case n-gram	7
is n-gram deal the case then counter that the will	7
it of with this is an a with example sentence	6
n-gram it an counter will deal this the with is	6
strasse åber this åber åber åber this straße åber this	1
straße åber åber straße straße strasse åber straße åber åber	1
straße åber åber straße straße straße åber straße strasse åber	1
straße åber this strasse åber åber åber straße åber this	1
straße åber this straße strasse åber åber straße åber åber	1
straße strasse åber straße straße straße åber finland straße åber	1
test finland finland finland finland finland finland test finland finland	1
test finland finland test finland finland finland test finland finland	1
test finland finland test test finland finland test finland finland	1
test finland finland test test test finland test finland finland	1
that the will is the case n-gram if then counter	7
the counter with case then the will is n-gram deal	7
the with is n-gram counter will it then deal this	6
then deal this the n-gram counter with case will it	6
this finland thisissimplyalongword this this this finland this this thisissimplyalongword	1
this finland thisissimplyalongword this this this thisissimplyalongword this finland thisissimplyalongword	1
this this thisissimplyalongword this this this finland åber this finland	1
this thisissimplyalongword thisissimplyalongword finland finland thisissimplyalongword thisissimplyalongword this thisissimplyalongword thisissimplyalongword	1
this thisissimplyalongword thisissimplyalongword this finland finland thisissimplyalongword this thisissimplyalongword thisissimplyalongword	1
this thisissimplyalongword thisissimplyalongword this this finland thisissimplyalongword this finland thisissimplyalongword	1
thisisawordwithfortycharactersaaaaaaaaaa thisisawordwithfortycharactersaaaaaaaaaa thisisawordwiththirtyninecharactsaaaaaa thisisawordwithfortycharactersaaaaaaaaaa thisisawordwithfortycharactersaaaaaaaaaa thisisawordwithfortycharactersaaaaaaaaaa thisisawordwiththirtyninecharactsaaaaaa thisissimplyalongword thisisawordwithfortycharactersaaaaaaaaaa thisisawordwiththirtyninecharactsaaaaaa	1
thisisawordwithfortycharactersaaaaaaaaaa thisisawordwiththirtyninecharactsaaaaaa thisisawordwiththirtyninecharactsaaaaaa thisisawordwithfortycharactersaaaaaaaaaa thisisawordwithfortycharactersaaaaaaaaaa thisisawordwithfortycharactersaaaaaaaaaa thisisawordwiththirtyninecharactsaaaaaa thisisawordwithfortycharactersaaaaaaaaaa thisisawordwithfortycharactersaaaaaaaaaa thisisawordwiththirtyninecharactsaaaaaa	1
thisisawordwithfortycharactersaaaaaaaaaa thisisawordwiththirtyninecharactsaaaaaa thisisawordwiththirtyninecharactsaaaaaa thisisawordwithfortycharactersaaaaaaaaaa thisisawordwithfortycharactersaaaaaaaaaa thisisawordwithfortycharactersaaaaaaaaaa thisisawordwiththirtyninecharactsaaaaaa thisisawordwithfortycharactersaaaaaaaaaa thisisawordwiththirtyninecharactsaaaaaa thisisawordwiththirtyninecharactsaaaaaa	1
thisisawordwithfortycharactersaaaaaaaaaa thisisawordwiththirtyninecharactsaaaaaa thisisawordwiththirtyninecharactsaaaaaa thisisawordwithfortycharactersaaaaaaaaaa thisisawordwithfortycharactersaaaaaaaaaa thisisawordwiththirtyninecharactsaaaaaa thisisawordwiththirtyninecharactsaaaaaa thisisawordwithfortycharactersaaaaaaaaaa thisisawordwiththirtyninecharactsaaaaaa thisisawordwiththirtyninecharactsaaaaaa	1
thisisawordwithfortycharactersaaaaaaaaaa thisisawordwiththirtyninecharactsaaaaaa thisisawordwiththirtyninecharactsaaaaaa thisisawordwithfortycharactersaaaaaaaaaa thisisawordwiththirtyninecharactsaaaaaa thisisawordwiththirtyninecharactsaaaaaa thisisawordwiththirtyninecharactsaaaaaa thisisawordwithfortycharactersaaaaaaaaaa thisisawordwiththirtyninecharactsaaaaaa thisisawordwiththirtyninecharactsaaaaaa	1
thisissimplyalongword thisisawordwithfortycharactersaaaaaaaaaa thisisawordwithfortycharactersaaaaaaaaaa thisissimplyalongword thisissimplyalongword thisisawordwithfortycharactersaaaaaaaaaa thisisawordwithfortycharactersaaaaaaaaaa thisissimplyalongword thisisawordwithfortycharactersaaaaaaaaaa thisisawordwithfortycharactersaaaaaaaaaa	1
thisissimplyalongword thisisawordwithfortycharactersaaaaaaaaaa thisisawordwithfortycharactersaaaaaaaaaa thisissimplyalongword thisissimplyalongword thisissimplyalongword thisisawordwithfortycharactersaaaaaaaaaa thisissimplyalongword thisisawordwithfortycharactersaaaaaaaaaa thisisawordwithfortycharactersaaaaaaaaaa	1
thisissimplyalongword thisisawordwithfortycharactersaaaaaaaaaa thisisawordwithfortycharactersaaaaaaaaaa thisissimplyalongword thisissimplyalongword thisissimplyalongword thisisawordwithfortycharactersaaaaaaaaaa thisissimplyalongword thisissimplyalongword thisisawordwithfortycharactersaaaaaaaaaa	1
thisissimplyalongword thisisawordwithfortycharactersaaaaaaaaaa thisisawordwiththirtyninecharactsaaaaaa thisisawordwithfortycharactersaaaaaaaaaa thisisawordwithfortycharactersaaaaaaaaaa thisisawordwithfortycharactersaaaaaaaaaa thisisawordwithfortycharactersaaaaaaaaaa thisissimplyalongword thisisawordwithfortycharactersaaaaaaaaaa thisisawordwiththirtyninecharactsaaaaaa	1
thisissimplyalongword thisisawordwithfortycharactersaaaaaaaaaa thisisawordwiththirtyninecharactsaaaaaa thisissimplyalongword thisisawordwithfortycharactersaaaaaaaaaa thisisawordwithfortycharactersaaaaaaaaaa thisisawordwithfortycharactersaaaaaaaaaa thisissimplyalongword thisisawordwithfortycharactersaaaaaaaaaa thisisawordwithfortycharactersaaaaaaaaaa	1
thisissimplyalongword thisissimplyalongword thisisawordwithfortycharactersaaaaaaaaaa thisissimplyalongword thisissimplyalongword thisissimplyalongword thisisawordwithfortycharactersaaaaaaaaaa finland thisissimplyalongword thisisawordwithfortycharactersaaaaaaaaaa	1
will is of deal with it an counter this example	6
with example sentence it this is of deal an a	6
