åber åber åber this straße this strasse åber åber this	1
åber åber this this strasse this åber åber åber this	1
åber this this this åber finland åber this this this	1
åber this this this åber this åber åber åber this	1
åber this this this åber this åber åber this this	1
case n-gram counter deal is with the then the will	7
counter with it is the an n-gram will deal this	6
deal this is example counter of will with it an	6
finland finland finland finland finland straße finland finland finland finland	1
finland finland finland finland test finland finland finland finland finland	1
finland finland finland finland test finland test finland finland finland	1
finland finland finland straße finland straße finland finland finland finland	1
finland finland finland straße finland straße finland finland finland straße	1
finland finland straße straße finland straße finland finland finland straße	1
finland straße straße strasse finland åber finland straße straße straße	1
finland straße straße straße finland strasse finland finland straße straße	1
finland straße straße straße finland straße finland finland finland straße	1
finland thisissimplyalongword thisissimplyalongword thisissimplyalongword this thisisawordwithfortycharactersaaaaaaaaaa finland thisissimplyalongword thisissimplyalongword thisissimplyalongword	1
finland thisissimplyalongword thisissimplyalongword thisissimplyalongword this thisissimplyalongword this finland thisissimplyalongword thisissimplyalongword	1
is then the counter if will that the case n-gram	7
it an example a deal sentence with this is of	6
n-gram deal with this then is the counter will it	6
strasse åber åber this straße this straße åber åber åber	1
straße åber åber åber straße åber straße straße strasse åber	1
straße åber åber åber straße this straße strasse åber åber	1
straße strasse åber åber straße åber straße straße straße åber	1
straße straße strasse åber finland åber straße straße straße åber	1
straße straße straße åber finland åber finland straße straße strasse	1
test finland finland finland test finland test finland finland finland	1
test finland finland finland test finland test test finland finland	1
test finland finland finland test finland test test test finland	1
that case then n-gram and counter if is the the	7
the the n-gram will that deal is case then counter	7
the will deal it case this then n-gram counter with	6
then counter will with the it case the n-gram deal	7
this example of sentence with with it is an a	6
this finland finland thisissimplyalongword this thisissimplyalongword this this this thisissimplyalongword	1
this finland thisissimplyalongword thisissimplyalongword this thisissimplyalongword this this finland thisissimplyalongword	1
this this finland thisissimplyalongword this thisissimplyalongword this this this finland	1
this this this finland åber finland åber this this this	1
this this this finland åber thisissimplyalongword this this this finland	1
this thisissimplyalongword thisissimplyalongword thisissimplyalongword this thisissimplyalongword this finland finland thisissimplyalongword	1
thisisawordwithfortycharactersaaaaaaaaaa thisisawordwithfortycharactersaaaaaaaaaa thisisawordwithfortycharactersaaaaaaaaaa thisisawordwiththirtyninecharactsaaaaaa thisissimplyalongword thisisawordwiththirtyninecharactsaaaaaa thisisawordwithfortycharactersaaaaaaaaaa thisisawordwithfortycharactersaaaaaaaaaa thisisawordwithfortycharactersaaaaaaaaaa thisisawordwiththirtyninecharactsaaaaaa	1
thisisawordwithfortycharactersaaaaaaaaaa thisisawordwithfortycharactersaaaaaaaaaa thisisawordwithfortycharactersaaaaaaaaaa thisisawordwiththirtyninecharactsaaaaaa thisissimplyalongword thisisawordwiththirtyninecharactsaaaaaa thisissimplyalongword thisisawordwithfortycharactersaaaaaaaaaa thisisawordwithfortycharactersaaaaaaaaaa thisisawordwithfortycharactersaaaaaaaaaa	1
thisisawordwithfortycharactersaaaaaaaaaa thisisawordwithfortycharactersaaaaaaaaaa thisisawordwiththirtyninecharactsaaaaaa thisisawordwiththirtyninecharactsaaaaaa thisisawordwithfortycharactersaaaaaaaaaa thisisawordwiththirtyninecharactsaaaaaa thisisawordwithfortycharactersaaaaaaaaaa thisisawordwithfortycharactersaaaaaaaaaa thisisawordwithfortycharactersaaaaaaaaaa thisisawordwiththirtyninecharactsaaaaaa	1
thisisawordwithfortycharactersaaaaaaaaaa thisisawordwiththirtyninecharactsaaaaaa thisisawordwiththirtyninecharactsaaaaaa thisisawordwiththirtyninecharactsaaaaaa thisisawordwithfortycharactersaaaaaaaaaa thisisawordwiththirtyninecharactsaaaaaa thisisawordwithfortycharactersaaaaaaaaaa thisisawordwithfortycharactersaaaaaaaaaa thisisawordwithfortycharactersaaaaaaaaaa thisisawordwiththirtyninecharactsaaaaaa	1
thisisawordwithfortycharactersaaaaaaaaaa thisisawordwiththirtyninecharactsaaaaaa thisisawordwiththirtyninecharactsaaaaaa thisisawordwiththirtyninecharactsaaaaaa thisisawordwithfortycharactersaaaaaaaaaa thisisawordwiththirtyninecharactsaaaaaa thisisawordwithfortycharactersaaaaaaaaaa thisisawordwithfortycharactersaaaaaaaaaa thisisawordwiththirtyninecharactsaaaaaa thisisawordwiththirtyninecharactsaaaaaa	1
thisisawordwithfortycharactersaaaaaaaaaa thisisawordwiththirtyninecharactsaaaaaa thisisawordwiththirtyninecharactsaaaaaa thisisawordwiththirtyninecharactsaaaaaa thisisawordwithfortycharactersaaaaaaaaaa thisisawordwiththirtyninecharactsaaaaaa thisisawordwithfortycharactersaaaaaaaaaa thisisawordwiththirtyninecharactsaaaaaa thisisawordwiththirtyninecharactsaaaaaa thisisawordwiththirtyninecharactsaaaaaa	1
thisissimplyalongword thisisawordwithfortycharactersaaaaaaaaaa thisisawordwithfortycharactersaaaaaaaaaa thisisawordwithfortycharactersaaaaaaaaaa thisissimplyalongword thisisawordwithfortycharactersaaaaaaaaaa thisissimplyalongword thisissimplyalongword thisisawordwithfortycharactersaaaaaaaaaa thisisawordwithfortycharactersaaaaaaaaaa	1
thisissimplyalongword thisisawordwithfortycharactersaaaaaaaaaa thisisawordwithfortycharactersaaaaaaaaaa thisisawordwithfortycharactersaaaaaaaaaa thisissimplyalongword thisisawordwithfortycharactersaaaaaaaaaa thisissimplyalongword thisissimplyalongword thisissimplyalongword thisisawordwithfortycharactersaaaaaaaaaa	1
thisissimplyalongword thisisawordwithfortycharactersaaaaaaaaaa thisisawordwithfortycharactersaaaaaaaaaa thisisawordwithfortycharactersaaaaaaaaaa thisissimplyalongword thisisawordwiththirtyninecharactsaaaaaa thisissimplyalongword thisisawordwithfortycharactersaaaaaaaaaa thisisawordwithfortycharactersaaaaaaaaaa thisisawordwithfortycharactersaaaaaaaaaa	1
thisissimplyalongword thisissimplyalongword thisisawordwithfortycharactersaaaaaaaaaa thisisawordwithfortycharactersaaaaaaaaaa thisissimplyalongword thisisawordwithfortycharactersaaaaaaaaaa thisissimplyalongword thisissimplyalongword thisissimplyalongword thisisawordwithfortycharactersaaaaaaaaaa	1
thisissimplyalongword thisissimplyalongword thisissimplyalongword thisisawordwithfortycharactersaaaaaaaaaa finland thisisawordwithfortycharactersaaaaaaaaaa finland thisissimplyalongword thisissimplyalongword thisissimplyalongword	1
thisissimplyalongword thisissimplyalongword thisissimplyalongword thisisawordwithfortycharactersaaaaaaaaaa finland thisisawordwithfortycharactersaaaaaaaaaa thisissimplyalongword thisissimplyalongword thisissimplyalongword thisisawordwithfortycharactersaaaaaaaaaa	1
will it this an n-gram example counter deal with is	6
with is an of will a deal it this example	6
