an sentence with it this example of with is a	6
åber åber straße straße straße åber åber this strasse åber	1
åber this åber åber åber this this this åber this	1
åber this strasse åber åber åber this this åber this	1
åber this straße strasse åber åber åber this åber this	1
åber this straße straße strasse åber åber this åber åber	1
case counter if that is then the will the n-gram	7
counter it case then the will deal this n-gram with	6
deal is the n-gram counter with it an will this	6
finland finland finland finland finland finland finland straße finland finland	1
finland finland test finland finland finland finland finland finland finland	1
finland finland test test finland finland finland finland finland finland	1
finland finland test test test finland finland finland finland finland	1
finland finland test test test finland finland finland test finland	1
finland straße finland finland finland finland finland straße finland finland	1
finland straße finland finland finland finland finland straße finland straße	1
finland straße finland finland finland finland straße straße finland straße	1
finland straße finland finland finland straße straße straße finland straße	1
finland thisissimplyalongword this this this finland thisissimplyalongword thisissimplyalongword this thisissimplyalongword	1
finland thisissimplyalongword this this this thisissimplyalongword thisissimplyalongword thisissimplyalongword finland thisissimplyalongword	1
is a deal with it an example sentence this of	6
it example counter will deal this is of with an	6
n-gram with the case then counter will it the deal	7
strasse åber straße straße straße åber åber åber straße åber	1
straße åber finland finland straße straße straße åber straße strasse	1
straße åber finland straße straße straße strasse åber straße åber	1
straße åber straße straße straße strasse åber åber straße åber	1
straße strasse finland finland finland straße straße åber straße straße	1
straße straße finland finland finland straße straße strasse finland straße	1
test finland test test test finland finland finland test finland	1
the deal is the case n-gram counter with then will	7
the n-gram and if that case then counter is the	7
then will that is the the n-gram deal case counter	7
this finland åber åber this this this finland this this	1
this finland åber this this this this thisissimplyalongword this finland	1
this of will deal with is an a it example	6
this this åber åber åber this this finland this this	1
this this åber åber åber this this this åber this	1
this thisissimplyalongword this this this finland finland thisissimplyalongword this thisissimplyalongword	1
this thisissimplyalongword this this this this finland thisissimplyalongword this finland	1
thisisawordwithfortycharactersaaaaaaaaaa thisisawordwithfortycharactersaaaaaaaaaa thisissimplyalongword thisissimplyalongword thisissimplyalongword thisisawordwithfortycharactersaaaaaaaaaa thisisawordwithfortycharactersaaaaaaaaaa thisisawordwithfortycharactersaaaaaaaaaa thisissimplyalongword thisisawordwithfortycharactersaaaaaaaaaa	1
thisisawordwithfortycharactersaaaaaaaaaa thisisawordwithfortycharactersaaaaaaaaaa thisissimplyalongword thisissimplyalongword thisissimplyalongword thisisawordwithfortycharactersaaaaaaaaaa thisisawordwithfortycharactersaaaaaaaaaa thisisawordwiththirtyninecharactsaaaaaa thisisawordwithfortycharactersaaaaaaaaaa thisisawordwithfortycharactersaaaaaaaaaa	1
thisisawordwithfortycharactersaaaaaaaaaa thisisawordwiththirtyninecharactsaaaaaa thisisawordwithfortycharactersaaaaaaaaaa thisisawordwithfortycharactersaaaaaaaaaa thisisawordwithfortycharactersaaaaaaaaaa thisisawordwithfortycharactersaaaaaaaaaa thisisawordwiththirtyninecharactsaaaaaa thisisawordwiththirtyninecharactsaaaaaa thisisawordwithfortycharactersaaaaaaaaaa thisisawordwiththirtyninecharactsaaaaaa	1
thisisawordwithfortycharactersaaaaaaaaaa thisisawordwiththirtyninecharactsaaaaaa thisisawordwithfortycharactersaaaaaaaaaa thisisawordwithfortycharactersaaaaaaaaaa thisisawordwithfortycharactersaaaaaaaaaa thisisawordwiththirtyninecharactsaaaaaa thisisawordwiththirtyninecharactsaaaaaa thisisawordwiththirtyninecharactsaaaaaa thisisawordwithfortycharactersaaaaaaaaaa thisisawordwiththirtyninecharactsaaaaaa	1
thisisawordwithfortycharactersaaaaaaaaaa thisisawordwiththirtyninecharactsaaaaaa thisissimplyalongword thisisawordwithfortycharactersaaaaaaaaaa thisisawordwithfortycharactersaaaaaaaaaa thisisawordwithfortycharactersaaaaaaaaaa thisisawordwithfortycharactersaaaaaaaaaa thisisawordwiththirtyninecharactsaaaaaa thisisawordwithfortycharactersaaaaaaaaaa thisisawordwiththirtyninecharactsaaaaaa	1
thisisawordwithfortycharactersaaaaaaaaaa thisisawordwiththirtyninecharactsaaaaaa thisissimplyalongword thisissimplyalongword thisisawordwithfortycharactersaaaaaaaaaa thisisawordwithfortycharactersaaaaaaaaaa thisisawordwithfortycharactersaaaaaaaaaa thisisawordwiththirtyninecharactsaaaaaa thisisawordwithfortycharactersaaaaaaaaaa thisisawordwithfortycharactersaaaaaaaaaa	1
thisisawordwiththirtyninecharactsaaaaaa thisisawordwiththirtyninecharactsaaaaaa thisisawordwithfortycharactersaaaaaaaaaa thisisawordwithfortycharactersaaaaaaaaaa thisisawordwithfortycharactersaaaaaaaaaa thisisawordwiththirtyninecharactsaaaaaa thisisawordwiththirtyninecharactsaaaaaa thisisawordwiththirtyninecharactsaaaaaa thisisawordwithfortycharactersaaaaaaaaaa thisisawordwiththirtyninecharactsaaaaaa	1
thisisawordwiththirtyninecharactsaaaaaa thisisawordwiththirtyninecharactsaaaaaa thisisawordwithfortycharactersaaaaaaaaaa thisisawordwithfortycharactersaaaaaaaaaa thisisawordwithfortycharactersaaaaaaaaaa thisisawordwiththirtyninecharactsaaaaaa thisisawordwiththirtyninecharactsaaaaaa thisisawordwiththirtyninecharactsaaaaaa thisisawordwiththirtyninecharactsaaaaaa thisisawordwiththirtyninecharactsaaaaaa	1
thisissimplyalongword thisisawordwithfortycharactersaaaaaaaaaa finland finland thisissimplyalongword thisissimplyalongword thisissimplyalongword thisisawordwithfortycharactersaaaaaaaaaa thisissimplyalongword thisissimplyalongword	1
thisissimplyalongword thisisawordwithfortycharactersaaaaaaaaaa finland thisissimplyalongword thisissimplyalongword thisissimplyalongword thisissimplyalongword thisisawordwithfortycharactersaaaaaaaaaa thisissimplyalongword thisisawordwithfortycharactersaaaaaaaaaa	1
thisissimplyalongword thisisawordwithfortycharactersaaaaaaaaaa thisissimplyalongword thisissimplyalongword thisissimplyalongword thisisawordwithfortycharactersaaaaaaaaaa thisisawordwithfortycharactersaaaaaaaaaa thisisawordwithfortycharactersaaaaaaaaaa thisissimplyalongword thisisawordwithfortycharactersaaaaaaaaaa	1
thisissimplyalongword thisisawordwithfortycharactersaaaaaaaaaa thisissimplyalongword thisissimplyalongword thisissimplyalongword thisissimplyalongword thisisawordwithfortycharactersaaaaaaaaaa thisisawordwithfortycharactersaaaaaaaaaa thisissimplyalongword thisisawordwithfortycharactersaaaaaaaaaa	1
thisissimplyalongword thisissimplyalongword this finland finland thisissimplyalongword thisissimplyalongword thisisawordwithfortycharactersaaaaaaaaaa thisissimplyalongword thisissimplyalongword	1
thisissimplyalongword thisissimplyalongword this this finland thisissimplyalongword thisissimplyalongword thisissimplyalongword finland thisissimplyalongword	1
will this then the n-gram deal with is counter it	6
with an n-gram counter will it this example deal is	6
