åber åber this åber åber this this strasse åber this	1
åber åber this åber this this this åber åber this	1
åber this finland åber this this this åber this this	1
åber this finland this this this this åber this finland	1
åber this this åber this this this åber åber this	1
case n-gram it then counter will deal the the with	7
counter with example will it this is n-gram deal an	6
deal this a with is an example will it of	6
finland finland finland finland finland finland finland test finland finland	1
finland finland straße finland finland finland finland finland finland finland	1
finland finland straße finland finland finland finland finland finland straße	1
finland finland straße finland finland finland straße finland finland straße	1
finland finland straße finland finland straße straße finland finland straße	1
finland finland straße finland straße straße straße finland finland straße	1
finland straße åber finland straße straße straße finland straße strasse	1
finland straße åber straße straße straße strasse finland straße åber	1
finland straße strasse finland straße straße straße finland finland straße	1
finland thisissimplyalongword thisisawordwithfortycharactersaaaaaaaaaa finland thisissimplyalongword thisissimplyalongword thisissimplyalongword this thisissimplyalongword thisissimplyalongword	1
finland thisissimplyalongword thisisawordwithfortycharactersaaaaaaaaaa thisissimplyalongword thisissimplyalongword thisissimplyalongword thisissimplyalongword finland thisissimplyalongword thisisawordwithfortycharactersaaaaaaaaaa	1
if the counter that case then the and is n-gram	7
is then deal the the n-gram counter that case will	7
it an with this example of a with is sentence	6
n-gram deal an counter with it this the will is	6
strasse åber this åber åber åber this straße åber this	1
straße åber this strasse åber åber åber straße åber this	1
straße åber this straße åber åber åber straße strasse åber	1
straße strasse åber straße åber åber åber straße straße åber	1
straße straße åber straße strasse åber åber straße straße åber	1
straße straße åber straße straße strasse åber finland straße åber	1
test finland finland finland finland finland finland test finland finland	1
test finland finland test finland finland finland test finland finland	1
test finland finland test finland finland finland test test finland	1
test test finland test finland finland finland test test finland	1
that case will is then the n-gram if the counter	7
the the with case n-gram counter will is then deal	7
the will is n-gram deal with it then counter this	6
then counter this the will deal with case n-gram it	6
this finland thisissimplyalongword this finland thisissimplyalongword thisissimplyalongword this this thisissimplyalongword	1
this finland thisissimplyalongword this thisissimplyalongword thisissimplyalongword thisissimplyalongword this finland thisissimplyalongword	1
this this thisissimplyalongword this finland finland thisissimplyalongword this this thisissimplyalongword	1
this this thisissimplyalongword this this finland finland this this thisissimplyalongword	1
this this thisissimplyalongword this this this finland åber this finland	1
this thisissimplyalongword thisissimplyalongword finland thisissimplyalongword thisissimplyalongword thisissimplyalongword this finland thisissimplyalongword	1
thisisawordwithfortycharactersaaaaaaaaaa thisisawordwithfortycharactersaaaaaaaaaa thisisawordwiththirtyninecharactsaaaaaa thisisawordwithfortycharactersaaaaaaaaaa thisisawordwithfortycharactersaaaaaaaaaa thisisawordwithfortycharactersaaaaaaaaaa thisisawordwiththirtyninecharactsaaaaaa thisissimplyalongword thisisawordwithfortycharactersaaaaaaaaaa thisisawordwiththirtyninecharactsaaaaaa	1
thisisawordwithfortycharactersaaaaaaaaaa thisisawordwithfortycharactersaaaaaaaaaa thisisawordwiththirtyninecharactsaaaaaa thisisawordwithfortycharactersaaaaaaaaaa thisisawordwithfortycharactersaaaaaaaaaa thisisawordwiththirtyninecharactsaaaaaa thisisawordwiththirtyninecharactsaaaaaa thisisawordwithfortycharactersaaaaaaaaaa thisisawordwithfortycharactersaaaaaaaaaa thisisawordwiththirtyninecharactsaaaaaa	1
thisisawordwithfortycharactersaaaaaaaaaa thisisawordwithfortycharactersaaaaaaaaaa thisisawordwiththirtyninecharactsaaaaaa thisisawordwithfortycharactersaaaaaaaaaa thisisawordwiththirtyninecharactsaaaaaa thisisawordwiththirtyninecharactsaaaaaa thisisawordwiththirtyninecharactsaaaaaa thisisawordwithfortycharactersaaaaaaaaaa thisisawordwithfortycharactersaaaaaaaaaa thisisawordwiththirtyninecharactsaaaaaa	1
thisisawordwithfortycharactersaaaaaaaaaa thisisawordwiththirtyninecharactsaaaaaa thisisawordwiththirtyninecharactsaaaaaa thisisawordwithfortycharactersaaaaaaaaaa thisisawordwiththirtyninecharactsaaaaaa thisisawordwiththirtyninecharactsaaaaaa thisisawordwiththirtyninecharactsaaaaaa thisisawordwithfortycharactersaaaaaaaaaa thisisawordwithfortycharactersaaaaaaaaaa thisisawordwiththirtyninecharactsaaaaaa	1
thisisawordwithfortycharactersaaaaaaaaaa thisisawordwiththirtyninecharactsaaaaaa thisisawordwiththirtyninecharactsaaaaaa thisisawordwithfortycharactersaaaaaaaaaa thisisawordwiththirtyninecharactsaaaaaa thisisawordwiththirtyninecharactsaaaaaa thisisawordwiththirtyninecharactsaaaaaa thisisawordwithfortycharactersaaaaaaaaaa thisisawordwiththirtyninecharactsaaaaaa thisisawordwiththirtyninecharactsaaaaaa	1
thisissimplyalongword thisisawordwithfortycharactersaaaaaaaaaa thisisawordwithfortycharactersaaaaaaaaaa thisissimplyalongword thisisawordwithfortycharactersaaaaaaaaaa thisisawordwithfortycharactersaaaaaaaaaa thisisawordwithfortycharactersaaaaaaaaaa thisissimplyalongword thisissimplyalongword thisisawordwithfortycharactersaaaaaaaaaa	1
thisissimplyalongword thisisawordwithfortycharactersaaaaaaaaaa thisisawordwiththirtyninecharactsaaaaaa thisisawordwithfortycharactersaaaaaaaaaa thisisawordwithfortycharactersaaaaaaaaaa thisisawordwithfortycharactersaaaaaaaaaa thisisawordwithfortycharactersaaaaaaaaaa thisissimplyalongword thisisawordwithfortycharactersaaaaaaaaaa thisisawordwiththirtyninecharactsaaaaaa	1
thisissimplyalongword thisisawordwithfortycharactersaaaaaaaaaa thisisawordwiththirtyninecharactsaaaaaa thisissimplyalongword thisisawordwithfortycharactersaaaaaaaaaa thisisawordwithfortycharactersaaaaaaaaaa thisisawordwithfortycharactersaaaaaaaaaa thisissimplyalongword thisisawordwithfortycharactersaaaaaaaaaa thisisawordwithfortycharactersaaaaaaaaaa	1
thisissimplyalongword thisissimplyalongword thisisawordwithfortycharactersaaaaaaaaaa thisissimplyalongword thisisawordwithfortycharactersaaaaaaaaaa thisisawordwithfortycharactersaaaaaaaaaa thisisawordwithfortycharactersaaaaaaaaaa thisissimplyalongword thisissimplyalongword thisisawordwithfortycharactersaaaaaaaaaa	1
thisissimplyalongword thisissimplyalongword thisisawordwithfortycharactersaaaaaaaaaa thisissimplyalongword thisissimplyalongword thisisawordwithfortycharactersaaaaaaaaaa thisisawordwithfortycharactersaaaaaaaaaa thisissimplyalongword thisissimplyalongword thisisawordwithfortycharactersaaaaaaaaaa	1
thisissimplyalongword thisissimplyalongword thisisawordwithfortycharactersaaaaaaaaaa thisissimplyalongword thisissimplyalongword thisissimplyalongword thisisawordwithfortycharactersaaaaaaaaaa finland thisissimplyalongword thisisawordwithfortycharactersaaaaaaaaaa	1
will it of deal this is an counter with example	6
with is sentence it an example of deal this a	6
