åber åber this this straße åber strasse åber åber this	1
åber this this finland åber this åber this this this	1
åber this this this åber åber åber åber this this	1
åber this this this åber åber åber this this this	1
åber this this this strasse åber åber åber åber this	1
case counter will with is then the the n-gram deal	7
counter it this an the will n-gram deal with is	6
deal is an of counter with will it this example	6
finland finland finland finland test finland finland finland finland finland	1
finland finland finland finland test finland test finland finland finland	1
finland finland finland straße finland finland finland finland finland finland	1
finland finland finland straße finland finland finland finland finland straße	1
finland finland straße straße finland finland finland finland finland straße	1
finland straße straße åber finland straße finland straße straße strasse	1
finland straße straße strasse finland finland finland straße straße straße	1
finland straße straße straße finland finland finland finland finland straße	1
finland straße straße straße finland finland finland finland straße straße	1
finland thisissimplyalongword thisissimplyalongword thisisawordwithfortycharactersaaaaaaaaaa this thisissimplyalongword finland thisissimplyalongword thisissimplyalongword thisissimplyalongword	1
finland thisissimplyalongword thisissimplyalongword thisissimplyalongword this finland this thisissimplyalongword thisissimplyalongword thisissimplyalongword	1
is the n-gram will if the that case then counter	7
it example of sentence deal this with is an a	6
n-gram with it is then counter the will deal this	6
strasse åber åber this straße åber straße åber åber this	1
straße åber åber åber straße straße straße strasse åber åber	1
straße åber åber åber straße straße straße straße strasse åber	1
straße åber åber this straße strasse straße åber åber åber	1
straße strasse åber åber finland straße straße straße straße åber	1
straße straße strasse åber finland straße finland straße straße åber	1
test finland finland finland test finland test finland finland finland	1
test finland finland finland test test test finland finland finland	1
test finland finland finland test test test test finland finland	1
that then the counter and is if the case n-gram	7
the deal with this case n-gram then counter will it	6
the n-gram counter deal that case is then the will	7
then will deal it the the case n-gram counter with	7
this finland finland thisissimplyalongword this this this this this thisissimplyalongword	1
this finland thisissimplyalongword thisissimplyalongword this this this this finland thisissimplyalongword	1
this of a with with is it an example sentence	6
this this finland thisissimplyalongword åber this this this this finland	1
this this this finland åber this åber this this finland	1
this thisissimplyalongword thisissimplyalongword thisissimplyalongword this finland this finland thisissimplyalongword thisissimplyalongword	1
this thisissimplyalongword thisissimplyalongword thisissimplyalongword this this this finland finland thisissimplyalongword	1
thisisawordwithfortycharactersaaaaaaaaaa thisisawordwithfortycharactersaaaaaaaaaa thisisawordwithfortycharactersaaaaaaaaaa thisisawordwiththirtyninecharactsaaaaaa thisissimplyalongword thisisawordwithfortycharactersaaaaaaaaaa thisissimplyalongword thisisawordwithfortycharactersaaaaaaaaaa thisisawordwithfortycharactersaaaaaaaaaa thisisawordwiththirtyninecharactsaaaaaa	1
thisisawordwithfortycharactersaaaaaaaaaa thisisawordwithfortycharactersaaaaaaaaaa thisisawordwiththirtyninecharactsaaaaaa thisisawordwiththirtyninecharactsaaaaaa thisissimplyalongword thisisawordwithfortycharactersaaaaaaaaaa thisisawordwithfortycharactersaaaaaaaaaa thisisawordwithfortycharactersaaaaaaaaaa thisisawordwithfortycharactersaaaaaaaaaa thisisawordwiththirtyninecharactsaaaaaa	1
thisisawordwithfortycharactersaaaaaaaaaa thisisawordwiththirtyninecharactsaaaaaa thisisawordwiththirtyninecharactsaaaaaa thisisawordwiththirtyninecharactsaaaaaa thisisawordwithfortycharactersaaaaaaaaaa thisisawordwithfortycharactersaaaaaaaaaa thisisawordwithfortycharactersaaaaaaaaaa thisisawordwithfortycharactersaaaaaaaaaa thisisawordwithfortycharactersaaaaaaaaaa thisisawordwiththirtyninecharactsaaaaaa	1
thisisawordwithfortycharactersaaaaaaaaaa thisisawordwiththirtyninecharactsaaaaaa thisisawordwiththirtyninecharactsaaaaaa thisisawordwiththirtyninecharactsaaaaaa thisisawordwithfortycharactersaaaaaaaaaa thisisawordwithfortycharactersaaaaaaaaaa thisisawordwithfortycharactersaaaaaaaaaa thisisawordwithfortycharactersaaaaaaaaaa thisisawordwiththirtyninecharactsaaaaaa thisisawordwiththirtyninecharactsaaaaaa	1
thisisawordwithfortycharactersaaaaaaaaaa thisisawordwiththirtyninecharactsaaaaaa thisisawordwiththirtyninecharactsaaaaaa thisisawordwiththirtyninecharactsaaaaaa thisisawordwithfortycharactersaaaaaaaaaa thisisawordwithfortycharactersaaaaaaaaaa thisisawordwithfortycharactersaaaaaaaaaa thisisawordwiththirtyninecharactsaaaaaa thisisawordwiththirtyninecharactsaaaaaa thisisawordwiththirtyninecharactsaaaaaa	1
thisisawordwithfortycharactersaaaaaaaaaa thisisawordwiththirtyninecharactsaaaaaa thisisawordwiththirtyninecharactsaaaaaa thisisawordwiththirtyninecharactsaaaaaa thisisawordwithfortycharactersaaaaaaaaaa thisisawordwiththirtyninecharactsaaaaaa thisisawordwithfortycharactersaaaaaaaaaa thisisawordwiththirtyninecharactsaaaaaa thisisawordwiththirtyninecharactsaaaaaa thisisawordwiththirtyninecharactsaaaaaa	1
thisissimplyalongword thisisawordwithfortycharactersaaaaaaaaaa thisisawordwithfortycharactersaaaaaaaaaa thisisawordwithfortycharactersaaaaaaaaaa thisissimplyalongword thisissimplyalongword thisissimplyalongword thisisawordwithfortycharactersaaaaaaaaaa thisisawordwithfortycharactersaaaaaaaaaa thisisawordwithfortycharactersaaaaaaaaaa	1
thisissimplyalongword thisisawordwithfortycharactersaaaaaaaaaa thisisawordwithfortycharactersaaaaaaaaaa thisisawordwithfortycharactersaaaaaaaaaa thisissimplyalongword thisissimplyalongword thisissimplyalongword thisissimplyalongword thisisawordwithfortycharactersaaaaaaaaaa thisisawordwithfortycharactersaaaaaaaaaa	1
thisissimplyalongword thisisawordwithfortycharactersaaaaaaaaaa thisisawordwithfortycharactersaaaaaaaaaa thisisawordwithfortycharactersaaaaaaaaaa thisissimplyalongword thisissimplyalongword thisissimplyalongword thisissimplyalongword thisissimplyalongword thisisawordwithfortycharactersaaaaaaaaaa	1
thisissimplyalongword thisisawordwithfortycharactersaaaaaaaaaa thisisawordwithfortycharactersaaaaaaaaaa thisisawordwiththirtyninecharactsaaaaaa thisissimplyalongword thisisawordwithfortycharactersaaaaaaaaaa thisissimplyalongword thisisawordwithfortycharactersaaaaaaaaaa thisisawordwithfortycharactersaaaaaaaaaa thisisawordwithfortycharactersaaaaaaaaaa	1
thisissimplyalongword thisissimplyalongword thisisawordwithfortycharactersaaaaaaaaaa thisisawordwithfortycharactersaaaaaaaaaa finland thisissimplyalongword thisissimplyalongword thisissimplyalongword thisissimplyalongword thisisawordwithfortycharactersaaaaaaaaaa	1
thisissimplyalongword thisissimplyalongword thisissimplyalongword thisisawordwithfortycharactersaaaaaaaaaa finland thisissimplyalongword finland thisissimplyalongword thisissimplyalongword thisisawordwithfortycharactersaaaaaaaaaa	1
will this is example n-gram deal counter with it an	6
with an example a will it deal this is of	6
