åber this this åber åber åber åber this this	1
åber this this åber åber this åber this this	1
åber this this åber this this åber this this	1
åber this this strasse åber åber åber åber this	1
åber this this straße åber åber strasse åber åber	1
case will deal is then the the n-gram counter	7
counter this is the will deal n-gram with it	6
deal an example counter with it will this is	6
finland finland finland finland finland finland finland finland finland	1
finland finland finland test finland finland finland finland finland	1
finland finland finland test finland finland test finland finland	1
finland finland straße finland finland finland finland finland finland	1
finland straße strasse finland straße straße finland straße straße	1
finland straße straße finland finland finland finland finland finland	1
finland straße straße finland finland finland finland finland straße	1
finland straße straße finland finland finland finland straße straße	1
finland straße straße finland finland straße finland straße straße	1
finland thisissimplyalongword thisissimplyalongword this finland thisissimplyalongword this thisissimplyalongword thisissimplyalongword	1
finland thisissimplyalongword thisissimplyalongword this thisissimplyalongword thisissimplyalongword finland thisissimplyalongword thisissimplyalongword	1
is n-gram counter if the case that then the	7
is sentence with it an example this of a	6
it of a deal this is with an example	6
n-gram it this then counter will the deal with	6
strasse åber this straße åber åber straße åber åber	1
straße åber åber finland straße straße straße straße strasse	1
straße åber åber straße strasse åber straße åber åber	1
straße åber åber straße straße strasse straße åber åber	1
straße åber åber straße straße straße straße strasse åber	1
straße strasse åber finland straße straße finland straße straße	1
test finland finland test finland finland test finland finland	1
test finland finland test test finland test finland finland	1
test finland finland test test test test finland finland	1
that the n-gram and is the if case then	7
the counter will that case then is the n-gram	7
the with it case n-gram counter then will deal	7
then deal with the the n-gram case counter will	7
this a sentence with is an it example of	6
this finland finland åber this this this this this	1
this finland thisissimplyalongword this this this this this finland	1
this this finland åber this this åber this this	1
this thisissimplyalongword thisissimplyalongword this finland finland this thisissimplyalongword thisissimplyalongword	1
this thisissimplyalongword thisissimplyalongword this this finland this finland thisissimplyalongword	1
this thisissimplyalongword thisissimplyalongword this this this this finland finland	1
thisisawordwithfortycharactersaaaaaaaaaa thisisawordwithfortycharactersaaaaaaaaaa thisisawordwiththirtyninecharactsaaaaaa thisissimplyalongword thisisawordwithfortycharactersaaaaaaaaaa thisisawordwithfortycharactersaaaaaaaaaa thisissimplyalongword thisisawordwithfortycharactersaaaaaaaaaa thisisawordwithfortycharactersaaaaaaaaaa	1
thisisawordwithfortycharactersaaaaaaaaaa thisisawordwiththirtyninecharactsaaaaaa thisisawordwiththirtyninecharactsaaaaaa thisisawordwithfortycharactersaaaaaaaaaa thisisawordwithfortycharactersaaaaaaaaaa thisisawordwithfortycharactersaaaaaaaaaa thisisawordwithfortycharactersaaaaaaaaaa thisisawordwithfortycharactersaaaaaaaaaa thisisawordwiththirtyninecharactsaaaaaa	1
thisisawordwithfortycharactersaaaaaaaaaa thisisawordwiththirtyninecharactsaaaaaa thisisawordwiththirtyninecharactsaaaaaa thisisawordwithfortycharactersaaaaaaaaaa thisisawordwithfortycharactersaaaaaaaaaa thisisawordwithfortycharactersaaaaaaaaaa thisisawordwithfortycharactersaaaaaaaaaa thisisawordwiththirtyninecharactsaaaaaa thisisawordwiththirtyninecharactsaaaaaa	1
thisisawordwithfortycharactersaaaaaaaaaa thisisawordwiththirtyninecharactsaaaaaa thisisawordwiththirtyninecharactsaaaaaa thisisawordwithfortycharactersaaaaaaaaaa thisisawordwithfortycharactersaaaaaaaaaa thisisawordwiththirtyninecharactsaaaaaa thisisawordwithfortycharactersaaaaaaaaaa thisisawordwiththirtyninecharactsaaaaaa thisisawordwiththirtyninecharactsaaaaaa	1
thisisawordwithfortycharactersaaaaaaaaaa thisisawordwiththirtyninecharactsaaaaaa thisisawordwiththirtyninecharactsaaaaaa thisisawordwithfortycharactersaaaaaaaaaa thisisawordwiththirtyninecharactsaaaaaa thisisawordwiththirtyninecharactsaaaaaa thisisawordwithfortycharactersaaaaaaaaaa thisisawordwiththirtyninecharactsaaaaaa thisisawordwiththirtyninecharactsaaaaaa	1
thisisawordwithfortycharactersaaaaaaaaaa thisisawordwiththirtyninecharactsaaaaaa thisisawordwiththirtyninecharactsaaaaaa thisissimplyalongword thisisawordwithfortycharactersaaaaaaaaaa thisisawordwithfortycharactersaaaaaaaaaa thisisawordwithfortycharactersaaaaaaaaaa thisisawordwithfortycharactersaaaaaaaaaa thisisawordwithfortycharactersaaaaaaaaaa	1
thisisawordwiththirtyninecharactsaaaaaa thisisawordwiththirtyninecharactsaaaaaa thisisawordwiththirtyninecharactsaaaaaa thisisawordwithfortycharactersaaaaaaaaaa thisisawordwiththirtyninecharactsaaaaaa thisisawordwiththirtyninecharactsaaaaaa thisisawordwithfortycharactersaaaaaaaaaa thisisawordwiththirtyninecharactsaaaaaa thisisawordwiththirtyninecharactsaaaaaa	1
thisissimplyalongword thisisawordwithfortycharactersaaaaaaaaaa thisisawordwithfortycharactersaaaaaaaaaa finland thisissimplyalongword thisissimplyalongword thisissimplyalongword thisissimplyalongword thisissimplyalongword	1
thisissimplyalongword thisisawordwithfortycharactersaaaaaaaaaa thisisawordwithfortycharactersaaaaaaaaaa thisissimplyalongword thisisawordwithfortycharactersaaaaaaaaaa thisisawordwithfortycharactersaaaaaaaaaa thisissimplyalongword thisisawordwithfortycharactersaaaaaaaaaa thisisawordwithfortycharactersaaaaaaaaaa	1
thisissimplyalongword thisisawordwithfortycharactersaaaaaaaaaa thisisawordwithfortycharactersaaaaaaaaaa thisissimplyalongword thisissimplyalongword thisisawordwithfortycharactersaaaaaaaaaa thisissimplyalongword thisisawordwithfortycharactersaaaaaaaaaa thisisawordwithfortycharactersaaaaaaaaaa	1
thisissimplyalongword thisisawordwithfortycharactersaaaaaaaaaa thisisawordwithfortycharactersaaaaaaaaaa thisissimplyalongword thisissimplyalongword thisissimplyalongword thisissimplyalongword thisisawordwithfortycharactersaaaaaaaaaa thisisawordwithfortycharactersaaaaaaaaaa	1
thisissimplyalongword thisisawordwithfortycharactersaaaaaaaaaa thisisawordwithfortycharactersaaaaaaaaaa thisissimplyalongword thisissimplyalongword thisissimplyalongword thisissimplyalongword thisissimplyalongword thisisawordwithfortycharactersaaaaaaaaaa	1
thisissimplyalongword thisissimplyalongword thisisawordwithfortycharactersaaaaaaaaaa finland thisissimplyalongword thisissimplyalongword finland thisissimplyalongword thisissimplyalongword	1
will is an n-gram deal with counter it this	6
with example of will it this deal is an	6
