åber åber this straße åber åber strasse åber this	1
åber this this åber åber åber åber this this	1
åber this this åber åber this åber this this	1
åber this this åber this this åber this this	1
åber this this strasse åber åber åber åber this	1
case counter deal is then the the n-gram will	7
counter it is the will deal n-gram with this	6
deal is example counter with it will this an	6
finland finland finland finland finland finland finland finland finland	1
finland finland finland test finland finland finland finland finland	1
finland finland finland test finland finland test finland finland	1
finland finland straße finland finland finland finland finland finland	1
finland finland straße finland finland finland finland finland straße	1
finland straße strasse finland straße straße finland straße straße	1
finland straße straße finland finland finland finland finland straße	1
finland straße straße finland finland finland finland straße straße	1
finland straße straße finland finland straße finland straße straße	1
finland thisissimplyalongword thisissimplyalongword this finland thisissimplyalongword this thisissimplyalongword thisissimplyalongword	1
finland thisissimplyalongword thisissimplyalongword this thisissimplyalongword thisissimplyalongword finland thisissimplyalongword thisissimplyalongword	1
is a with it an example this of sentence	6
is the counter if the case that then n-gram	7
it example a deal this is with an of	6
n-gram with this then counter will the deal it	6
strasse åber this straße åber åber straße åber åber	1
straße åber åber straße strasse åber straße åber åber	1
straße åber åber straße straße strasse straße åber åber	1
straße åber åber straße straße straße straße strasse åber	1
straße strasse åber finland straße straße straße straße åber	1
straße straße åber finland straße straße finland straße strasse	1
test finland finland test finland finland test finland finland	1
test finland finland test test finland test finland finland	1
test finland finland test test test test finland finland	1
that then n-gram and is the if case the	7
the deal it case n-gram counter then will with	7
the n-gram will that case then is the counter	7
then will with the the n-gram case counter deal	7
this finland thisissimplyalongword this this this this finland thisissimplyalongword	1
this finland thisissimplyalongword this this this this this finland	1
this of sentence with is an it example a	6
this this finland åber this this åber this this	1
this this finland åber this this this this finland	1
this thisissimplyalongword thisissimplyalongword this finland finland this thisissimplyalongword thisissimplyalongword	1
this thisissimplyalongword thisissimplyalongword this this finland this finland thisissimplyalongword	1
thisisawordwithfortycharactersaaaaaaaaaa thisisawordwithfortycharactersaaaaaaaaaa thisisawordwiththirtyninecharactsaaaaaa thisissimplyalongword thisisawordwithfortycharactersaaaaaaaaaa thisisawordwithfortycharactersaaaaaaaaaa thisisawordwithfortycharactersaaaaaaaaaa thisisawordwithfortycharactersaaaaaaaaaa thisisawordwiththirtyninecharactsaaaaaa	1
thisisawordwithfortycharactersaaaaaaaaaa thisisawordwithfortycharactersaaaaaaaaaa thisisawordwiththirtyninecharactsaaaaaa thisissimplyalongword thisisawordwithfortycharactersaaaaaaaaaa thisisawordwithfortycharactersaaaaaaaaaa thisissimplyalongword thisisawordwithfortycharactersaaaaaaaaaa thisisawordwithfortycharactersaaaaaaaaaa	1
thisisawordwithfortycharactersaaaaaaaaaa thisisawordwiththirtyninecharactsaaaaaa thisisawordwiththirtyninecharactsaaaaaa thisisawordwithfortycharactersaaaaaaaaaa thisisawordwithfortycharactersaaaaaaaaaa thisisawordwithfortycharactersaaaaaaaaaa thisisawordwithfortycharactersaaaaaaaaaa thisisawordwithfortycharactersaaaaaaaaaa thisisawordwiththirtyninecharactsaaaaaa	1
thisisawordwithfortycharactersaaaaaaaaaa thisisawordwiththirtyninecharactsaaaaaa thisisawordwiththirtyninecharactsaaaaaa thisisawordwithfortycharactersaaaaaaaaaa thisisawordwithfortycharactersaaaaaaaaaa thisisawordwithfortycharactersaaaaaaaaaa thisisawordwithfortycharactersaaaaaaaaaa thisisawordwiththirtyninecharactsaaaaaa thisisawordwiththirtyninecharactsaaaaaa	1
thisisawordwithfortycharactersaaaaaaaaaa thisisawordwiththirtyninecharactsaaaaaa thisisawordwiththirtyninecharactsaaaaaa thisisawordwithfortycharactersaaaaaaaaaa thisisawordwithfortycharactersaaaaaaaaaa thisisawordwiththirtyninecharactsaaaaaa thisisawordwithfortycharactersaaaaaaaaaa thisisawordwiththirtyninecharactsaaaaaa thisisawordwiththirtyninecharactsaaaaaa	1
thisisawordwithfortycharactersaaaaaaaaaa thisisawordwiththirtyninecharactsaaaaaa thisisawordwiththirtyninecharactsaaaaaa thisisawordwithfortycharactersaaaaaaaaaa thisisawordwiththirtyninecharactsaaaaaa thisisawordwiththirtyninecharactsaaaaaa thisisawordwithfortycharactersaaaaaaaaaa thisisawordwiththirtyninecharactsaaaaaa thisisawordwiththirtyninecharactsaaaaaa	1
thisisawordwiththirtyninecharactsaaaaaa thisisawordwiththirtyninecharactsaaaaaa thisisawordwiththirtyninecharactsaaaaaa thisisawordwithfortycharactersaaaaaaaaaa thisisawordwiththirtyninecharactsaaaaaa thisisawordwiththirtyninecharactsaaaaaa thisisawordwithfortycharactersaaaaaaaaaa thisisawordwiththirtyninecharactsaaaaaa thisisawordwiththirtyninecharactsaaaaaa	1
thisissimplyalongword thisisawordwithfortycharactersaaaaaaaaaa thisisawordwithfortycharactersaaaaaaaaaa thisissimplyalongword thisisawordwithfortycharactersaaaaaaaaaa thisisawordwithfortycharactersaaaaaaaaaa thisissimplyalongword thisisawordwithfortycharactersaaaaaaaaaa thisisawordwithfortycharactersaaaaaaaaaa	1
thisissimplyalongword thisisawordwithfortycharactersaaaaaaaaaa thisisawordwithfortycharactersaaaaaaaaaa thisissimplyalongword thisissimplyalongword thisisawordwithfortycharactersaaaaaaaaaa thisissimplyalongword thisisawordwithfortycharactersaaaaaaaaaa thisisawordwithfortycharactersaaaaaaaaaa	1
thisissimplyalongword thisisawordwithfortycharactersaaaaaaaaaa thisisawordwithfortycharactersaaaaaaaaaa thisissimplyalongword thisissimplyalongword thisissimplyalongword thisissimplyalongword thisisawordwithfortycharactersaaaaaaaaaa thisisawordwithfortycharactersaaaaaaaaaa	1
thisissimplyalongword thisisawordwithfortycharactersaaaaaaaaaa thisisawordwithfortycharactersaaaaaaaaaa thisissimplyalongword thisissimplyalongword thisissimplyalongword thisissimplyalongword thisissimplyalongword thisisawordwithfortycharactersaaaaaaaaaa	1
thisissimplyalongword thisissimplyalongword thisisawordwithfortycharactersaaaaaaaaaa finland thisissimplyalongword thisissimplyalongword finland thisissimplyalongword thisissimplyalongword	1
thisissimplyalongword thisissimplyalongword thisisawordwithfortycharactersaaaaaaaaaa finland thisissimplyalongword thisissimplyalongword thisissimplyalongword thisissimplyalongword thisisawordwithfortycharactersaaaaaaaaaa	1
will this an n-gram deal with counter it is	6
with an of will it this deal is example	6
