åber åber åber this this strasse åber åber this this	1
åber åber åber this this straße strasse åber åber this	1
åber åber this this this åber åber åber this this	1
åber åber this this this åber åber this this this	1
åber this this this finland åber åber this this this	1
case then n-gram deal with is the the counter will	7
counter will with is an the n-gram deal it this	6
deal with this example of counter will it is an	6
finland finland finland finland finland test finland finland finland finland	1
finland finland finland finland finland test test finland finland finland	1
finland finland finland finland straße finland finland finland finland finland	1
finland finland finland straße straße finland finland finland finland finland	1
finland finland finland straße straße finland finland finland finland straße	1
finland finland finland straße straße finland finland finland straße straße	1
finland finland straße straße strasse finland finland straße straße straße	1
finland finland straße straße straße finland finland finland straße straße	1
finland finland thisissimplyalongword thisissimplyalongword thisissimplyalongword this this thisissimplyalongword thisissimplyalongword thisissimplyalongword	1
finland straße straße strasse åber finland finland straße straße straße	1
finland thisissimplyalongword thisissimplyalongword thisissimplyalongword thisisawordwithfortycharactersaaaaaaaaaa this finland thisissimplyalongword thisissimplyalongword thisissimplyalongword	1
is the then counter will if that case the n-gram	7
it this an a sentence deal with is example of	6
n-gram counter deal this is then the will with it	6
strasse åber åber this this straße straße åber åber åber	1
straße strasse åber åber this straße straße åber åber åber	1
straße straße åber åber åber straße straße strasse åber åber	1
straße straße strasse åber åber straße straße straße åber åber	1
straße straße straße åber åber finland finland straße straße strasse	1
straße straße straße åber åber finland straße straße strasse åber	1
test finland finland finland finland test test finland finland finland	1
test test finland finland finland test test finland finland finland	1
test test finland finland finland test test test finland finland	1
that is case n-gram counter and if the then the	7
the case the will deal that is then n-gram counter	7
the n-gram will it this case then counter deal with	6
then the counter with it the case n-gram will deal	7
this finland thisissimplyalongword thisissimplyalongword thisissimplyalongword this this finland thisissimplyalongword thisissimplyalongword	1
this is example sentence with with it an of a	6
this this finland thisissimplyalongword thisissimplyalongword this this finland thisissimplyalongword thisissimplyalongword	1
this this finland thisissimplyalongword thisissimplyalongword this this this finland thisissimplyalongword	1
this this this finland finland åber åber this this this	1
this this this finland thisissimplyalongword åber this this this finland	1
this this this thisissimplyalongword thisissimplyalongword this this this finland finland	1
thisisawordwithfortycharactersaaaaaaaaaa thisisawordwithfortycharactersaaaaaaaaaa thisisawordwithfortycharactersaaaaaaaaaa thisisawordwiththirtyninecharactsaaaaaa thisisawordwiththirtyninecharactsaaaaaa thisisawordwithfortycharactersaaaaaaaaaa thisisawordwithfortycharactersaaaaaaaaaa thisisawordwithfortycharactersaaaaaaaaaa thisisawordwiththirtyninecharactsaaaaaa thisisawordwiththirtyninecharactsaaaaaa	1
thisisawordwithfortycharactersaaaaaaaaaa thisisawordwithfortycharactersaaaaaaaaaa thisisawordwithfortycharactersaaaaaaaaaa thisisawordwiththirtyninecharactsaaaaaa thisisawordwiththirtyninecharactsaaaaaa thisissimplyalongword thisisawordwithfortycharactersaaaaaaaaaa thisisawordwithfortycharactersaaaaaaaaaa thisisawordwithfortycharactersaaaaaaaaaa thisisawordwiththirtyninecharactsaaaaaa	1
thisisawordwithfortycharactersaaaaaaaaaa thisisawordwithfortycharactersaaaaaaaaaa thisisawordwithfortycharactersaaaaaaaaaa thisisawordwiththirtyninecharactsaaaaaa thisisawordwiththirtyninecharactsaaaaaa thisissimplyalongword thisissimplyalongword thisisawordwithfortycharactersaaaaaaaaaa thisisawordwithfortycharactersaaaaaaaaaa thisisawordwithfortycharactersaaaaaaaaaa	1
thisisawordwithfortycharactersaaaaaaaaaa thisisawordwithfortycharactersaaaaaaaaaa thisisawordwiththirtyninecharactsaaaaaa thisisawordwiththirtyninecharactsaaaaaa thisisawordwiththirtyninecharactsaaaaaa thisisawordwithfortycharactersaaaaaaaaaa thisisawordwithfortycharactersaaaaaaaaaa thisisawordwithfortycharactersaaaaaaaaaa thisisawordwiththirtyninecharactsaaaaaa thisisawordwiththirtyninecharactsaaaaaa	1
thisisawordwithfortycharactersaaaaaaaaaa thisisawordwithfortycharactersaaaaaaaaaa thisisawordwiththirtyninecharactsaaaaaa thisisawordwiththirtyninecharactsaaaaaa thisisawordwiththirtyninecharactsaaaaaa thisisawordwithfortycharactersaaaaaaaaaa thisisawordwithfortycharactersaaaaaaaaaa thisisawordwiththirtyninecharactsaaaaaa thisisawordwiththirtyninecharactsaaaaaa thisisawordwiththirtyninecharactsaaaaaa	1
thisisawordwithfortycharactersaaaaaaaaaa thisisawordwiththirtyninecharactsaaaaaa thisisawordwiththirtyninecharactsaaaaaa thisisawordwiththirtyninecharactsaaaaaa thisisawordwiththirtyninecharactsaaaaaa thisisawordwithfortycharactersaaaaaaaaaa thisisawordwithfortycharactersaaaaaaaaaa thisisawordwiththirtyninecharactsaaaaaa thisisawordwiththirtyninecharactsaaaaaa thisisawordwiththirtyninecharactsaaaaaa	1
thisissimplyalongword thisisawordwithfortycharactersaaaaaaaaaa thisisawordwithfortycharactersaaaaaaaaaa thisisawordwithfortycharactersaaaaaaaaaa thisisawordwiththirtyninecharactsaaaaaa thisissimplyalongword thisissimplyalongword thisisawordwithfortycharactersaaaaaaaaaa thisisawordwithfortycharactersaaaaaaaaaa thisisawordwithfortycharactersaaaaaaaaaa	1
thisissimplyalongword thisissimplyalongword thisisawordwithfortycharactersaaaaaaaaaa thisisawordwithfortycharactersaaaaaaaaaa thisisawordwithfortycharactersaaaaaaaaaa thisissimplyalongword thisissimplyalongword thisisawordwithfortycharactersaaaaaaaaaa thisisawordwithfortycharactersaaaaaaaaaa thisisawordwithfortycharactersaaaaaaaaaa	1
thisissimplyalongword thisissimplyalongword thisisawordwithfortycharactersaaaaaaaaaa thisisawordwithfortycharactersaaaaaaaaaa thisisawordwithfortycharactersaaaaaaaaaa thisissimplyalongword thisissimplyalongword thisissimplyalongword thisisawordwithfortycharactersaaaaaaaaaa thisisawordwithfortycharactersaaaaaaaaaa	1
thisissimplyalongword thisissimplyalongword thisissimplyalongword thisisawordwithfortycharactersaaaaaaaaaa thisisawordwithfortycharactersaaaaaaaaaa finland finland thisissimplyalongword thisissimplyalongword thisissimplyalongword	1
thisissimplyalongword thisissimplyalongword thisissimplyalongword thisisawordwithfortycharactersaaaaaaaaaa thisisawordwithfortycharactersaaaaaaaaaa finland thisissimplyalongword thisissimplyalongword thisissimplyalongword thisisawordwithfortycharactersaaaaaaaaaa	1
thisissimplyalongword thisissimplyalongword thisissimplyalongword thisisawordwithfortycharactersaaaaaaaaaa thisisawordwithfortycharactersaaaaaaaaaa thisissimplyalongword thisissimplyalongword thisissimplyalongword thisisawordwithfortycharactersaaaaaaaaaa thisisawordwithfortycharactersaaaaaaaaaa	1
will deal it an example n-gram counter with this is	6
with it is of a will deal this an example	6
