åber åber this this this åber åber åber this this	1
åber åber this this this åber åber this this this	1
åber åber this this this strasse åber åber åber this	1
åber åber this this this straße strasse åber åber åber	1
åber this this this finland åber åber this this this	1
case then will deal with is the the n-gram counter	7
counter will this is an the n-gram deal with it	6
deal with an example of counter will it this is	6
finland finland finland finland finland test finland finland finland finland	1
finland finland finland finland finland test test finland finland finland	1
finland finland finland finland straße finland finland finland finland finland	1
finland finland finland straße straße finland finland finland finland finland	1
finland finland straße straße strasse finland finland straße straße straße	1
finland finland straße straße straße finland finland finland finland finland	1
finland finland straße straße straße finland finland finland finland straße	1
finland finland straße straße straße finland finland finland straße straße	1
finland finland thisissimplyalongword thisissimplyalongword thisissimplyalongword this this thisissimplyalongword thisissimplyalongword thisissimplyalongword	1
finland straße straße strasse åber finland finland straße straße straße	1
finland thisissimplyalongword thisissimplyalongword thisissimplyalongword thisisawordwithfortycharactersaaaaaaaaaa this finland thisissimplyalongword thisissimplyalongword thisissimplyalongword	1
is the n-gram counter will if that case then the	7
it this of a sentence deal with is an example	6
n-gram counter it this is then the will deal with	6
strasse åber åber this this straße straße åber åber åber	1
straße strasse åber åber this straße straße åber åber åber	1
straße straße åber åber åber finland straße straße straße strasse	1
straße straße åber åber åber straße straße strasse åber åber	1
straße straße åber åber åber straße straße straße strasse åber	1
straße straße strasse åber åber finland finland straße straße straße	1
test finland finland finland finland test test finland finland finland	1
test test finland finland finland test test finland finland finland	1
test test finland finland finland test test test finland finland	1
that is the n-gram counter and if the case then	7
the case counter will deal that is then the n-gram	7
the n-gram with it this case then counter will deal	6
then the deal with it the case n-gram counter will	7
this finland thisissimplyalongword thisissimplyalongword thisissimplyalongword this this finland thisissimplyalongword thisissimplyalongword	1
this is a sentence with with it an example of	6
this this finland finland thisissimplyalongword åber this this this this	1
this this finland thisissimplyalongword thisissimplyalongword this this this this finland	1
this this this finland finland åber åber this this this	1
this this thisissimplyalongword thisissimplyalongword thisissimplyalongword this this finland finland thisissimplyalongword	1
this this thisissimplyalongword thisissimplyalongword thisissimplyalongword this this this finland finland	1
thisisawordwithfortycharactersaaaaaaaaaa thisisawordwithfortycharactersaaaaaaaaaa thisisawordwithfortycharactersaaaaaaaaaa thisisawordwiththirtyninecharactsaaaaaa thisisawordwiththirtyninecharactsaaaaaa thisissimplyalongword thisissimplyalongword thisisawordwithfortycharactersaaaaaaaaaa thisisawordwithfortycharactersaaaaaaaaaa thisisawordwithfortycharactersaaaaaaaaaa	1
thisisawordwithfortycharactersaaaaaaaaaa thisisawordwithfortycharactersaaaaaaaaaa thisisawordwiththirtyninecharactsaaaaaa thisisawordwiththirtyninecharactsaaaaaa thisisawordwiththirtyninecharactsaaaaaa thisisawordwithfortycharactersaaaaaaaaaa thisisawordwithfortycharactersaaaaaaaaaa thisisawordwithfortycharactersaaaaaaaaaa thisisawordwithfortycharactersaaaaaaaaaa thisisawordwiththirtyninecharactsaaaaaa	1
thisisawordwithfortycharactersaaaaaaaaaa thisisawordwithfortycharactersaaaaaaaaaa thisisawordwiththirtyninecharactsaaaaaa thisisawordwiththirtyninecharactsaaaaaa thisisawordwiththirtyninecharactsaaaaaa thisisawordwithfortycharactersaaaaaaaaaa thisisawordwithfortycharactersaaaaaaaaaa thisisawordwithfortycharactersaaaaaaaaaa thisisawordwiththirtyninecharactsaaaaaa thisisawordwiththirtyninecharactsaaaaaa	1
thisisawordwithfortycharactersaaaaaaaaaa thisisawordwithfortycharactersaaaaaaaaaa thisisawordwiththirtyninecharactsaaaaaa thisisawordwiththirtyninecharactsaaaaaa thisisawordwiththirtyninecharactsaaaaaa thisisawordwithfortycharactersaaaaaaaaaa thisisawordwithfortycharactersaaaaaaaaaa thisisawordwiththirtyninecharactsaaaaaa thisisawordwiththirtyninecharactsaaaaaa thisisawordwiththirtyninecharactsaaaaaa	1
thisisawordwithfortycharactersaaaaaaaaaa thisisawordwithfortycharactersaaaaaaaaaa thisisawordwiththirtyninecharactsaaaaaa thisisawordwiththirtyninecharactsaaaaaa thisisawordwiththirtyninecharactsaaaaaa thisissimplyalongword thisisawordwithfortycharactersaaaaaaaaaa thisisawordwithfortycharactersaaaaaaaaaa thisisawordwithfortycharactersaaaaaaaaaa thisisawordwithfortycharactersaaaaaaaaaa	1
thisisawordwithfortycharactersaaaaaaaaaa thisisawordwiththirtyninecharactsaaaaaa thisisawordwiththirtyninecharactsaaaaaa thisisawordwiththirtyninecharactsaaaaaa thisisawordwiththirtyninecharactsaaaaaa thisisawordwithfortycharactersaaaaaaaaaa thisisawordwithfortycharactersaaaaaaaaaa thisisawordwiththirtyninecharactsaaaaaa thisisawordwiththirtyninecharactsaaaaaa thisisawordwiththirtyninecharactsaaaaaa	1
thisissimplyalongword thisisawordwithfortycharactersaaaaaaaaaa thisisawordwithfortycharactersaaaaaaaaaa thisisawordwithfortycharactersaaaaaaaaaa thisisawordwiththirtyninecharactsaaaaaa thisissimplyalongword thisissimplyalongword thisisawordwithfortycharactersaaaaaaaaaa thisisawordwithfortycharactersaaaaaaaaaa thisisawordwithfortycharactersaaaaaaaaaa	1
thisissimplyalongword thisissimplyalongword thisisawordwithfortycharactersaaaaaaaaaa thisisawordwithfortycharactersaaaaaaaaaa thisisawordwithfortycharactersaaaaaaaaaa finland thisissimplyalongword thisissimplyalongword thisissimplyalongword thisissimplyalongword	1
thisissimplyalongword thisissimplyalongword thisisawordwithfortycharactersaaaaaaaaaa thisisawordwithfortycharactersaaaaaaaaaa thisisawordwithfortycharactersaaaaaaaaaa thisissimplyalongword thisissimplyalongword thisisawordwithfortycharactersaaaaaaaaaa thisisawordwithfortycharactersaaaaaaaaaa thisisawordwithfortycharactersaaaaaaaaaa	1
thisissimplyalongword thisissimplyalongword thisisawordwithfortycharactersaaaaaaaaaa thisisawordwithfortycharactersaaaaaaaaaa thisisawordwithfortycharactersaaaaaaaaaa thisissimplyalongword thisissimplyalongword thisissimplyalongword thisisawordwithfortycharactersaaaaaaaaaa thisisawordwithfortycharactersaaaaaaaaaa	1
thisissimplyalongword thisissimplyalongword thisisawordwithfortycharactersaaaaaaaaaa thisisawordwithfortycharactersaaaaaaaaaa thisisawordwithfortycharactersaaaaaaaaaa thisissimplyalongword thisissimplyalongword thisissimplyalongword thisissimplyalongword thisisawordwithfortycharactersaaaaaaaaaa	1
thisissimplyalongword thisissimplyalongword thisissimplyalongword thisisawordwithfortycharactersaaaaaaaaaa thisisawordwithfortycharactersaaaaaaaaaa finland finland thisissimplyalongword thisissimplyalongword thisissimplyalongword	1
will deal is an example n-gram counter with it this	6
with it example of a will deal this is an	6
